Using the AAL (116 regions) Atlas and Jochems extraction. ONLY FEMALE DATA ONLY CORRELATION, train-test split of 20%. MEDIAN IMPUTATION
=========================================
Classification report:
               precision    recall  f1-score   support

           0       0.64      0.78      0.70        18
           1       0.33      0.20      0.25        10

    accuracy                           0.57        28
   macro avg       0.48      0.49      0.47        28
weighted avg       0.53      0.57      0.54        28


=== Metrics for LogisticRegression ===

Per-Class Metrics:
  Control:
    Precision: 0.636
    Recall:    0.778
    F1 Score:  0.700
    Support:   18
  Autism:
    Precision: 0.333
    Recall:    0.200
    F1 Score:  0.250
    Support:   10

Overall Metrics:
  Specificity:          0.778
  Sensitivity:          0.200
  AUROC:                0.800
  Accuracy:             0.571
  Balanced Accuracy:    0.489
=====================================
Classification report:
               precision    recall  f1-score   support

           0       0.70      0.78      0.74        18
           1       0.50      0.40      0.44        10

    accuracy                           0.64        28
   macro avg       0.60      0.59      0.59        28
weighted avg       0.63      0.64      0.63        28


=== Metrics for SVC ===

Per-Class Metrics:
  Control:
    Precision: 0.700
    Recall:    0.778
    F1 Score:  0.737
    Support:   18
  Autism:
    Precision: 0.500
    Recall:    0.400
    F1 Score:  0.444
    Support:   10

Overall Metrics:
  Specificity:          0.778
  Sensitivity:          0.400
  AUROC:                0.794
  Accuracy:             0.643
  Balanced Accuracy:    0.589
=====================================
Classification report:
               precision    recall  f1-score   support

           0       0.68      0.94      0.79        18
           1       0.67      0.20      0.31        10

    accuracy                           0.68        28
   macro avg       0.67      0.57      0.55        28
weighted avg       0.68      0.68      0.62        28


=== Metrics for RandomForestClassifier ===

Per-Class Metrics:
  Control:
    Precision: 0.680
    Recall:    0.944
    F1 Score:  0.791
    Support:   18
  Autism:
    Precision: 0.667
    Recall:    0.200
    F1 Score:  0.308
    Support:   10

Overall Metrics:
  Specificity:          0.944
  Sensitivity:          0.200
  AUROC:                0.578
  Accuracy:             0.679
  Balanced Accuracy:    0.572
=====================================
Starting RandomizedSearchCV fitting...
Fitting 5 folds for each of 50 candidates, totalling 250 fits
RandomizedSearchCV fitting completed.
Best Parameters Found: {'criterion': 'gini', 'max_depth': np.int64(13), 'min_samples_leaf': 9, 'min_samples_split': 2}
Accuracy:  0.4286
Recall:    0.2000
Precision: 0.2000
F1 Score:  0.2000
Classification report:
               precision    recall  f1-score   support

           0       0.63      0.67      0.65        18
           1       0.33      0.30      0.32        10

    accuracy                           0.54        28
   macro avg       0.48      0.48      0.48        28
weighted avg       0.53      0.54      0.53        28


=== Metrics for DecisionTreeClassifier ===

Per-Class Metrics:
  Control:
    Precision: 0.632
    Recall:    0.667
    F1 Score:  0.649
    Support:   18
  Autism:
    Precision: 0.333
    Recall:    0.300
    F1 Score:  0.316
    Support:   10

Overall Metrics:
  Specificity:          0.667
  Sensitivity:          0.300
  AUROC:                0.528
  Accuracy:             0.536
  Balanced Accuracy:    0.483
=====================================
Classification report:
               precision    recall  f1-score   support

           0       0.76      0.72      0.74        18
           1       0.55      0.60      0.57        10

    accuracy                           0.68        28
   macro avg       0.66      0.66      0.66        28
weighted avg       0.69      0.68      0.68        28


=== Metrics for MLPClassifier ===

Per-Class Metrics:
  Control:
    Precision: 0.765
    Recall:    0.722
    F1 Score:  0.743
    Support:   18
  Autism:
    Precision: 0.545
    Recall:    0.600
    F1 Score:  0.571
    Support:   10

Overall Metrics:
  Specificity:          0.722
  Sensitivity:          0.600
  AUROC:                0.817
  Accuracy:             0.679
  Balanced Accuracy:    0.661
=====================================
