Using the AAL (116 regions) Atlas and Jochems extraction. ONLY FEMALE DATA ONLY CORRELATION, train-test split of 20%. MEAN IMPUTATION
=========================================
Classification report:
               precision    recall  f1-score   support

           0       0.64      0.78      0.70        18
           1       0.33      0.20      0.25        10

    accuracy                           0.57        28
   macro avg       0.48      0.49      0.47        28
weighted avg       0.53      0.57      0.54        28


=== Metrics for LogisticRegression ===

Per-Class Metrics:
  Control:
    Precision: 0.636
    Recall:    0.778
    F1 Score:  0.700
    Support:   18
  Autism:
    Precision: 0.333
    Recall:    0.200
    F1 Score:  0.250
    Support:   10

Overall Metrics:
  Specificity:          0.778
  Sensitivity:          0.200
  AUROC:                0.800
  Accuracy:             0.571
  Balanced Accuracy:    0.489
=====================================
Classification report:
               precision    recall  f1-score   support

           0       0.67      0.78      0.72        18
           1       0.43      0.30      0.35        10

    accuracy                           0.61        28
   macro avg       0.55      0.54      0.54        28
weighted avg       0.58      0.61      0.59        28


=== Metrics for SVC ===

Per-Class Metrics:
  Control:
    Precision: 0.667
    Recall:    0.778
    F1 Score:  0.718
    Support:   18
  Autism:
    Precision: 0.429
    Recall:    0.300
    F1 Score:  0.353
    Support:   10

Overall Metrics:
  Specificity:          0.778
  Sensitivity:          0.300
  AUROC:                0.800
  Accuracy:             0.607
  Balanced Accuracy:    0.539
=====================================
Classification report:
               precision    recall  f1-score   support

           0       0.65      0.83      0.73        18
           1       0.40      0.20      0.27        10

    accuracy                           0.61        28
   macro avg       0.53      0.52      0.50        28
weighted avg       0.56      0.61      0.57        28


=== Metrics for RandomForestClassifier ===

Per-Class Metrics:
  Control:
    Precision: 0.652
    Recall:    0.833
    F1 Score:  0.732
    Support:   18
  Autism:
    Precision: 0.400
    Recall:    0.200
    F1 Score:  0.267
    Support:   10

Overall Metrics:
  Specificity:          0.833
  Sensitivity:          0.200
  AUROC:                0.594
  Accuracy:             0.607
  Balanced Accuracy:    0.517
=====================================
Starting RandomizedSearchCV fitting...
Fitting 5 folds for each of 50 candidates, totalling 250 fits
RandomizedSearchCV fitting completed.
Best Parameters Found: {'criterion': 'gini', 'max_depth': np.int64(13), 'min_samples_leaf': 9, 'min_samples_split': 2}
Accuracy:  0.5357
Recall:    0.2000
Precision: 0.2857
F1 Score:  0.2353
Classification report:
               precision    recall  f1-score   support

           0       0.63      0.67      0.65        18
           1       0.33      0.30      0.32        10

    accuracy                           0.54        28
   macro avg       0.48      0.48      0.48        28
weighted avg       0.53      0.54      0.53        28


=== Metrics for DecisionTreeClassifier ===

Per-Class Metrics:
  Control:
    Precision: 0.632
    Recall:    0.667
    F1 Score:  0.649
    Support:   18
  Autism:
    Precision: 0.333
    Recall:    0.300
    F1 Score:  0.316
    Support:   10

Overall Metrics:
  Specificity:          0.667
  Sensitivity:          0.300
  AUROC:                0.511
  Accuracy:             0.536
  Balanced Accuracy:    0.483
=====================================
Classification report:
               precision    recall  f1-score   support

           0       0.83      0.83      0.83        18
           1       0.70      0.70      0.70        10

    accuracy                           0.79        28
   macro avg       0.77      0.77      0.77        28
weighted avg       0.79      0.79      0.79        28


=== Metrics for MLPClassifier ===

Per-Class Metrics:
  Control:
    Precision: 0.833
    Recall:    0.833
    F1 Score:  0.833
    Support:   18
  Autism:
    Precision: 0.700
    Recall:    0.700
    F1 Score:  0.700
    Support:   10

Overall Metrics:
  Specificity:          0.833
  Sensitivity:          0.700
  AUROC:                0.850
  Accuracy:             0.786
  Balanced Accuracy:    0.767
=====================================
