Running Stratified 5Fold Cross-Validation...

=== Fold 1 | DUMMY_BESTDF Data ===

=== Fold 1 | Dummy
Classification report:
               precision    recall  f1-score   support

           0       0.57      0.53      0.55        94
           1       0.50      0.54      0.52        81

    accuracy                           0.54       175
   macro avg       0.54      0.54      0.54       175
weighted avg       0.54      0.54      0.54       175


=== Metrics for DummyClassifier ===

Per-Class Metrics:
  Control:
    Precision: 0.575
    Recall:    0.532
    F1 Score:  0.552
    Support:   94
  Autism:
    Precision: 0.500
    Recall:    0.543
    F1 Score:  0.521
    Support:   81

Overall Metrics:
  Specificity:          0.532
  Sensitivity:          0.543
  AUROC:                0.559
  Accuracy:             0.537
  Balanced Accuracy:    0.538
=====================================

=== Metrics by Site ===

 Site: PITT
Classification report:
               precision    recall  f1-score   support

           0       0.50      0.67      0.57         6
           1       0.60      0.43      0.50         7

    accuracy                           0.54        13
   macro avg       0.55      0.55      0.54        13
weighted avg       0.55      0.54      0.53        13


=== Metrics for Site=PITT ===

Per-Class Metrics:
  Control:
    Precision: 0.500
    Recall:    0.667
    F1 Score:  0.571
    Support:   6
  Autism:
    Precision: 0.600
    Recall:    0.429
    F1 Score:  0.500
    Support:   7

Overall Metrics:
  Specificity:          0.667
  Sensitivity:          0.429
  AUROC:                0.381
  Accuracy:             0.538
  Balanced Accuracy:    0.548
=====================================

 Site: OLIN
Classification report:
               precision    recall  f1-score   support

           0       0.50      0.60      0.55         5
           1       0.00      0.00      0.00         3

    accuracy                           0.38         8
   macro avg       0.25      0.30      0.27         8
weighted avg       0.31      0.38      0.34         8


=== Metrics for Site=OLIN ===

Per-Class Metrics:
  Control:
    Precision: 0.500
    Recall:    0.600
    F1 Score:  0.545
    Support:   5
  Autism:
    Precision: 0.000
    Recall:    0.000
    F1 Score:  0.000
    Support:   3

Overall Metrics:
  Specificity:          0.600
  Sensitivity:          0.000
  AUROC:                0.633
  Accuracy:             0.375
  Balanced Accuracy:    0.300
=====================================

 Site: OHSU
Classification report:
               precision    recall  f1-score   support

           0       0.67      0.50      0.57         4
           1       0.00      0.00      0.00         1

    accuracy                           0.40         5
   macro avg       0.33      0.25      0.29         5
weighted avg       0.53      0.40      0.46         5


=== Metrics for Site=OHSU ===

Per-Class Metrics:
  Control:
    Precision: 0.667
    Recall:    0.500
    F1 Score:  0.571
    Support:   4
  Autism:
    Precision: 0.000
    Recall:    0.000
    F1 Score:  0.000
    Support:   1

Overall Metrics:
  Specificity:          0.500
  Sensitivity:          0.000
  AUROC:                0.500
  Accuracy:             0.400
  Balanced Accuracy:    0.250
=====================================
Skipping Site = SDSU --> only one class present.

 Site: TRINITY
Classification report:
               precision    recall  f1-score   support

           0       0.50      0.33      0.40         3
           1       0.75      0.86      0.80         7

    accuracy                           0.70        10
   macro avg       0.62      0.60      0.60        10
weighted avg       0.68      0.70      0.68        10


=== Metrics for Site=TRINITY ===

Per-Class Metrics:
  Control:
    Precision: 0.500
    Recall:    0.333
    F1 Score:  0.400
    Support:   3
  Autism:
    Precision: 0.750
    Recall:    0.857
    F1 Score:  0.800
    Support:   7

Overall Metrics:
  Specificity:          0.333
  Sensitivity:          0.857
  AUROC:                0.524
  Accuracy:             0.700
  Balanced Accuracy:    0.595
=====================================

 Site: UM_1
Classification report:
               precision    recall  f1-score   support

           0       0.70      0.64      0.67        11
           1       0.56      0.62      0.59         8

    accuracy                           0.63        19
   macro avg       0.63      0.63      0.63        19
weighted avg       0.64      0.63      0.63        19


=== Metrics for Site=UM_1 ===

Per-Class Metrics:
  Control:
    Precision: 0.700
    Recall:    0.636
    F1 Score:  0.667
    Support:   11
  Autism:
    Precision: 0.556
    Recall:    0.625
    F1 Score:  0.588
    Support:   8

Overall Metrics:
  Specificity:          0.636
  Sensitivity:          0.625
  AUROC:                0.739
  Accuracy:             0.632
  Balanced Accuracy:    0.631
=====================================

 Site: UM_2
Classification report:
               precision    recall  f1-score   support

           0       0.50      0.29      0.36         7
           1       0.00      0.00      0.00         2

    accuracy                           0.22         9
   macro avg       0.25      0.14      0.18         9
weighted avg       0.39      0.22      0.28         9


=== Metrics for Site=UM_2 ===

Per-Class Metrics:
  Control:
    Precision: 0.500
    Recall:    0.286
    F1 Score:  0.364
    Support:   7
  Autism:
    Precision: 0.000
    Recall:    0.000
    F1 Score:  0.000
    Support:   2

Overall Metrics:
  Specificity:          0.286
  Sensitivity:          0.000
  AUROC:                0.321
  Accuracy:             0.222
  Balanced Accuracy:    0.143
=====================================

 Site: USM
Classification report:
               precision    recall  f1-score   support

           0       0.50      0.67      0.57         6
           1       0.50      0.33      0.40         6

    accuracy                           0.50        12
   macro avg       0.50      0.50      0.49        12
weighted avg       0.50      0.50      0.49        12


=== Metrics for Site=USM ===

Per-Class Metrics:
  Control:
    Precision: 0.500
    Recall:    0.667
    F1 Score:  0.571
    Support:   6
  Autism:
    Precision: 0.500
    Recall:    0.333
    F1 Score:  0.400
    Support:   6

Overall Metrics:
  Specificity:          0.667
  Sensitivity:          0.333
  AUROC:                0.750
  Accuracy:             0.500
  Balanced Accuracy:    0.500
=====================================

 Site: YALE
Classification report:
               precision    recall  f1-score   support

           0       0.50      0.25      0.33         4
           1       0.57      0.80      0.67         5

    accuracy                           0.56         9
   macro avg       0.54      0.53      0.50         9
weighted avg       0.54      0.56      0.52         9


=== Metrics for Site=YALE ===

Per-Class Metrics:
  Control:
    Precision: 0.500
    Recall:    0.250
    F1 Score:  0.333
    Support:   4
  Autism:
    Precision: 0.571
    Recall:    0.800
    F1 Score:  0.667
    Support:   5

Overall Metrics:
  Specificity:          0.250
  Sensitivity:          0.800
  AUROC:                0.575
  Accuracy:             0.556
  Balanced Accuracy:    0.525
=====================================

 Site: LEUVEN_1
Classification report:
               precision    recall  f1-score   support

           0       0.67      0.40      0.50         5
           1       0.00      0.00      0.00         1

    accuracy                           0.33         6
   macro avg       0.33      0.20      0.25         6
weighted avg       0.56      0.33      0.42         6


=== Metrics for Site=LEUVEN_1 ===

Per-Class Metrics:
  Control:
    Precision: 0.667
    Recall:    0.400
    F1 Score:  0.500
    Support:   5
  Autism:
    Precision: 0.000
    Recall:    0.000
    F1 Score:  0.000
    Support:   1

Overall Metrics:
  Specificity:          0.400
  Sensitivity:          0.000
  AUROC:                0.700
  Accuracy:             0.333
  Balanced Accuracy:    0.200
=====================================

 Site: LEUVEN_2
Classification report:
               precision    recall  f1-score   support

           0       1.00      1.00      1.00         1
           1       1.00      1.00      1.00         1

    accuracy                           1.00         2
   macro avg       1.00      1.00      1.00         2
weighted avg       1.00      1.00      1.00         2


=== Metrics for Site=LEUVEN_2 ===

Per-Class Metrics:
  Control:
    Precision: 1.000
    Recall:    1.000
    F1 Score:  1.000
    Support:   1
  Autism:
    Precision: 1.000
    Recall:    1.000
    F1 Score:  1.000
    Support:   1

Overall Metrics:
  Specificity:          1.000
  Sensitivity:          1.000
  AUROC:                0.000
  Accuracy:             1.000
  Balanced Accuracy:    1.000
=====================================

 Site: KKI
Classification report:
               precision    recall  f1-score   support

           0       0.67      1.00      0.80         2
           1       0.00      0.00      0.00         1

    accuracy                           0.67         3
   macro avg       0.33      0.50      0.40         3
weighted avg       0.44      0.67      0.53         3


=== Metrics for Site=KKI ===

Per-Class Metrics:
  Control:
    Precision: 0.667
    Recall:    1.000
    F1 Score:  0.800
    Support:   2
  Autism:
    Precision: 0.000
    Recall:    0.000
    F1 Score:  0.000
    Support:   1

Overall Metrics:
  Specificity:          1.000
  Sensitivity:          0.000
  AUROC:                0.500
  Accuracy:             0.667
  Balanced Accuracy:    0.500
=====================================

 Site: NYU
Classification report:
               precision    recall  f1-score   support

           0       0.65      0.48      0.55        23
           1       0.45      0.62      0.53        16

    accuracy                           0.54        39
   macro avg       0.55      0.55      0.54        39
weighted avg       0.57      0.54      0.54        39


=== Metrics for Site=NYU ===

Per-Class Metrics:
  Control:
    Precision: 0.647
    Recall:    0.478
    F1 Score:  0.550
    Support:   23
  Autism:
    Precision: 0.455
    Recall:    0.625
    F1 Score:  0.526
    Support:   16

Overall Metrics:
  Specificity:          0.478
  Sensitivity:          0.625
  AUROC:                0.470
  Accuracy:             0.538
  Balanced Accuracy:    0.552
=====================================

 Site: STANFORD
Classification report:
               precision    recall  f1-score   support

           0       0.33      0.50      0.40         2
           1       0.67      0.50      0.57         4

    accuracy                           0.50         6
   macro avg       0.50      0.50      0.49         6
weighted avg       0.56      0.50      0.51         6


=== Metrics for Site=STANFORD ===

Per-Class Metrics:
  Control:
    Precision: 0.333
    Recall:    0.500
    F1 Score:  0.400
    Support:   2
  Autism:
    Precision: 0.667
    Recall:    0.500
    F1 Score:  0.571
    Support:   4

Overall Metrics:
  Specificity:          0.500
  Sensitivity:          0.500
  AUROC:                0.375
  Accuracy:             0.500
  Balanced Accuracy:    0.500
=====================================

 Site: UCLA_1
Classification report:
               precision    recall  f1-score   support

           0       0.50      0.60      0.55         5
           1       0.71      0.62      0.67         8

    accuracy                           0.62        13
   macro avg       0.61      0.61      0.61        13
weighted avg       0.63      0.62      0.62        13


=== Metrics for Site=UCLA_1 ===

Per-Class Metrics:
  Control:
    Precision: 0.500
    Recall:    0.600
    F1 Score:  0.545
    Support:   5
  Autism:
    Precision: 0.714
    Recall:    0.625
    F1 Score:  0.667
    Support:   8

Overall Metrics:
  Specificity:          0.600
  Sensitivity:          0.625
  AUROC:                0.637
  Accuracy:             0.615
  Balanced Accuracy:    0.613
=====================================

 Site: UCLA_2
Classification report:
               precision    recall  f1-score   support

           0       0.67      1.00      0.80         2
           1       1.00      0.50      0.67         2

    accuracy                           0.75         4
   macro avg       0.83      0.75      0.73         4
weighted avg       0.83      0.75      0.73         4


=== Metrics for Site=UCLA_2 ===

Per-Class Metrics:
  Control:
    Precision: 0.667
    Recall:    1.000
    F1 Score:  0.800
    Support:   2
  Autism:
    Precision: 1.000
    Recall:    0.500
    F1 Score:  0.667
    Support:   2

Overall Metrics:
  Specificity:          1.000
  Sensitivity:          0.500
  AUROC:                0.750
  Accuracy:             0.750
  Balanced Accuracy:    0.750
=====================================

 Site: MAX_MUN
Classification report:
               precision    recall  f1-score   support

           0       0.60      0.50      0.55         6
           1       0.25      0.33      0.29         3

    accuracy                           0.44         9
   macro avg       0.42      0.42      0.42         9
weighted avg       0.48      0.44      0.46         9


=== Metrics for Site=MAX_MUN ===

Per-Class Metrics:
  Control:
    Precision: 0.600
    Recall:    0.500
    F1 Score:  0.545
    Support:   6
  Autism:
    Precision: 0.250
    Recall:    0.333
    F1 Score:  0.286
    Support:   3

Overall Metrics:
  Specificity:          0.500
  Sensitivity:          0.333
  AUROC:                0.833
  Accuracy:             0.444
  Balanced Accuracy:    0.417
=====================================
Skipping Site = CALTECH --> only one class present.
Skipping Site = SBL --> only one class present.

=== Metrics by Sex ===

 Sex: 1
Classification report:
               precision    recall  f1-score   support

           0       0.57      0.56      0.56        79
           1       0.51      0.52      0.51        69

    accuracy                           0.54       148
   macro avg       0.54      0.54      0.54       148
weighted avg       0.54      0.54      0.54       148


=== Metrics for Sex=1 ===

Per-Class Metrics:
  Control:
    Precision: 0.571
    Recall:    0.557
    F1 Score:  0.564
    Support:   79
  Autism:
    Precision: 0.507
    Recall:    0.522
    F1 Score:  0.514
    Support:   69

Overall Metrics:
  Specificity:          0.557
  Sensitivity:          0.522
  AUROC:                0.581
  Accuracy:             0.541
  Balanced Accuracy:    0.539
=====================================

 Sex: 2
Classification report:
               precision    recall  f1-score   support

           0       0.60      0.40      0.48        15
           1       0.47      0.67      0.55        12

    accuracy                           0.52        27
   macro avg       0.54      0.53      0.52        27
weighted avg       0.54      0.52      0.51        27


=== Metrics for Sex=2 ===

Per-Class Metrics:
  Control:
    Precision: 0.600
    Recall:    0.400
    F1 Score:  0.480
    Support:   15
  Autism:
    Precision: 0.471
    Recall:    0.667
    F1 Score:  0.552
    Support:   12

Overall Metrics:
  Specificity:          0.400
  Sensitivity:          0.667
  AUROC:                0.433
  Accuracy:             0.519
  Balanced Accuracy:    0.533
=====================================

=== Fold 2 | DUMMY_BESTDF Data ===

=== Fold 2 | Dummy
Classification report:
               precision    recall  f1-score   support

           0       0.55      0.56      0.56        93
           1       0.49      0.48      0.48        81

    accuracy                           0.52       174
   macro avg       0.52      0.52      0.52       174
weighted avg       0.52      0.52      0.52       174


=== Metrics for DummyClassifier ===

Per-Class Metrics:
  Control:
    Precision: 0.553
    Recall:    0.559
    F1 Score:  0.556
    Support:   93
  Autism:
    Precision: 0.487
    Recall:    0.481
    F1 Score:  0.484
    Support:   81

Overall Metrics:
  Specificity:          0.559
  Sensitivity:          0.481
  AUROC:                0.509
  Accuracy:             0.523
  Balanced Accuracy:    0.520
=====================================

=== Metrics by Site ===

 Site: PITT
Classification report:
               precision    recall  f1-score   support

           0       0.33      0.50      0.40         2
           1       0.00      0.00      0.00         2

    accuracy                           0.25         4
   macro avg       0.17      0.25      0.20         4
weighted avg       0.17      0.25      0.20         4


=== Metrics for Site=PITT ===

Per-Class Metrics:
  Control:
    Precision: 0.333
    Recall:    0.500
    F1 Score:  0.400
    Support:   2
  Autism:
    Precision: 0.000
    Recall:    0.000
    F1 Score:  0.000
    Support:   2

Overall Metrics:
  Specificity:          0.500
  Sensitivity:          0.000
  AUROC:                0.250
  Accuracy:             0.250
  Balanced Accuracy:    0.250
=====================================

 Site: OLIN
Classification report:
               precision    recall  f1-score   support

           0       0.33      1.00      0.50         2
           1       0.00      0.00      0.00         4

    accuracy                           0.33         6
   macro avg       0.17      0.50      0.25         6
weighted avg       0.11      0.33      0.17         6


=== Metrics for Site=OLIN ===

Per-Class Metrics:
  Control:
    Precision: 0.333
    Recall:    1.000
    F1 Score:  0.500
    Support:   2
  Autism:
    Precision: 0.000
    Recall:    0.000
    F1 Score:  0.000
    Support:   4

Overall Metrics:
  Specificity:          1.000
  Sensitivity:          0.000
  AUROC:                0.625
  Accuracy:             0.333
  Balanced Accuracy:    0.500
=====================================

 Site: OHSU
Classification report:
               precision    recall  f1-score   support

           0       0.75      0.60      0.67         5
           1       0.67      0.80      0.73         5

    accuracy                           0.70        10
   macro avg       0.71      0.70      0.70        10
weighted avg       0.71      0.70      0.70        10


=== Metrics for Site=OHSU ===

Per-Class Metrics:
  Control:
    Precision: 0.750
    Recall:    0.600
    F1 Score:  0.667
    Support:   5
  Autism:
    Precision: 0.667
    Recall:    0.800
    F1 Score:  0.727
    Support:   5

Overall Metrics:
  Specificity:          0.600
  Sensitivity:          0.800
  AUROC:                0.400
  Accuracy:             0.700
  Balanced Accuracy:    0.700
=====================================

 Site: SDSU
Classification report:
               precision    recall  f1-score   support

           0       0.83      0.83      0.83         6
           1       0.50      0.50      0.50         2

    accuracy                           0.75         8
   macro avg       0.67      0.67      0.67         8
weighted avg       0.75      0.75      0.75         8


=== Metrics for Site=SDSU ===

Per-Class Metrics:
  Control:
    Precision: 0.833
    Recall:    0.833
    F1 Score:  0.833
    Support:   6
  Autism:
    Precision: 0.500
    Recall:    0.500
    F1 Score:  0.500
    Support:   2

Overall Metrics:
  Specificity:          0.833
  Sensitivity:          0.500
  AUROC:                0.333
  Accuracy:             0.750
  Balanced Accuracy:    0.667
=====================================

 Site: TRINITY
Classification report:
               precision    recall  f1-score   support

           0       0.00      0.00      0.00         6
           1       0.25      0.67      0.36         3

    accuracy                           0.22         9
   macro avg       0.12      0.33      0.18         9
weighted avg       0.08      0.22      0.12         9


=== Metrics for Site=TRINITY ===

Per-Class Metrics:
  Control:
    Precision: 0.000
    Recall:    0.000
    F1 Score:  0.000
    Support:   6
  Autism:
    Precision: 0.250
    Recall:    0.667
    F1 Score:  0.364
    Support:   3

Overall Metrics:
  Specificity:          0.000
  Sensitivity:          0.667
  AUROC:                0.750
  Accuracy:             0.222
  Balanced Accuracy:    0.333
=====================================

 Site: UM_1
Classification report:
               precision    recall  f1-score   support

           0       0.50      0.67      0.57         9
           1       0.25      0.14      0.18         7

    accuracy                           0.44        16
   macro avg       0.38      0.40      0.38        16
weighted avg       0.39      0.44      0.40        16


=== Metrics for Site=UM_1 ===

Per-Class Metrics:
  Control:
    Precision: 0.500
    Recall:    0.667
    F1 Score:  0.571
    Support:   9
  Autism:
    Precision: 0.250
    Recall:    0.143
    F1 Score:  0.182
    Support:   7

Overall Metrics:
  Specificity:          0.667
  Sensitivity:          0.143
  AUROC:                0.452
  Accuracy:             0.438
  Balanced Accuracy:    0.405
=====================================

 Site: UM_2
Classification report:
               precision    recall  f1-score   support

           0       1.00      1.00      1.00         2
           1       1.00      1.00      1.00         1

    accuracy                           1.00         3
   macro avg       1.00      1.00      1.00         3
weighted avg       1.00      1.00      1.00         3


=== Metrics for Site=UM_2 ===

Per-Class Metrics:
  Control:
    Precision: 1.000
    Recall:    1.000
    F1 Score:  1.000
    Support:   2
  Autism:
    Precision: 1.000
    Recall:    1.000
    F1 Score:  1.000
    Support:   1

Overall Metrics:
  Specificity:          1.000
  Sensitivity:          1.000
  AUROC:                0.250
  Accuracy:             1.000
  Balanced Accuracy:    1.000
=====================================

 Site: USM
Classification report:
               precision    recall  f1-score   support

           0       0.14      0.50      0.22         2
           1       0.83      0.45      0.59        11

    accuracy                           0.46        13
   macro avg       0.49      0.48      0.41        13
weighted avg       0.73      0.46      0.53        13


=== Metrics for Site=USM ===

Per-Class Metrics:
  Control:
    Precision: 0.143
    Recall:    0.500
    F1 Score:  0.222
    Support:   2
  Autism:
    Precision: 0.833
    Recall:    0.455
    F1 Score:  0.588
    Support:   11

Overall Metrics:
  Specificity:          0.500
  Sensitivity:          0.455
  AUROC:                0.318
  Accuracy:             0.462
  Balanced Accuracy:    0.477
=====================================

 Site: YALE
Classification report:
               precision    recall  f1-score   support

           0       0.25      0.33      0.29         3
           1       0.71      0.62      0.67         8

    accuracy                           0.55        11
   macro avg       0.48      0.48      0.48        11
weighted avg       0.59      0.55      0.56        11


=== Metrics for Site=YALE ===

Per-Class Metrics:
  Control:
    Precision: 0.250
    Recall:    0.333
    F1 Score:  0.286
    Support:   3
  Autism:
    Precision: 0.714
    Recall:    0.625
    F1 Score:  0.667
    Support:   8

Overall Metrics:
  Specificity:          0.333
  Sensitivity:          0.625
  AUROC:                0.479
  Accuracy:             0.545
  Balanced Accuracy:    0.479
=====================================
Skipping Site = CMU --> only one class present.

 Site: LEUVEN_1
Classification report:
               precision    recall  f1-score   support

           0       1.00      0.50      0.67         2
           1       0.67      1.00      0.80         2

    accuracy                           0.75         4
   macro avg       0.83      0.75      0.73         4
weighted avg       0.83      0.75      0.73         4


=== Metrics for Site=LEUVEN_1 ===

Per-Class Metrics:
  Control:
    Precision: 1.000
    Recall:    0.500
    F1 Score:  0.667
    Support:   2
  Autism:
    Precision: 0.667
    Recall:    1.000
    F1 Score:  0.800
    Support:   2

Overall Metrics:
  Specificity:          0.500
  Sensitivity:          1.000
  AUROC:                0.250
  Accuracy:             0.750
  Balanced Accuracy:    0.750
=====================================

 Site: LEUVEN_2
Classification report:
               precision    recall  f1-score   support

           0       0.50      0.33      0.40         3
           1       0.33      0.50      0.40         2

    accuracy                           0.40         5
   macro avg       0.42      0.42      0.40         5
weighted avg       0.43      0.40      0.40         5


=== Metrics for Site=LEUVEN_2 ===

Per-Class Metrics:
  Control:
    Precision: 0.500
    Recall:    0.333
    F1 Score:  0.400
    Support:   3
  Autism:
    Precision: 0.333
    Recall:    0.500
    F1 Score:  0.400
    Support:   2

Overall Metrics:
  Specificity:          0.333
  Sensitivity:          0.500
  AUROC:                0.417
  Accuracy:             0.400
  Balanced Accuracy:    0.417
=====================================

 Site: KKI
Classification report:
               precision    recall  f1-score   support

           0       0.67      0.40      0.50         5
           1       0.40      0.67      0.50         3

    accuracy                           0.50         8
   macro avg       0.53      0.53      0.50         8
weighted avg       0.57      0.50      0.50         8


=== Metrics for Site=KKI ===

Per-Class Metrics:
  Control:
    Precision: 0.667
    Recall:    0.400
    F1 Score:  0.500
    Support:   5
  Autism:
    Precision: 0.400
    Recall:    0.667
    F1 Score:  0.500
    Support:   3

Overall Metrics:
  Specificity:          0.400
  Sensitivity:          0.667
  AUROC:                0.733
  Accuracy:             0.500
  Balanced Accuracy:    0.533
=====================================

 Site: NYU
Classification report:
               precision    recall  f1-score   support

           0       0.59      0.48      0.53        21
           1       0.31      0.42      0.36        12

    accuracy                           0.45        33
   macro avg       0.45      0.45      0.44        33
weighted avg       0.49      0.45      0.46        33


=== Metrics for Site=NYU ===

Per-Class Metrics:
  Control:
    Precision: 0.588
    Recall:    0.476
    F1 Score:  0.526
    Support:   21
  Autism:
    Precision: 0.312
    Recall:    0.417
    F1 Score:  0.357
    Support:   12

Overall Metrics:
  Specificity:          0.476
  Sensitivity:          0.417
  AUROC:                0.494
  Accuracy:             0.455
  Balanced Accuracy:    0.446
=====================================

 Site: STANFORD
Classification report:
               precision    recall  f1-score   support

           0       0.67      0.86      0.75         7
           1       0.00      0.00      0.00         3

    accuracy                           0.60        10
   macro avg       0.33      0.43      0.38        10
weighted avg       0.47      0.60      0.53        10


=== Metrics for Site=STANFORD ===

Per-Class Metrics:
  Control:
    Precision: 0.667
    Recall:    0.857
    F1 Score:  0.750
    Support:   7
  Autism:
    Precision: 0.000
    Recall:    0.000
    F1 Score:  0.000
    Support:   3

Overall Metrics:
  Specificity:          0.857
  Sensitivity:          0.000
  AUROC:                0.690
  Accuracy:             0.600
  Balanced Accuracy:    0.429
=====================================

 Site: UCLA_1
Classification report:
               precision    recall  f1-score   support

           0       0.67      1.00      0.80         2
           1       1.00      0.75      0.86         4

    accuracy                           0.83         6
   macro avg       0.83      0.88      0.83         6
weighted avg       0.89      0.83      0.84         6


=== Metrics for Site=UCLA_1 ===

Per-Class Metrics:
  Control:
    Precision: 0.667
    Recall:    1.000
    F1 Score:  0.800
    Support:   2
  Autism:
    Precision: 1.000
    Recall:    0.750
    F1 Score:  0.857
    Support:   4

Overall Metrics:
  Specificity:          1.000
  Sensitivity:          0.750
  AUROC:                0.500
  Accuracy:             0.833
  Balanced Accuracy:    0.875
=====================================

 Site: UCLA_2
Classification report:
               precision    recall  f1-score   support

           0       0.00      0.00      0.00         1
           1       0.50      1.00      0.67         1

    accuracy                           0.50         2
   macro avg       0.25      0.50      0.33         2
weighted avg       0.25      0.50      0.33         2


=== Metrics for Site=UCLA_2 ===

Per-Class Metrics:
  Control:
    Precision: 0.000
    Recall:    0.000
    F1 Score:  0.000
    Support:   1
  Autism:
    Precision: 0.500
    Recall:    1.000
    F1 Score:  0.667
    Support:   1

Overall Metrics:
  Specificity:          0.000
  Sensitivity:          1.000
  AUROC:                0.500
  Accuracy:             0.500
  Balanced Accuracy:    0.500
=====================================

 Site: MAX_MUN
Classification report:
               precision    recall  f1-score   support

           0       1.00      0.17      0.29         6
           1       0.29      1.00      0.44         2

    accuracy                           0.38         8
   macro avg       0.64      0.58      0.37         8
weighted avg       0.82      0.38      0.33         8


=== Metrics for Site=MAX_MUN ===

Per-Class Metrics:
  Control:
    Precision: 1.000
    Recall:    0.167
    F1 Score:  0.286
    Support:   6
  Autism:
    Precision: 0.286
    Recall:    1.000
    F1 Score:  0.444
    Support:   2

Overall Metrics:
  Specificity:          0.167
  Sensitivity:          1.000
  AUROC:                0.417
  Accuracy:             0.375
  Balanced Accuracy:    0.583
=====================================

 Site: CALTECH
Classification report:
               precision    recall  f1-score   support

           0       1.00      1.00      1.00         2
           1       1.00      1.00      1.00         3

    accuracy                           1.00         5
   macro avg       1.00      1.00      1.00         5
weighted avg       1.00      1.00      1.00         5


=== Metrics for Site=CALTECH ===

Per-Class Metrics:
  Control:
    Precision: 1.000
    Recall:    1.000
    F1 Score:  1.000
    Support:   2
  Autism:
    Precision: 1.000
    Recall:    1.000
    F1 Score:  1.000
    Support:   3

Overall Metrics:
  Specificity:          1.000
  Sensitivity:          1.000
  AUROC:                0.833
  Accuracy:             1.000
  Balanced Accuracy:    1.000
=====================================

 Site: SBL
Classification report:
               precision    recall  f1-score   support

           0       0.67      0.86      0.75         7
           1       0.50      0.25      0.33         4

    accuracy                           0.64        11
   macro avg       0.58      0.55      0.54        11
weighted avg       0.61      0.64      0.60        11


=== Metrics for Site=SBL ===

Per-Class Metrics:
  Control:
    Precision: 0.667
    Recall:    0.857
    F1 Score:  0.750
    Support:   7
  Autism:
    Precision: 0.500
    Recall:    0.250
    F1 Score:  0.333
    Support:   4

Overall Metrics:
  Specificity:          0.857
  Sensitivity:          0.250
  AUROC:                0.286
  Accuracy:             0.636
  Balanced Accuracy:    0.554
=====================================

=== Metrics by Sex ===

 Sex: 1
Classification report:
               precision    recall  f1-score   support

           0       0.55      0.55      0.55        73
           1       0.51      0.51      0.51        68

    accuracy                           0.53       141
   macro avg       0.53      0.53      0.53       141
weighted avg       0.53      0.53      0.53       141


=== Metrics for Sex=1 ===

Per-Class Metrics:
  Control:
    Precision: 0.548
    Recall:    0.548
    F1 Score:  0.548
    Support:   73
  Autism:
    Precision: 0.515
    Recall:    0.515
    F1 Score:  0.515
    Support:   68

Overall Metrics:
  Specificity:          0.548
  Sensitivity:          0.515
  AUROC:                0.508
  Accuracy:             0.532
  Balanced Accuracy:    0.531
=====================================

 Sex: 2
Classification report:
               precision    recall  f1-score   support

           0       0.57      0.60      0.59        20
           1       0.33      0.31      0.32        13

    accuracy                           0.48        33
   macro avg       0.45      0.45      0.45        33
weighted avg       0.48      0.48      0.48        33


=== Metrics for Sex=2 ===

Per-Class Metrics:
  Control:
    Precision: 0.571
    Recall:    0.600
    F1 Score:  0.585
    Support:   20
  Autism:
    Precision: 0.333
    Recall:    0.308
    F1 Score:  0.320
    Support:   13

Overall Metrics:
  Specificity:          0.600
  Sensitivity:          0.308
  AUROC:                0.533
  Accuracy:             0.485
  Balanced Accuracy:    0.454
=====================================

=== Fold 3 | DUMMY_BESTDF Data ===

=== Fold 3 | Dummy
Classification report:
               precision    recall  f1-score   support

           0       0.60      0.54      0.57        93
           1       0.53      0.59      0.56        81

    accuracy                           0.56       174
   macro avg       0.56      0.57      0.56       174
weighted avg       0.57      0.56      0.56       174


=== Metrics for DummyClassifier ===

Per-Class Metrics:
  Control:
    Precision: 0.602
    Recall:    0.538
    F1 Score:  0.568
    Support:   93
  Autism:
    Precision: 0.527
    Recall:    0.593
    F1 Score:  0.558
    Support:   81

Overall Metrics:
  Specificity:          0.538
  Sensitivity:          0.593
  AUROC:                0.470
  Accuracy:             0.563
  Balanced Accuracy:    0.565
=====================================

=== Metrics by Site ===

 Site: PITT
Classification report:
               precision    recall  f1-score   support

           0       0.80      1.00      0.89         4
           1       1.00      0.75      0.86         4

    accuracy                           0.88         8
   macro avg       0.90      0.88      0.87         8
weighted avg       0.90      0.88      0.87         8


=== Metrics for Site=PITT ===

Per-Class Metrics:
  Control:
    Precision: 0.800
    Recall:    1.000
    F1 Score:  0.889
    Support:   4
  Autism:
    Precision: 1.000
    Recall:    0.750
    F1 Score:  0.857
    Support:   4

Overall Metrics:
  Specificity:          1.000
  Sensitivity:          0.750
  AUROC:                0.500
  Accuracy:             0.875
  Balanced Accuracy:    0.875
=====================================

 Site: OLIN
Classification report:
               precision    recall  f1-score   support

           0       1.00      1.00      1.00         2
           1       1.00      1.00      1.00         2

    accuracy                           1.00         4
   macro avg       1.00      1.00      1.00         4
weighted avg       1.00      1.00      1.00         4


=== Metrics for Site=OLIN ===

Per-Class Metrics:
  Control:
    Precision: 1.000
    Recall:    1.000
    F1 Score:  1.000
    Support:   2
  Autism:
    Precision: 1.000
    Recall:    1.000
    F1 Score:  1.000
    Support:   2

Overall Metrics:
  Specificity:          1.000
  Sensitivity:          1.000
  AUROC:                0.500
  Accuracy:             1.000
  Balanced Accuracy:    1.000
=====================================
Skipping Site = OHSU --> only one class present.
Skipping Site = SDSU --> only one class present.

 Site: TRINITY
Classification report:
               precision    recall  f1-score   support

           0       0.50      0.38      0.43         8
           1       0.17      0.25      0.20         4

    accuracy                           0.33        12
   macro avg       0.33      0.31      0.31        12
weighted avg       0.39      0.33      0.35        12


=== Metrics for Site=TRINITY ===

Per-Class Metrics:
  Control:
    Precision: 0.500
    Recall:    0.375
    F1 Score:  0.429
    Support:   8
  Autism:
    Precision: 0.167
    Recall:    0.250
    F1 Score:  0.200
    Support:   4

Overall Metrics:
  Specificity:          0.375
  Sensitivity:          0.250
  AUROC:                0.500
  Accuracy:             0.333
  Balanced Accuracy:    0.312
=====================================

 Site: UM_1
Classification report:
               precision    recall  f1-score   support

           0       0.64      0.70      0.67        10
           1       0.50      0.43      0.46         7

    accuracy                           0.59        17
   macro avg       0.57      0.56      0.56        17
weighted avg       0.58      0.59      0.58        17


=== Metrics for Site=UM_1 ===

Per-Class Metrics:
  Control:
    Precision: 0.636
    Recall:    0.700
    F1 Score:  0.667
    Support:   10
  Autism:
    Precision: 0.500
    Recall:    0.429
    F1 Score:  0.462
    Support:   7

Overall Metrics:
  Specificity:          0.700
  Sensitivity:          0.429
  AUROC:                0.443
  Accuracy:             0.588
  Balanced Accuracy:    0.564
=====================================

 Site: UM_2
Classification report:
               precision    recall  f1-score   support

           0       1.00      1.00      1.00         3
           1       1.00      1.00      1.00         1

    accuracy                           1.00         4
   macro avg       1.00      1.00      1.00         4
weighted avg       1.00      1.00      1.00         4


=== Metrics for Site=UM_2 ===

Per-Class Metrics:
  Control:
    Precision: 1.000
    Recall:    1.000
    F1 Score:  1.000
    Support:   3
  Autism:
    Precision: 1.000
    Recall:    1.000
    F1 Score:  1.000
    Support:   1

Overall Metrics:
  Specificity:          1.000
  Sensitivity:          1.000
  AUROC:                0.333
  Accuracy:             1.000
  Balanced Accuracy:    1.000
=====================================

 Site: USM
Classification report:
               precision    recall  f1-score   support

           0       0.67      0.80      0.73         5
           1       0.90      0.82      0.86        11

    accuracy                           0.81        16
   macro avg       0.78      0.81      0.79        16
weighted avg       0.83      0.81      0.82        16


=== Metrics for Site=USM ===

Per-Class Metrics:
  Control:
    Precision: 0.667
    Recall:    0.800
    F1 Score:  0.727
    Support:   5
  Autism:
    Precision: 0.900
    Recall:    0.818
    F1 Score:  0.857
    Support:   11

Overall Metrics:
  Specificity:          0.800
  Sensitivity:          0.818
  AUROC:                0.582
  Accuracy:             0.812
  Balanced Accuracy:    0.809
=====================================

 Site: YALE
Classification report:
               precision    recall  f1-score   support

           0       0.50      1.00      0.67         2
           1       1.00      0.60      0.75         5

    accuracy                           0.71         7
   macro avg       0.75      0.80      0.71         7
weighted avg       0.86      0.71      0.73         7


=== Metrics for Site=YALE ===

Per-Class Metrics:
  Control:
    Precision: 0.500
    Recall:    1.000
    F1 Score:  0.667
    Support:   2
  Autism:
    Precision: 1.000
    Recall:    0.600
    F1 Score:  0.750
    Support:   5

Overall Metrics:
  Specificity:          1.000
  Sensitivity:          0.600
  AUROC:                0.550
  Accuracy:             0.714
  Balanced Accuracy:    0.800
=====================================

 Site: CMU
Classification report:
               precision    recall  f1-score   support

           0       0.50      1.00      0.67         1
           1       1.00      0.50      0.67         2

    accuracy                           0.67         3
   macro avg       0.75      0.75      0.67         3
weighted avg       0.83      0.67      0.67         3


=== Metrics for Site=CMU ===

Per-Class Metrics:
  Control:
    Precision: 0.500
    Recall:    1.000
    F1 Score:  0.667
    Support:   1
  Autism:
    Precision: 1.000
    Recall:    0.500
    F1 Score:  0.667
    Support:   2

Overall Metrics:
  Specificity:          1.000
  Sensitivity:          0.500
  AUROC:                0.750
  Accuracy:             0.667
  Balanced Accuracy:    0.750
=====================================

 Site: LEUVEN_1
Classification report:
               precision    recall  f1-score   support

           0       0.67      0.67      0.67         3
           1       0.50      0.50      0.50         2

    accuracy                           0.60         5
   macro avg       0.58      0.58      0.58         5
weighted avg       0.60      0.60      0.60         5


=== Metrics for Site=LEUVEN_1 ===

Per-Class Metrics:
  Control:
    Precision: 0.667
    Recall:    0.667
    F1 Score:  0.667
    Support:   3
  Autism:
    Precision: 0.500
    Recall:    0.500
    F1 Score:  0.500
    Support:   2

Overall Metrics:
  Specificity:          0.667
  Sensitivity:          0.500
  AUROC:                0.583
  Accuracy:             0.600
  Balanced Accuracy:    0.583
=====================================

 Site: LEUVEN_2
Classification report:
               precision    recall  f1-score   support

           0       0.75      0.50      0.60         6
           1       0.40      0.67      0.50         3

    accuracy                           0.56         9
   macro avg       0.57      0.58      0.55         9
weighted avg       0.63      0.56      0.57         9


=== Metrics for Site=LEUVEN_2 ===

Per-Class Metrics:
  Control:
    Precision: 0.750
    Recall:    0.500
    F1 Score:  0.600
    Support:   6
  Autism:
    Precision: 0.400
    Recall:    0.667
    F1 Score:  0.500
    Support:   3

Overall Metrics:
  Specificity:          0.500
  Sensitivity:          0.667
  AUROC:                0.500
  Accuracy:             0.556
  Balanced Accuracy:    0.583
=====================================

 Site: KKI
Classification report:
               precision    recall  f1-score   support

           0       0.33      0.20      0.25         5
           1       0.33      0.50      0.40         4

    accuracy                           0.33         9
   macro avg       0.33      0.35      0.33         9
weighted avg       0.33      0.33      0.32         9


=== Metrics for Site=KKI ===

Per-Class Metrics:
  Control:
    Precision: 0.333
    Recall:    0.200
    F1 Score:  0.250
    Support:   5
  Autism:
    Precision: 0.333
    Recall:    0.500
    F1 Score:  0.400
    Support:   4

Overall Metrics:
  Specificity:          0.200
  Sensitivity:          0.500
  AUROC:                0.350
  Accuracy:             0.333
  Balanced Accuracy:    0.350
=====================================

 Site: NYU
Classification report:
               precision    recall  f1-score   support

           0       0.57      0.47      0.52        17
           1       0.55      0.65      0.59        17

    accuracy                           0.56        34
   macro avg       0.56      0.56      0.56        34
weighted avg       0.56      0.56      0.56        34


=== Metrics for Site=NYU ===

Per-Class Metrics:
  Control:
    Precision: 0.571
    Recall:    0.471
    F1 Score:  0.516
    Support:   17
  Autism:
    Precision: 0.550
    Recall:    0.647
    F1 Score:  0.595
    Support:   17

Overall Metrics:
  Specificity:          0.471
  Sensitivity:          0.647
  AUROC:                0.353
  Accuracy:             0.559
  Balanced Accuracy:    0.559
=====================================

 Site: STANFORD
Classification report:
               precision    recall  f1-score   support

           0       1.00      1.00      1.00         1
           1       1.00      1.00      1.00         1

    accuracy                           1.00         2
   macro avg       1.00      1.00      1.00         2
weighted avg       1.00      1.00      1.00         2


=== Metrics for Site=STANFORD ===

Per-Class Metrics:
  Control:
    Precision: 1.000
    Recall:    1.000
    F1 Score:  1.000
    Support:   1
  Autism:
    Precision: 1.000
    Recall:    1.000
    F1 Score:  1.000
    Support:   1

Overall Metrics:
  Specificity:          1.000
  Sensitivity:          1.000
  AUROC:                1.000
  Accuracy:             1.000
  Balanced Accuracy:    1.000
=====================================

 Site: UCLA_1
Classification report:
               precision    recall  f1-score   support

           0       0.50      0.62      0.56         8
           1       0.57      0.44      0.50         9

    accuracy                           0.53        17
   macro avg       0.54      0.53      0.53        17
weighted avg       0.54      0.53      0.53        17


=== Metrics for Site=UCLA_1 ===

Per-Class Metrics:
  Control:
    Precision: 0.500
    Recall:    0.625
    F1 Score:  0.556
    Support:   8
  Autism:
    Precision: 0.571
    Recall:    0.444
    F1 Score:  0.500
    Support:   9

Overall Metrics:
  Specificity:          0.625
  Sensitivity:          0.444
  AUROC:                0.604
  Accuracy:             0.529
  Balanced Accuracy:    0.535
=====================================

 Site: UCLA_2
Classification report:
               precision    recall  f1-score   support

           0       0.67      0.50      0.57         4
           1       0.00      0.00      0.00         1

    accuracy                           0.40         5
   macro avg       0.33      0.25      0.29         5
weighted avg       0.53      0.40      0.46         5


=== Metrics for Site=UCLA_2 ===

Per-Class Metrics:
  Control:
    Precision: 0.667
    Recall:    0.500
    F1 Score:  0.571
    Support:   4
  Autism:
    Precision: 0.000
    Recall:    0.000
    F1 Score:  0.000
    Support:   1

Overall Metrics:
  Specificity:          0.500
  Sensitivity:          0.000
  AUROC:                0.125
  Accuracy:             0.400
  Balanced Accuracy:    0.250
=====================================

 Site: MAX_MUN
Classification report:
               precision    recall  f1-score   support

           0       0.00      0.00      0.00         7
           1       0.22      0.40      0.29         5

    accuracy                           0.17        12
   macro avg       0.11      0.20      0.14        12
weighted avg       0.09      0.17      0.12        12


=== Metrics for Site=MAX_MUN ===

Per-Class Metrics:
  Control:
    Precision: 0.000
    Recall:    0.000
    F1 Score:  0.000
    Support:   7
  Autism:
    Precision: 0.222
    Recall:    0.400
    F1 Score:  0.286
    Support:   5

Overall Metrics:
  Specificity:          0.000
  Sensitivity:          0.400
  AUROC:                0.414
  Accuracy:             0.167
  Balanced Accuracy:    0.200
=====================================
Skipping Site = CALTECH --> only one class present.

 Site: SBL
Classification report:
               precision    recall  f1-score   support

           0       0.00      0.00      0.00         1
           1       0.67      1.00      0.80         2

    accuracy                           0.67         3
   macro avg       0.33      0.50      0.40         3
weighted avg       0.44      0.67      0.53         3


=== Metrics for Site=SBL ===

Per-Class Metrics:
  Control:
    Precision: 0.000
    Recall:    0.000
    F1 Score:  0.000
    Support:   1
  Autism:
    Precision: 0.667
    Recall:    1.000
    F1 Score:  0.800
    Support:   2

Overall Metrics:
  Specificity:          0.000
  Sensitivity:          1.000
  AUROC:                0.500
  Accuracy:             0.667
  Balanced Accuracy:    0.500
=====================================

=== Metrics by Sex ===

 Sex: 1
Classification report:
               precision    recall  f1-score   support

           0       0.60      0.58      0.59        76
           1       0.57      0.60      0.59        72

    accuracy                           0.59       148
   macro avg       0.59      0.59      0.59       148
weighted avg       0.59      0.59      0.59       148


=== Metrics for Sex=1 ===

Per-Class Metrics:
  Control:
    Precision: 0.603
    Recall:    0.579
    F1 Score:  0.591
    Support:   76
  Autism:
    Precision: 0.573
    Recall:    0.597
    F1 Score:  0.585
    Support:   72

Overall Metrics:
  Specificity:          0.579
  Sensitivity:          0.597
  AUROC:                0.480
  Accuracy:             0.588
  Balanced Accuracy:    0.588
=====================================

 Sex: 2
Classification report:
               precision    recall  f1-score   support

           0       0.60      0.35      0.44        17
           1       0.31      0.56      0.40         9

    accuracy                           0.42        26
   macro avg       0.46      0.45      0.42        26
weighted avg       0.50      0.42      0.43        26


=== Metrics for Sex=2 ===

Per-Class Metrics:
  Control:
    Precision: 0.600
    Recall:    0.353
    F1 Score:  0.444
    Support:   17
  Autism:
    Precision: 0.312
    Recall:    0.556
    F1 Score:  0.400
    Support:   9

Overall Metrics:
  Specificity:          0.353
  Sensitivity:          0.556
  AUROC:                0.350
  Accuracy:             0.423
  Balanced Accuracy:    0.454
=====================================

=== Fold 4 | DUMMY_BESTDF Data ===

=== Fold 4 | Dummy
Classification report:
               precision    recall  f1-score   support

           0       0.55      0.47      0.51        94
           1       0.47      0.55      0.51        80

    accuracy                           0.51       174
   macro avg       0.51      0.51      0.51       174
weighted avg       0.51      0.51      0.51       174


=== Metrics for DummyClassifier ===

Per-Class Metrics:
  Control:
    Precision: 0.550
    Recall:    0.468
    F1 Score:  0.506
    Support:   94
  Autism:
    Precision: 0.468
    Recall:    0.550
    F1 Score:  0.506
    Support:   80

Overall Metrics:
  Specificity:          0.468
  Sensitivity:          0.550
  AUROC:                0.536
  Accuracy:             0.506
  Balanced Accuracy:    0.509
=====================================

=== Metrics by Site ===

 Site: PITT
Classification report:
               precision    recall  f1-score   support

           0       0.67      0.22      0.33         9
           1       0.36      0.80      0.50         5

    accuracy                           0.43        14
   macro avg       0.52      0.51      0.42        14
weighted avg       0.56      0.43      0.39        14


=== Metrics for Site=PITT ===

Per-Class Metrics:
  Control:
    Precision: 0.667
    Recall:    0.222
    F1 Score:  0.333
    Support:   9
  Autism:
    Precision: 0.364
    Recall:    0.800
    F1 Score:  0.500
    Support:   5

Overall Metrics:
  Specificity:          0.222
  Sensitivity:          0.800
  AUROC:                0.633
  Accuracy:             0.429
  Balanced Accuracy:    0.511
=====================================

 Site: OLIN
Classification report:
               precision    recall  f1-score   support

           0       0.50      0.33      0.40         3
           1       0.50      0.67      0.57         3

    accuracy                           0.50         6
   macro avg       0.50      0.50      0.49         6
weighted avg       0.50      0.50      0.49         6


=== Metrics for Site=OLIN ===

Per-Class Metrics:
  Control:
    Precision: 0.500
    Recall:    0.333
    F1 Score:  0.400
    Support:   3
  Autism:
    Precision: 0.500
    Recall:    0.667
    F1 Score:  0.571
    Support:   3

Overall Metrics:
  Specificity:          0.333
  Sensitivity:          0.667
  AUROC:                0.500
  Accuracy:             0.500
  Balanced Accuracy:    0.500
=====================================

 Site: OHSU
Classification report:
               precision    recall  f1-score   support

           0       0.00      0.00      0.00         4
           1       0.20      0.33      0.25         3

    accuracy                           0.14         7
   macro avg       0.10      0.17      0.12         7
weighted avg       0.09      0.14      0.11         7


=== Metrics for Site=OHSU ===

Per-Class Metrics:
  Control:
    Precision: 0.000
    Recall:    0.000
    F1 Score:  0.000
    Support:   4
  Autism:
    Precision: 0.200
    Recall:    0.333
    F1 Score:  0.250
    Support:   3

Overall Metrics:
  Specificity:          0.000
  Sensitivity:          0.333
  AUROC:                0.417
  Accuracy:             0.143
  Balanced Accuracy:    0.167
=====================================
Skipping Site = SDSU --> only one class present.

 Site: TRINITY
Classification report:
               precision    recall  f1-score   support

           0       0.80      0.80      0.80         5
           1       0.50      0.50      0.50         2

    accuracy                           0.71         7
   macro avg       0.65      0.65      0.65         7
weighted avg       0.71      0.71      0.71         7


=== Metrics for Site=TRINITY ===

Per-Class Metrics:
  Control:
    Precision: 0.800
    Recall:    0.800
    F1 Score:  0.800
    Support:   5
  Autism:
    Precision: 0.500
    Recall:    0.500
    F1 Score:  0.500
    Support:   2

Overall Metrics:
  Specificity:          0.800
  Sensitivity:          0.500
  AUROC:                0.450
  Accuracy:             0.714
  Balanced Accuracy:    0.650
=====================================

 Site: UM_1
Classification report:
               precision    recall  f1-score   support

           0       0.75      0.27      0.40        11
           1       0.20      0.67      0.31         3

    accuracy                           0.36        14
   macro avg       0.47      0.47      0.35        14
weighted avg       0.63      0.36      0.38        14


=== Metrics for Site=UM_1 ===

Per-Class Metrics:
  Control:
    Precision: 0.750
    Recall:    0.273
    F1 Score:  0.400
    Support:   11
  Autism:
    Precision: 0.200
    Recall:    0.667
    F1 Score:  0.308
    Support:   3

Overall Metrics:
  Specificity:          0.273
  Sensitivity:          0.667
  AUROC:                0.697
  Accuracy:             0.357
  Balanced Accuracy:    0.470
=====================================

 Site: UM_2
Classification report:
               precision    recall  f1-score   support

           0       0.50      0.50      0.50         4
           1       0.67      0.67      0.67         6

    accuracy                           0.60        10
   macro avg       0.58      0.58      0.58        10
weighted avg       0.60      0.60      0.60        10


=== Metrics for Site=UM_2 ===

Per-Class Metrics:
  Control:
    Precision: 0.500
    Recall:    0.500
    F1 Score:  0.500
    Support:   4
  Autism:
    Precision: 0.667
    Recall:    0.667
    F1 Score:  0.667
    Support:   6

Overall Metrics:
  Specificity:          0.500
  Sensitivity:          0.667
  AUROC:                0.833
  Accuracy:             0.600
  Balanced Accuracy:    0.583
=====================================

 Site: USM
Classification report:
               precision    recall  f1-score   support

           0       0.40      0.50      0.44         4
           1       0.60      0.50      0.55         6

    accuracy                           0.50        10
   macro avg       0.50      0.50      0.49        10
weighted avg       0.52      0.50      0.51        10


=== Metrics for Site=USM ===

Per-Class Metrics:
  Control:
    Precision: 0.400
    Recall:    0.500
    F1 Score:  0.444
    Support:   4
  Autism:
    Precision: 0.600
    Recall:    0.500
    F1 Score:  0.545
    Support:   6

Overall Metrics:
  Specificity:          0.500
  Sensitivity:          0.500
  AUROC:                0.583
  Accuracy:             0.500
  Balanced Accuracy:    0.500
=====================================

 Site: YALE
Classification report:
               precision    recall  f1-score   support

           0       1.00      0.33      0.50         3
           1       0.33      1.00      0.50         1

    accuracy                           0.50         4
   macro avg       0.67      0.67      0.50         4
weighted avg       0.83      0.50      0.50         4


=== Metrics for Site=YALE ===

Per-Class Metrics:
  Control:
    Precision: 1.000
    Recall:    0.333
    F1 Score:  0.500
    Support:   3
  Autism:
    Precision: 0.333
    Recall:    1.000
    F1 Score:  0.500
    Support:   1

Overall Metrics:
  Specificity:          0.333
  Sensitivity:          1.000
  AUROC:                0.833
  Accuracy:             0.500
  Balanced Accuracy:    0.667
=====================================
Skipping Site = CMU --> only one class present.
Skipping Site = LEUVEN_1 --> only one class present.

 Site: LEUVEN_2
Classification report:
               precision    recall  f1-score   support

           0       0.33      0.50      0.40         2
           1       0.67      0.50      0.57         4

    accuracy                           0.50         6
   macro avg       0.50      0.50      0.49         6
weighted avg       0.56      0.50      0.51         6


=== Metrics for Site=LEUVEN_2 ===

Per-Class Metrics:
  Control:
    Precision: 0.333
    Recall:    0.500
    F1 Score:  0.400
    Support:   2
  Autism:
    Precision: 0.667
    Recall:    0.500
    F1 Score:  0.571
    Support:   4

Overall Metrics:
  Specificity:          0.500
  Sensitivity:          0.500
  AUROC:                0.250
  Accuracy:             0.500
  Balanced Accuracy:    0.500
=====================================

 Site: KKI
Classification report:
               precision    recall  f1-score   support

           0       1.00      0.33      0.50         3
           1       0.50      1.00      0.67         2

    accuracy                           0.60         5
   macro avg       0.75      0.67      0.58         5
weighted avg       0.80      0.60      0.57         5


=== Metrics for Site=KKI ===

Per-Class Metrics:
  Control:
    Precision: 1.000
    Recall:    0.333
    F1 Score:  0.500
    Support:   3
  Autism:
    Precision: 0.500
    Recall:    1.000
    F1 Score:  0.667
    Support:   2

Overall Metrics:
  Specificity:          0.333
  Sensitivity:          1.000
  AUROC:                0.583
  Accuracy:             0.600
  Balanced Accuracy:    0.667
=====================================

 Site: NYU
Classification report:
               precision    recall  f1-score   support

           0       0.59      0.53      0.56        19
           1       0.53      0.59      0.56        17

    accuracy                           0.56        36
   macro avg       0.56      0.56      0.56        36
weighted avg       0.56      0.56      0.56        36


=== Metrics for Site=NYU ===

Per-Class Metrics:
  Control:
    Precision: 0.588
    Recall:    0.526
    F1 Score:  0.556
    Support:   19
  Autism:
    Precision: 0.526
    Recall:    0.588
    F1 Score:  0.556
    Support:   17

Overall Metrics:
  Specificity:          0.526
  Sensitivity:          0.588
  AUROC:                0.413
  Accuracy:             0.556
  Balanced Accuracy:    0.557
=====================================

 Site: STANFORD
Classification report:
               precision    recall  f1-score   support

           0       0.50      0.33      0.40         3
           1       0.33      0.50      0.40         2

    accuracy                           0.40         5
   macro avg       0.42      0.42      0.40         5
weighted avg       0.43      0.40      0.40         5


=== Metrics for Site=STANFORD ===

Per-Class Metrics:
  Control:
    Precision: 0.500
    Recall:    0.333
    F1 Score:  0.400
    Support:   3
  Autism:
    Precision: 0.333
    Recall:    0.500
    F1 Score:  0.400
    Support:   2

Overall Metrics:
  Specificity:          0.333
  Sensitivity:          0.500
  AUROC:                0.333
  Accuracy:             0.400
  Balanced Accuracy:    0.417
=====================================

 Site: UCLA_1
Classification report:
               precision    recall  f1-score   support

           0       0.22      0.40      0.29         5
           1       0.50      0.30      0.38        10

    accuracy                           0.33        15
   macro avg       0.36      0.35      0.33        15
weighted avg       0.41      0.33      0.35        15


=== Metrics for Site=UCLA_1 ===

Per-Class Metrics:
  Control:
    Precision: 0.222
    Recall:    0.400
    F1 Score:  0.286
    Support:   5
  Autism:
    Precision: 0.500
    Recall:    0.300
    F1 Score:  0.375
    Support:   10

Overall Metrics:
  Specificity:          0.400
  Sensitivity:          0.300
  AUROC:                0.700
  Accuracy:             0.333
  Balanced Accuracy:    0.350
=====================================

 Site: UCLA_2
Classification report:
               precision    recall  f1-score   support

           0       0.00      0.00      0.00         1
           1       0.50      0.33      0.40         3

    accuracy                           0.25         4
   macro avg       0.25      0.17      0.20         4
weighted avg       0.38      0.25      0.30         4


=== Metrics for Site=UCLA_2 ===

Per-Class Metrics:
  Control:
    Precision: 0.000
    Recall:    0.000
    F1 Score:  0.000
    Support:   1
  Autism:
    Precision: 0.500
    Recall:    0.333
    F1 Score:  0.400
    Support:   3

Overall Metrics:
  Specificity:          0.000
  Sensitivity:          0.333
  AUROC:                0.833
  Accuracy:             0.250
  Balanced Accuracy:    0.167
=====================================

 Site: MAX_MUN
Classification report:
               precision    recall  f1-score   support

           0       0.75      1.00      0.86         3
           1       1.00      0.80      0.89         5

    accuracy                           0.88         8
   macro avg       0.88      0.90      0.87         8
weighted avg       0.91      0.88      0.88         8


=== Metrics for Site=MAX_MUN ===

Per-Class Metrics:
  Control:
    Precision: 0.750
    Recall:    1.000
    F1 Score:  0.857
    Support:   3
  Autism:
    Precision: 1.000
    Recall:    0.800
    F1 Score:  0.889
    Support:   5

Overall Metrics:
  Specificity:          1.000
  Sensitivity:          0.800
  AUROC:                0.200
  Accuracy:             0.875
  Balanced Accuracy:    0.900
=====================================

 Site: CALTECH
Classification report:
               precision    recall  f1-score   support

           0       1.00      0.50      0.67         2
           1       0.50      1.00      0.67         1

    accuracy                           0.67         3
   macro avg       0.75      0.75      0.67         3
weighted avg       0.83      0.67      0.67         3


=== Metrics for Site=CALTECH ===

Per-Class Metrics:
  Control:
    Precision: 1.000
    Recall:    0.500
    F1 Score:  0.667
    Support:   2
  Autism:
    Precision: 0.500
    Recall:    1.000
    F1 Score:  0.667
    Support:   1

Overall Metrics:
  Specificity:          0.500
  Sensitivity:          1.000
  AUROC:                1.000
  Accuracy:             0.667
  Balanced Accuracy:    0.750
=====================================

 Site: SBL
Classification report:
               precision    recall  f1-score   support

           0       0.75      0.60      0.67         5
           1       0.00      0.00      0.00         1

    accuracy                           0.50         6
   macro avg       0.38      0.30      0.33         6
weighted avg       0.62      0.50      0.56         6


=== Metrics for Site=SBL ===

Per-Class Metrics:
  Control:
    Precision: 0.750
    Recall:    0.600
    F1 Score:  0.667
    Support:   5
  Autism:
    Precision: 0.000
    Recall:    0.000
    F1 Score:  0.000
    Support:   1

Overall Metrics:
  Specificity:          0.600
  Sensitivity:          0.000
  AUROC:                0.900
  Accuracy:             0.500
  Balanced Accuracy:    0.300
=====================================

=== Metrics by Sex ===

 Sex: 1
Classification report:
               precision    recall  f1-score   support

           0       0.51      0.45      0.48        73
           1       0.49      0.55      0.52        71

    accuracy                           0.50       144
   macro avg       0.50      0.50      0.50       144
weighted avg       0.50      0.50      0.50       144


=== Metrics for Sex=1 ===

Per-Class Metrics:
  Control:
    Precision: 0.508
    Recall:    0.452
    F1 Score:  0.478
    Support:   73
  Autism:
    Precision: 0.494
    Recall:    0.549
    F1 Score:  0.520
    Support:   71

Overall Metrics:
  Specificity:          0.452
  Sensitivity:          0.549
  AUROC:                0.534
  Accuracy:             0.500
  Balanced Accuracy:    0.501
=====================================

 Sex: 2
Classification report:
               precision    recall  f1-score   support

           0       0.73      0.52      0.61        21
           1       0.33      0.56      0.42         9

    accuracy                           0.53        30
   macro avg       0.53      0.54      0.51        30
weighted avg       0.61      0.53      0.55        30


=== Metrics for Sex=2 ===

Per-Class Metrics:
  Control:
    Precision: 0.733
    Recall:    0.524
    F1 Score:  0.611
    Support:   21
  Autism:
    Precision: 0.333
    Recall:    0.556
    F1 Score:  0.417
    Support:   9

Overall Metrics:
  Specificity:          0.524
  Sensitivity:          0.556
  AUROC:                0.563
  Accuracy:             0.533
  Balanced Accuracy:    0.540
=====================================

=== Fold 5 | DUMMY_BESTDF Data ===

=== Fold 5 | Dummy
Classification report:
               precision    recall  f1-score   support

           0       0.55      0.55      0.55        94
           1       0.47      0.46      0.47        80

    accuracy                           0.51       174
   macro avg       0.51      0.51      0.51       174
weighted avg       0.51      0.51      0.51       174


=== Metrics for DummyClassifier ===

Per-Class Metrics:
  Control:
    Precision: 0.547
    Recall:    0.553
    F1 Score:  0.550
    Support:   94
  Autism:
    Precision: 0.468
    Recall:    0.463
    F1 Score:  0.465
    Support:   80

Overall Metrics:
  Specificity:          0.553
  Sensitivity:          0.463
  AUROC:                0.459
  Accuracy:             0.511
  Balanced Accuracy:    0.508
=====================================

=== Metrics by Site ===

 Site: PITT
Classification report:
               precision    recall  f1-score   support

           0       0.50      0.60      0.55         5
           1       0.60      0.50      0.55         6

    accuracy                           0.55        11
   macro avg       0.55      0.55      0.55        11
weighted avg       0.55      0.55      0.55        11


=== Metrics for Site=PITT ===

Per-Class Metrics:
  Control:
    Precision: 0.500
    Recall:    0.600
    F1 Score:  0.545
    Support:   5
  Autism:
    Precision: 0.600
    Recall:    0.500
    F1 Score:  0.545
    Support:   6

Overall Metrics:
  Specificity:          0.600
  Sensitivity:          0.500
  AUROC:                0.383
  Accuracy:             0.545
  Balanced Accuracy:    0.550
=====================================

 Site: OLIN
Classification report:
               precision    recall  f1-score   support

           0       1.00      0.50      0.67         2
           1       0.67      1.00      0.80         2

    accuracy                           0.75         4
   macro avg       0.83      0.75      0.73         4
weighted avg       0.83      0.75      0.73         4


=== Metrics for Site=OLIN ===

Per-Class Metrics:
  Control:
    Precision: 1.000
    Recall:    0.500
    F1 Score:  0.667
    Support:   2
  Autism:
    Precision: 0.667
    Recall:    1.000
    F1 Score:  0.800
    Support:   2

Overall Metrics:
  Specificity:          0.500
  Sensitivity:          1.000
  AUROC:                0.500
  Accuracy:             0.750
  Balanced Accuracy:    0.750
=====================================
Skipping Site = OHSU --> only one class present.

 Site: SDSU
Classification report:
               precision    recall  f1-score   support

           0       0.80      0.67      0.73         6
           1       0.33      0.50      0.40         2

    accuracy                           0.62         8
   macro avg       0.57      0.58      0.56         8
weighted avg       0.68      0.62      0.65         8


=== Metrics for Site=SDSU ===

Per-Class Metrics:
  Control:
    Precision: 0.800
    Recall:    0.667
    F1 Score:  0.727
    Support:   6
  Autism:
    Precision: 0.333
    Recall:    0.500
    F1 Score:  0.400
    Support:   2

Overall Metrics:
  Specificity:          0.667
  Sensitivity:          0.500
  AUROC:                0.833
  Accuracy:             0.625
  Balanced Accuracy:    0.583
=====================================

 Site: TRINITY
Classification report:
               precision    recall  f1-score   support

           0       0.67      0.67      0.67         3
           1       0.67      0.67      0.67         3

    accuracy                           0.67         6
   macro avg       0.67      0.67      0.67         6
weighted avg       0.67      0.67      0.67         6


=== Metrics for Site=TRINITY ===

Per-Class Metrics:
  Control:
    Precision: 0.667
    Recall:    0.667
    F1 Score:  0.667
    Support:   3
  Autism:
    Precision: 0.667
    Recall:    0.667
    F1 Score:  0.667
    Support:   3

Overall Metrics:
  Specificity:          0.667
  Sensitivity:          0.667
  AUROC:                0.500
  Accuracy:             0.667
  Balanced Accuracy:    0.667
=====================================

 Site: UM_1
Classification report:
               precision    recall  f1-score   support

           0       0.58      0.64      0.61        11
           1       0.50      0.44      0.47         9

    accuracy                           0.55        20
   macro avg       0.54      0.54      0.54        20
weighted avg       0.55      0.55      0.55        20


=== Metrics for Site=UM_1 ===

Per-Class Metrics:
  Control:
    Precision: 0.583
    Recall:    0.636
    F1 Score:  0.609
    Support:   11
  Autism:
    Precision: 0.500
    Recall:    0.444
    F1 Score:  0.471
    Support:   9

Overall Metrics:
  Specificity:          0.636
  Sensitivity:          0.444
  AUROC:                0.237
  Accuracy:             0.550
  Balanced Accuracy:    0.540
=====================================

 Site: UM_2
Classification report:
               precision    recall  f1-score   support

           0       1.00      0.80      0.89         5
           1       0.75      1.00      0.86         3

    accuracy                           0.88         8
   macro avg       0.88      0.90      0.87         8
weighted avg       0.91      0.88      0.88         8


=== Metrics for Site=UM_2 ===

Per-Class Metrics:
  Control:
    Precision: 1.000
    Recall:    0.800
    F1 Score:  0.889
    Support:   5
  Autism:
    Precision: 0.750
    Recall:    1.000
    F1 Score:  0.857
    Support:   3

Overall Metrics:
  Specificity:          0.800
  Sensitivity:          1.000
  AUROC:                0.300
  Accuracy:             0.875
  Balanced Accuracy:    0.900
=====================================

 Site: USM
Classification report:
               precision    recall  f1-score   support

           0       0.12      0.14      0.13         7
           1       0.25      0.22      0.24         9

    accuracy                           0.19        16
   macro avg       0.19      0.18      0.18        16
weighted avg       0.20      0.19      0.19        16


=== Metrics for Site=USM ===

Per-Class Metrics:
  Control:
    Precision: 0.125
    Recall:    0.143
    F1 Score:  0.133
    Support:   7
  Autism:
    Precision: 0.250
    Recall:    0.222
    F1 Score:  0.235
    Support:   9

Overall Metrics:
  Specificity:          0.143
  Sensitivity:          0.222
  AUROC:                0.675
  Accuracy:             0.188
  Balanced Accuracy:    0.183
=====================================

 Site: YALE
Classification report:
               precision    recall  f1-score   support

           0       0.60      0.43      0.50         7
           1       0.20      0.33      0.25         3

    accuracy                           0.40        10
   macro avg       0.40      0.38      0.38        10
weighted avg       0.48      0.40      0.42        10


=== Metrics for Site=YALE ===

Per-Class Metrics:
  Control:
    Precision: 0.600
    Recall:    0.429
    F1 Score:  0.500
    Support:   7
  Autism:
    Precision: 0.200
    Recall:    0.333
    F1 Score:  0.250
    Support:   3

Overall Metrics:
  Specificity:          0.429
  Sensitivity:          0.333
  AUROC:                0.548
  Accuracy:             0.400
  Balanced Accuracy:    0.381
=====================================
Skipping Site = CMU --> only one class present.

 Site: LEUVEN_1
Classification report:
               precision    recall  f1-score   support

           0       0.50      0.50      0.50         4
           1       0.33      0.33      0.33         3

    accuracy                           0.43         7
   macro avg       0.42      0.42      0.42         7
weighted avg       0.43      0.43      0.43         7


=== Metrics for Site=LEUVEN_1 ===

Per-Class Metrics:
  Control:
    Precision: 0.500
    Recall:    0.500
    F1 Score:  0.500
    Support:   4
  Autism:
    Precision: 0.333
    Recall:    0.333
    F1 Score:  0.333
    Support:   3

Overall Metrics:
  Specificity:          0.500
  Sensitivity:          0.333
  AUROC:                0.708
  Accuracy:             0.429
  Balanced Accuracy:    0.417
=====================================

 Site: LEUVEN_2
Classification report:
               precision    recall  f1-score   support

           0       0.67      0.50      0.57         4
           1       0.33      0.50      0.40         2

    accuracy                           0.50         6
   macro avg       0.50      0.50      0.49         6
weighted avg       0.56      0.50      0.51         6


=== Metrics for Site=LEUVEN_2 ===

Per-Class Metrics:
  Control:
    Precision: 0.667
    Recall:    0.500
    F1 Score:  0.571
    Support:   4
  Autism:
    Precision: 0.333
    Recall:    0.500
    F1 Score:  0.400
    Support:   2

Overall Metrics:
  Specificity:          0.500
  Sensitivity:          0.500
  AUROC:                0.250
  Accuracy:             0.500
  Balanced Accuracy:    0.500
=====================================

 Site: KKI
Classification report:
               precision    recall  f1-score   support

           0       0.67      0.67      0.67         6
           1       0.00      0.00      0.00         2

    accuracy                           0.50         8
   macro avg       0.33      0.33      0.33         8
weighted avg       0.50      0.50      0.50         8


=== Metrics for Site=KKI ===

Per-Class Metrics:
  Control:
    Precision: 0.667
    Recall:    0.667
    F1 Score:  0.667
    Support:   6
  Autism:
    Precision: 0.000
    Recall:    0.000
    F1 Score:  0.000
    Support:   2

Overall Metrics:
  Specificity:          0.667
  Sensitivity:          0.000
  AUROC:                0.417
  Accuracy:             0.500
  Balanced Accuracy:    0.333
=====================================

 Site: NYU
Classification report:
               precision    recall  f1-score   support

           0       0.38      0.33      0.35        18
           1       0.14      0.17      0.15        12

    accuracy                           0.27        30
   macro avg       0.26      0.25      0.25        30
weighted avg       0.28      0.27      0.27        30


=== Metrics for Site=NYU ===

Per-Class Metrics:
  Control:
    Precision: 0.375
    Recall:    0.333
    F1 Score:  0.353
    Support:   18
  Autism:
    Precision: 0.143
    Recall:    0.167
    F1 Score:  0.154
    Support:   12

Overall Metrics:
  Specificity:          0.333
  Sensitivity:          0.167
  AUROC:                0.528
  Accuracy:             0.267
  Balanced Accuracy:    0.250
=====================================
Skipping Site = STANFORD --> only one class present.

 Site: UCLA_1
Classification report:
               precision    recall  f1-score   support

           0       0.71      0.71      0.71         7
           1       0.67      0.67      0.67         6

    accuracy                           0.69        13
   macro avg       0.69      0.69      0.69        13
weighted avg       0.69      0.69      0.69        13


=== Metrics for Site=UCLA_1 ===

Per-Class Metrics:
  Control:
    Precision: 0.714
    Recall:    0.714
    F1 Score:  0.714
    Support:   7
  Autism:
    Precision: 0.667
    Recall:    0.667
    F1 Score:  0.667
    Support:   6

Overall Metrics:
  Specificity:          0.714
  Sensitivity:          0.667
  AUROC:                0.690
  Accuracy:             0.692
  Balanced Accuracy:    0.690
=====================================

 Site: UCLA_2
Classification report:
               precision    recall  f1-score   support

           0       1.00      1.00      1.00         2
           1       1.00      1.00      1.00         4

    accuracy                           1.00         6
   macro avg       1.00      1.00      1.00         6
weighted avg       1.00      1.00      1.00         6


=== Metrics for Site=UCLA_2 ===

Per-Class Metrics:
  Control:
    Precision: 1.000
    Recall:    1.000
    F1 Score:  1.000
    Support:   2
  Autism:
    Precision: 1.000
    Recall:    1.000
    F1 Score:  1.000
    Support:   4

Overall Metrics:
  Specificity:          1.000
  Sensitivity:          1.000
  AUROC:                0.500
  Accuracy:             1.000
  Balanced Accuracy:    1.000
=====================================

 Site: MAX_MUN
Classification report:
               precision    recall  f1-score   support

           0       0.67      0.80      0.73         5
           1       0.67      0.50      0.57         4

    accuracy                           0.67         9
   macro avg       0.67      0.65      0.65         9
weighted avg       0.67      0.67      0.66         9


=== Metrics for Site=MAX_MUN ===

Per-Class Metrics:
  Control:
    Precision: 0.667
    Recall:    0.800
    F1 Score:  0.727
    Support:   5
  Autism:
    Precision: 0.667
    Recall:    0.500
    F1 Score:  0.571
    Support:   4

Overall Metrics:
  Specificity:          0.800
  Sensitivity:          0.500
  AUROC:                0.125
  Accuracy:             0.667
  Balanced Accuracy:    0.650
=====================================

 Site: CALTECH
Classification report:
               precision    recall  f1-score   support

           0       0.50      1.00      0.67         1
           1       0.00      0.00      0.00         1

    accuracy                           0.50         2
   macro avg       0.25      0.50      0.33         2
weighted avg       0.25      0.50      0.33         2


=== Metrics for Site=CALTECH ===

Per-Class Metrics:
  Control:
    Precision: 0.500
    Recall:    1.000
    F1 Score:  0.667
    Support:   1
  Autism:
    Precision: 0.000
    Recall:    0.000
    F1 Score:  0.000
    Support:   1

Overall Metrics:
  Specificity:          1.000
  Sensitivity:          0.000
  AUROC:                0.500
  Accuracy:             0.500
  Balanced Accuracy:    0.500
=====================================

 Site: SBL
Classification report:
               precision    recall  f1-score   support

           0       0.33      1.00      0.50         1
           1       1.00      0.33      0.50         3

    accuracy                           0.50         4
   macro avg       0.67      0.67      0.50         4
weighted avg       0.83      0.50      0.50         4


=== Metrics for Site=SBL ===

Per-Class Metrics:
  Control:
    Precision: 0.333
    Recall:    1.000
    F1 Score:  0.500
    Support:   1
  Autism:
    Precision: 1.000
    Recall:    0.333
    F1 Score:  0.500
    Support:   3

Overall Metrics:
  Specificity:          1.000
  Sensitivity:          0.333
  AUROC:                0.667
  Accuracy:             0.500
  Balanced Accuracy:    0.667
=====================================

=== Metrics by Sex ===

 Sex: 1
Classification report:
               precision    recall  f1-score   support

           0       0.53      0.56      0.54        77
           1       0.48      0.45      0.46        69

    accuracy                           0.51       146
   macro avg       0.50      0.50      0.50       146
weighted avg       0.51      0.51      0.51       146


=== Metrics for Sex=1 ===

Per-Class Metrics:
  Control:
    Precision: 0.531
    Recall:    0.558
    F1 Score:  0.544
    Support:   77
  Autism:
    Precision: 0.477
    Recall:    0.449
    F1 Score:  0.463
    Support:   69

Overall Metrics:
  Specificity:          0.558
  Sensitivity:          0.449
  AUROC:                0.445
  Accuracy:             0.507
  Balanced Accuracy:    0.504
=====================================

 Sex: 2
Classification report:
               precision    recall  f1-score   support

           0       0.64      0.53      0.58        17
           1       0.43      0.55      0.48        11

    accuracy                           0.54        28
   macro avg       0.54      0.54      0.53        28
weighted avg       0.56      0.54      0.54        28


=== Metrics for Sex=2 ===

Per-Class Metrics:
  Control:
    Precision: 0.643
    Recall:    0.529
    F1 Score:  0.581
    Support:   17
  Autism:
    Precision: 0.429
    Recall:    0.545
    F1 Score:  0.480
    Support:   11

Overall Metrics:
  Specificity:          0.529
  Sensitivity:          0.545
  AUROC:                0.537
  Accuracy:             0.536
  Balanced Accuracy:    0.537
=====================================
