Classification report:
               precision    recall  f1-score   support

           0       0.69      0.89      0.77        27
           1       0.57      0.27      0.36        15

    accuracy                           0.67        42
   macro avg       0.63      0.58      0.57        42
weighted avg       0.64      0.67      0.63        42


=== Metrics for LogisticRegression ===

Per-Class Metrics:
  Control:
    Precision: 0.686
    Recall:    0.889
    F1 Score:  0.774
    Support:   27
  Autism:
    Precision: 0.571
    Recall:    0.267
    F1 Score:  0.364
    Support:   15

Overall Metrics:
  Specificity:          0.889
  Sensitivity:          0.267
  AUROC:                0.521
  Accuracy:             0.667
  Balanced Accuracy:    0.578
Starting RandomizedSearchCV fitting...
Fitting 5 folds for each of 50 candidates, totalling 250 fits
[CV] END C=100, coef0=0.1, degree=4, gamma=0.001, kernel=poly; total time=   0.0s
[CV] END C=100, coef0=0.1, degree=4, gamma=0.001, kernel=poly; total time=   0.0s
[CV] END C=100, coef0=0.1, degree=4, gamma=0.001, kernel=poly; total time=   0.0s
[CV] END C=100, coef0=0.1, degree=4, gamma=0.001, kernel=poly; total time=   0.0s
[CV] END C=100, coef0=0.1, degree=4, gamma=0.001, kernel=poly; total time=   0.0s
[CV] END C=100, coef0=0.5, degree=4, gamma=0.01, kernel=poly; total time=   0.0s
[CV] END C=100, coef0=0.5, degree=4, gamma=0.01, kernel=poly; total time=   0.0s
[CV] END C=100, coef0=0.5, degree=4, gamma=0.01, kernel=poly; total time=   0.0s
[CV] END C=100, coef0=0.5, degree=4, gamma=0.01, kernel=poly; total time=   0.0s
[CV] END C=100, coef0=0.5, degree=4, gamma=0.01, kernel=poly; total time=   0.0s
[CV] END .C=0.1, coef0=0.1, degree=3, gamma=0.1, kernel=poly; total time=   0.0s
[CV] END .C=0.1, coef0=0.1, degree=3, gamma=0.1, kernel=poly; total time=   0.0s
[CV] END .C=0.1, coef0=0.1, degree=3, gamma=0.1, kernel=poly; total time=   0.0s
[CV] END .C=0.1, coef0=0.1, degree=3, gamma=0.1, kernel=poly; total time=   0.0s
[CV] END .C=0.1, coef0=0.1, degree=3, gamma=0.1, kernel=poly; total time=   0.0s
[CV] END ...C=100, coef0=0.0, degree=3, gamma=1, kernel=poly; total time=   0.0s
[CV] END ...C=100, coef0=0.0, degree=3, gamma=1, kernel=poly; total time=   0.0s
[CV] END ...C=100, coef0=0.0, degree=3, gamma=1, kernel=poly; total time=   0.0s
[CV] END ...C=100, coef0=0.0, degree=3, gamma=1, kernel=poly; total time=   0.0s
[CV] END ...C=100, coef0=0.0, degree=3, gamma=1, kernel=poly; total time=   0.0s
[CV] END ......................C=0.1, gamma=0.01, kernel=rbf; total time=   0.0s
[CV] END ......................C=0.1, gamma=0.01, kernel=rbf; total time=   0.0s
[CV] END ......................C=0.1, gamma=0.01, kernel=rbf; total time=   0.0s
[CV] END ......................C=0.1, gamma=0.01, kernel=rbf; total time=   0.0s
[CV] END ......................C=0.1, gamma=0.01, kernel=rbf; total time=   0.0s
[CV] END ....C=10, coef0=1.0, degree=4, gamma=1, kernel=poly; total time=   0.0s
[CV] END ....C=10, coef0=1.0, degree=4, gamma=1, kernel=poly; total time=   0.0s
[CV] END ....C=10, coef0=1.0, degree=4, gamma=1, kernel=poly; total time=   0.0s
[CV] END ....C=10, coef0=1.0, degree=4, gamma=1, kernel=poly; total time=   0.0s
[CV] END ....C=10, coef0=1.0, degree=4, gamma=1, kernel=poly; total time=   0.0s
[CV] END ........C=1, coef0=0.1, gamma=0.001, kernel=sigmoid; total time=   0.0s
[CV] END ........C=1, coef0=0.1, gamma=0.001, kernel=sigmoid; total time=   0.0s
[CV] END ........C=1, coef0=0.1, gamma=0.001, kernel=sigmoid; total time=   0.0s
[CV] END ........C=1, coef0=0.1, gamma=0.001, kernel=sigmoid; total time=   0.0s
[CV] END ........C=1, coef0=0.1, gamma=0.001, kernel=sigmoid; total time=   0.0s
[CV] END C=100, coef0=1.0, degree=4, gamma=0.01, kernel=poly; total time=   0.0s
[CV] END C=100, coef0=1.0, degree=4, gamma=0.01, kernel=poly; total time=   0.0s
[CV] END C=100, coef0=1.0, degree=4, gamma=0.01, kernel=poly; total time=   0.0s
[CV] END C=100, coef0=1.0, degree=4, gamma=0.01, kernel=poly; total time=   0.0s
[CV] END C=100, coef0=1.0, degree=4, gamma=0.01, kernel=poly; total time=   0.0s
[CV] END .C=10, coef0=0.5, degree=2, gamma=0.01, kernel=poly; total time=   0.0s
[CV] END .C=10, coef0=0.5, degree=2, gamma=0.01, kernel=poly; total time=   0.0s
[CV] END .C=10, coef0=0.5, degree=2, gamma=0.01, kernel=poly; total time=   0.0s
[CV] END .C=10, coef0=0.5, degree=2, gamma=0.01, kernel=poly; total time=   0.0s
[CV] END .C=10, coef0=0.5, degree=2, gamma=0.01, kernel=poly; total time=   0.0s
[CV] END ........................C=10, gamma=0.1, kernel=rbf; total time=   0.0s
[CV] END ........................C=10, gamma=0.1, kernel=rbf; total time=   0.0s
[CV] END ........................C=10, gamma=0.1, kernel=rbf; total time=   0.0s
[CV] END ........................C=10, gamma=0.1, kernel=rbf; total time=   0.0s
[CV] END ........................C=10, gamma=0.1, kernel=rbf; total time=   0.0s
[CV] END ..C=1, coef0=0.0, degree=3, gamma=0.01, kernel=poly; total time=   0.0s
[CV] END ..C=1, coef0=0.0, degree=3, gamma=0.01, kernel=poly; total time=   0.0s
[CV] END ..C=1, coef0=0.0, degree=3, gamma=0.01, kernel=poly; total time=   0.0s
[CV] END ..C=1, coef0=0.0, degree=3, gamma=0.01, kernel=poly; total time=   0.0s
[CV] END ..C=1, coef0=0.0, degree=3, gamma=0.01, kernel=poly; total time=   0.0s
[CV] END .....C=1, coef0=0.5, degree=2, gamma=1, kernel=poly; total time=   0.0s
[CV] END .....C=1, coef0=0.5, degree=2, gamma=1, kernel=poly; total time=   0.0s
[CV] END .....C=1, coef0=0.5, degree=2, gamma=1, kernel=poly; total time=   0.0s
[CV] END .....C=1, coef0=0.5, degree=2, gamma=1, kernel=poly; total time=   0.0s
[CV] END .....C=1, coef0=0.5, degree=2, gamma=1, kernel=poly; total time=   0.0s
[CV] END .........C=10, coef0=0.5, gamma=0.1, kernel=sigmoid; total time=   0.0s
[CV] END .........C=10, coef0=0.5, gamma=0.1, kernel=sigmoid; total time=   0.0s
[CV] END .........C=10, coef0=0.5, gamma=0.1, kernel=sigmoid; total time=   0.0s
[CV] END .........C=10, coef0=0.5, gamma=0.1, kernel=sigmoid; total time=   0.0s
[CV] END .........C=10, coef0=0.5, gamma=0.1, kernel=sigmoid; total time=   0.0s
[CV] END ........C=0.1, coef0=0.0, gamma=0.1, kernel=sigmoid; total time=   0.0s
[CV] END ........C=0.1, coef0=0.0, gamma=0.1, kernel=sigmoid; total time=   0.0s
[CV] END ........C=0.1, coef0=0.0, gamma=0.1, kernel=sigmoid; total time=   0.0s
[CV] END ........C=0.1, coef0=0.0, gamma=0.1, kernel=sigmoid; total time=   0.0s
[CV] END ........C=0.1, coef0=0.0, gamma=0.1, kernel=sigmoid; total time=   0.0s
[CV] END .C=1, coef0=0.1, degree=4, gamma=0.001, kernel=poly; total time=   0.0s
[CV] END .C=1, coef0=0.1, degree=4, gamma=0.001, kernel=poly; total time=   0.0s
[CV] END .C=1, coef0=0.1, degree=4, gamma=0.001, kernel=poly; total time=   0.0s
[CV] END .C=1, coef0=0.1, degree=4, gamma=0.001, kernel=poly; total time=   0.0s
[CV] END .C=1, coef0=0.1, degree=4, gamma=0.001, kernel=poly; total time=   0.0s
[CV] END ..C=10, coef0=0.5, degree=3, gamma=0.1, kernel=poly; total time=   0.0s
[CV] END ..C=10, coef0=0.5, degree=3, gamma=0.1, kernel=poly; total time=   0.0s
[CV] END ..C=10, coef0=0.5, degree=3, gamma=0.1, kernel=poly; total time=   0.0s
[CV] END ..C=10, coef0=0.5, degree=3, gamma=0.1, kernel=poly; total time=   0.0s
[CV] END ..C=10, coef0=0.5, degree=3, gamma=0.1, kernel=poly; total time=   0.0s
[CV] END .................................C=1, kernel=linear; total time=   0.0s
[CV] END .................................C=1, kernel=linear; total time=   0.0s
[CV] END .................................C=1, kernel=linear; total time=   0.0s
[CV] END .................................C=1, kernel=linear; total time=   0.0s
[CV] END .................................C=1, kernel=linear; total time=   0.0s
[CV] END ..C=1, coef0=0.5, degree=3, gamma=0.01, kernel=poly; total time=   0.0s
[CV] END ..C=1, coef0=0.5, degree=3, gamma=0.01, kernel=poly; total time=   0.0s
[CV] END ..C=1, coef0=0.5, degree=3, gamma=0.01, kernel=poly; total time=   0.0s
[CV] END ..C=1, coef0=0.5, degree=3, gamma=0.01, kernel=poly; total time=   0.0s
[CV] END ..C=1, coef0=0.5, degree=3, gamma=0.01, kernel=poly; total time=   0.0s
[CV] END ...........................C=1, gamma=1, kernel=rbf; total time=   0.0s
[CV] END ...........................C=1, gamma=1, kernel=rbf; total time=   0.0s
[CV] END ...........................C=1, gamma=1, kernel=rbf; total time=   0.0s
[CV] END ...........................C=1, gamma=1, kernel=rbf; total time=   0.0s
[CV] END ...........................C=1, gamma=1, kernel=rbf; total time=   0.0s
[CV] END .........C=10, coef0=1.0, gamma=0.1, kernel=sigmoid; total time=   0.0s
[CV] END .........C=10, coef0=1.0, gamma=0.1, kernel=sigmoid; total time=   0.0s
[CV] END .........C=10, coef0=1.0, gamma=0.1, kernel=sigmoid; total time=   0.0s
[CV] END .........C=10, coef0=1.0, gamma=0.1, kernel=sigmoid; total time=   0.0s
[CV] END .........C=10, coef0=1.0, gamma=0.1, kernel=sigmoid; total time=   0.0s
[CV] END ......................C=10, gamma=0.001, kernel=rbf; total time=   0.0s
[CV] END ......................C=10, gamma=0.001, kernel=rbf; total time=   0.0s
[CV] END ......................C=10, gamma=0.001, kernel=rbf; total time=   0.0s
[CV] END ......................C=10, gamma=0.001, kernel=rbf; total time=   0.0s
[CV] END ......................C=10, gamma=0.001, kernel=rbf; total time=   0.0s
[CV] END C=10, coef0=1.0, degree=4, gamma=0.001, kernel=poly; total time=   0.0s
[CV] END C=10, coef0=1.0, degree=4, gamma=0.001, kernel=poly; total time=   0.0s
[CV] END C=10, coef0=1.0, degree=4, gamma=0.001, kernel=poly; total time=   0.0s
[CV] END C=10, coef0=1.0, degree=4, gamma=0.001, kernel=poly; total time=   0.0s
[CV] END C=10, coef0=1.0, degree=4, gamma=0.001, kernel=poly; total time=   0.0s
[CV] END ...C=100, coef0=0.1, degree=3, gamma=1, kernel=poly; total time=   0.0s
[CV] END ...C=100, coef0=0.1, degree=3, gamma=1, kernel=poly; total time=   0.0s
[CV] END ...C=100, coef0=0.1, degree=3, gamma=1, kernel=poly; total time=   0.0s
[CV] END ...C=100, coef0=0.1, degree=3, gamma=1, kernel=poly; total time=   0.0s
[CV] END ...C=100, coef0=0.1, degree=3, gamma=1, kernel=poly; total time=   0.0s
[CV] END ....C=10, coef0=0.5, degree=3, gamma=1, kernel=poly; total time=   0.0s
[CV] END ....C=10, coef0=0.5, degree=3, gamma=1, kernel=poly; total time=   0.0s
[CV] END ....C=10, coef0=0.5, degree=3, gamma=1, kernel=poly; total time=   0.0s
[CV] END ....C=10, coef0=0.5, degree=3, gamma=1, kernel=poly; total time=   0.0s
[CV] END ....C=10, coef0=0.5, degree=3, gamma=1, kernel=poly; total time=   0.0s
[CV] END C=100, coef0=1.0, degree=3, gamma=0.001, kernel=poly; total time=   0.0s
[CV] END C=100, coef0=1.0, degree=3, gamma=0.001, kernel=poly; total time=   0.0s
[CV] END C=100, coef0=1.0, degree=3, gamma=0.001, kernel=poly; total time=   0.0s
[CV] END C=100, coef0=1.0, degree=3, gamma=0.001, kernel=poly; total time=   0.0s
[CV] END C=100, coef0=1.0, degree=3, gamma=0.001, kernel=poly; total time=   0.0s
[CV] END ...C=0.1, coef0=0.0, degree=2, gamma=1, kernel=poly; total time=   0.0s
[CV] END ...C=0.1, coef0=0.0, degree=2, gamma=1, kernel=poly; total time=   0.0s
[CV] END ...C=0.1, coef0=0.0, degree=2, gamma=1, kernel=poly; total time=   0.0s
[CV] END ...C=0.1, coef0=0.0, degree=2, gamma=1, kernel=poly; total time=   0.0s
[CV] END ...C=0.1, coef0=0.0, degree=2, gamma=1, kernel=poly; total time=   0.0s
[CV] END ..C=10, coef0=0.0, degree=2, gamma=0.1, kernel=poly; total time=   0.0s
[CV] END ..C=10, coef0=0.0, degree=2, gamma=0.1, kernel=poly; total time=   0.0s
[CV] END ..C=10, coef0=0.0, degree=2, gamma=0.1, kernel=poly; total time=   0.0s
[CV] END ..C=10, coef0=0.0, degree=2, gamma=0.1, kernel=poly; total time=   0.0s
[CV] END ..C=10, coef0=0.0, degree=2, gamma=0.1, kernel=poly; total time=   0.0s
[CV] END ...C=100, coef0=0.0, degree=2, gamma=1, kernel=poly; total time=   0.0s
[CV] END ...C=100, coef0=0.0, degree=2, gamma=1, kernel=poly; total time=   0.0s
[CV] END ...C=100, coef0=0.0, degree=2, gamma=1, kernel=poly; total time=   0.0s
[CV] END ...C=100, coef0=0.0, degree=2, gamma=1, kernel=poly; total time=   0.0s
[CV] END ...C=100, coef0=0.0, degree=2, gamma=1, kernel=poly; total time=   0.0s
[CV] END C=100, coef0=0.0, degree=3, gamma=0.01, kernel=poly; total time=   0.0s
[CV] END C=100, coef0=0.0, degree=3, gamma=0.01, kernel=poly; total time=   0.0s
[CV] END C=100, coef0=0.0, degree=3, gamma=0.01, kernel=poly; total time=   0.0s
[CV] END C=100, coef0=0.0, degree=3, gamma=0.01, kernel=poly; total time=   0.0s
[CV] END C=100, coef0=0.0, degree=3, gamma=0.01, kernel=poly; total time=   0.0s
[CV] END ............C=1, coef0=0.0, gamma=1, kernel=sigmoid; total time=   0.0s
[CV] END ............C=1, coef0=0.0, gamma=1, kernel=sigmoid; total time=   0.0s
[CV] END ............C=1, coef0=0.0, gamma=1, kernel=sigmoid; total time=   0.0s
[CV] END ............C=1, coef0=0.0, gamma=1, kernel=sigmoid; total time=   0.0s
[CV] END ............C=1, coef0=0.0, gamma=1, kernel=sigmoid; total time=   0.0s
[CV] END .C=0.1, coef0=0.5, degree=3, gamma=0.1, kernel=poly; total time=   0.0s
[CV] END .C=0.1, coef0=0.5, degree=3, gamma=0.1, kernel=poly; total time=   0.0s
[CV] END .C=0.1, coef0=0.5, degree=3, gamma=0.1, kernel=poly; total time=   0.0s
[CV] END .C=0.1, coef0=0.5, degree=3, gamma=0.1, kernel=poly; total time=   0.0s
[CV] END .C=0.1, coef0=0.5, degree=3, gamma=0.1, kernel=poly; total time=   0.0s
[CV] END ...C=0.1, coef0=1.0, degree=3, gamma=1, kernel=poly; total time=   0.0s
[CV] END ...C=0.1, coef0=1.0, degree=3, gamma=1, kernel=poly; total time=   0.0s
[CV] END ...C=0.1, coef0=1.0, degree=3, gamma=1, kernel=poly; total time=   0.0s
[CV] END ...C=0.1, coef0=1.0, degree=3, gamma=1, kernel=poly; total time=   0.0s
[CV] END ...C=0.1, coef0=1.0, degree=3, gamma=1, kernel=poly; total time=   0.0s
[CV] END ........C=100, coef0=0.0, gamma=0.1, kernel=sigmoid; total time=   0.0s
[CV] END ........C=100, coef0=0.0, gamma=0.1, kernel=sigmoid; total time=   0.0s
[CV] END ........C=100, coef0=0.0, gamma=0.1, kernel=sigmoid; total time=   0.0s
[CV] END ........C=100, coef0=0.0, gamma=0.1, kernel=sigmoid; total time=   0.0s
[CV] END ........C=100, coef0=0.0, gamma=0.1, kernel=sigmoid; total time=   0.0s
[CV] END .C=0.1, coef0=1.0, degree=4, gamma=0.1, kernel=poly; total time=   0.0s
[CV] END .C=0.1, coef0=1.0, degree=4, gamma=0.1, kernel=poly; total time=   0.0s
[CV] END .C=0.1, coef0=1.0, degree=4, gamma=0.1, kernel=poly; total time=   0.0s
[CV] END .C=0.1, coef0=1.0, degree=4, gamma=0.1, kernel=poly; total time=   0.0s
[CV] END .C=0.1, coef0=1.0, degree=4, gamma=0.1, kernel=poly; total time=   0.0s
[CV] END .........................C=100, gamma=1, kernel=rbf; total time=   0.0s
[CV] END .........................C=100, gamma=1, kernel=rbf; total time=   0.0s
[CV] END .........................C=100, gamma=1, kernel=rbf; total time=   0.0s
[CV] END .........................C=100, gamma=1, kernel=rbf; total time=   0.0s
[CV] END .........................C=100, gamma=1, kernel=rbf; total time=   0.0s
[CV] END C=0.1, coef0=0.5, degree=4, gamma=0.01, kernel=poly; total time=   0.0s
[CV] END C=0.1, coef0=0.5, degree=4, gamma=0.01, kernel=poly; total time=   0.0s
[CV] END C=0.1, coef0=0.5, degree=4, gamma=0.01, kernel=poly; total time=   0.0s
[CV] END C=0.1, coef0=0.5, degree=4, gamma=0.01, kernel=poly; total time=   0.0s
[CV] END C=0.1, coef0=0.5, degree=4, gamma=0.01, kernel=poly; total time=   0.0s
[CV] END C=0.1, coef0=1.0, degree=3, gamma=0.01, kernel=poly; total time=   0.0s
[CV] END C=0.1, coef0=1.0, degree=3, gamma=0.01, kernel=poly; total time=   0.0s
[CV] END C=0.1, coef0=1.0, degree=3, gamma=0.01, kernel=poly; total time=   0.0s
[CV] END C=0.1, coef0=1.0, degree=3, gamma=0.01, kernel=poly; total time=   0.0s
[CV] END C=0.1, coef0=1.0, degree=3, gamma=0.01, kernel=poly; total time=   0.0s
[CV] END C=10, coef0=0.1, degree=3, gamma=0.001, kernel=poly; total time=   0.0s
[CV] END C=10, coef0=0.1, degree=3, gamma=0.001, kernel=poly; total time=   0.0s
[CV] END C=10, coef0=0.1, degree=3, gamma=0.001, kernel=poly; total time=   0.0s
[CV] END C=10, coef0=0.1, degree=3, gamma=0.001, kernel=poly; total time=   0.0s
[CV] END C=10, coef0=0.1, degree=3, gamma=0.001, kernel=poly; total time=   0.0s
[CV] END ...........C=10, coef0=0.1, gamma=1, kernel=sigmoid; total time=   0.0s
[CV] END ...........C=10, coef0=0.1, gamma=1, kernel=sigmoid; total time=   0.0s
[CV] END ...........C=10, coef0=0.1, gamma=1, kernel=sigmoid; total time=   0.0s
[CV] END ...........C=10, coef0=0.1, gamma=1, kernel=sigmoid; total time=   0.0s
[CV] END ...........C=10, coef0=0.1, gamma=1, kernel=sigmoid; total time=   0.0s
[CV] END ...C=100, coef0=0.5, degree=3, gamma=1, kernel=poly; total time=   0.0s
[CV] END ...C=100, coef0=0.5, degree=3, gamma=1, kernel=poly; total time=   0.0s
[CV] END ...C=100, coef0=0.5, degree=3, gamma=1, kernel=poly; total time=   0.0s
[CV] END ...C=100, coef0=0.5, degree=3, gamma=1, kernel=poly; total time=   0.0s
[CV] END ...C=100, coef0=0.5, degree=3, gamma=1, kernel=poly; total time=   0.0s
[CV] END ..C=1, coef0=0.0, degree=4, gamma=0.01, kernel=poly; total time=   0.0s
[CV] END ..C=1, coef0=0.0, degree=4, gamma=0.01, kernel=poly; total time=   0.0s
[CV] END ..C=1, coef0=0.0, degree=4, gamma=0.01, kernel=poly; total time=   0.0s
[CV] END ..C=1, coef0=0.0, degree=4, gamma=0.01, kernel=poly; total time=   0.0s
[CV] END ..C=1, coef0=0.0, degree=4, gamma=0.01, kernel=poly; total time=   0.0s
[CV] END ...C=100, coef0=0.1, degree=2, gamma=1, kernel=poly; total time=   0.0s
[CV] END ...C=100, coef0=0.1, degree=2, gamma=1, kernel=poly; total time=   0.0s
[CV] END ...C=100, coef0=0.1, degree=2, gamma=1, kernel=poly; total time=   0.0s
[CV] END ...C=100, coef0=0.1, degree=2, gamma=1, kernel=poly; total time=   0.0s
[CV] END ...C=100, coef0=0.1, degree=2, gamma=1, kernel=poly; total time=   0.0s
[CV] END ....C=10, coef0=0.0, degree=3, gamma=1, kernel=poly; total time=   0.0s
[CV] END ....C=10, coef0=0.0, degree=3, gamma=1, kernel=poly; total time=   0.0s
[CV] END ....C=10, coef0=0.0, degree=3, gamma=1, kernel=poly; total time=   0.0s
[CV] END ....C=10, coef0=0.0, degree=3, gamma=1, kernel=poly; total time=   0.0s
[CV] END ....C=10, coef0=0.0, degree=3, gamma=1, kernel=poly; total time=   0.0s
[CV] END ..C=10, coef0=0.5, degree=4, gamma=0.1, kernel=poly; total time=   0.0s
[CV] END ..C=10, coef0=0.5, degree=4, gamma=0.1, kernel=poly; total time=   0.0s
[CV] END ..C=10, coef0=0.5, degree=4, gamma=0.1, kernel=poly; total time=   0.0s
[CV] END ..C=10, coef0=0.5, degree=4, gamma=0.1, kernel=poly; total time=   0.0s
[CV] END ..C=10, coef0=0.5, degree=4, gamma=0.1, kernel=poly; total time=   0.0s
[CV] END ......C=0.1, coef0=1.0, gamma=0.001, kernel=sigmoid; total time=   0.0s
[CV] END ......C=0.1, coef0=1.0, gamma=0.001, kernel=sigmoid; total time=   0.0s
[CV] END ......C=0.1, coef0=1.0, gamma=0.001, kernel=sigmoid; total time=   0.0s
[CV] END ......C=0.1, coef0=1.0, gamma=0.001, kernel=sigmoid; total time=   0.0s
[CV] END ......C=0.1, coef0=1.0, gamma=0.001, kernel=sigmoid; total time=   0.0s
[CV] END .........C=1, coef0=0.0, gamma=0.01, kernel=sigmoid; total time=   0.0s
[CV] END .........C=1, coef0=0.0, gamma=0.01, kernel=sigmoid; total time=   0.0s
[CV] END .........C=1, coef0=0.0, gamma=0.01, kernel=sigmoid; total time=   0.0s
[CV] END .........C=1, coef0=0.0, gamma=0.01, kernel=sigmoid; total time=   0.0s
[CV] END .........C=1, coef0=0.0, gamma=0.01, kernel=sigmoid; total time=   0.0s
[CV] END ....C=10, coef0=0.5, degree=4, gamma=1, kernel=poly; total time=   0.0s
[CV] END ....C=10, coef0=0.5, degree=4, gamma=1, kernel=poly; total time=   0.0s
[CV] END ....C=10, coef0=0.5, degree=4, gamma=1, kernel=poly; total time=   0.0s
[CV] END ....C=10, coef0=0.5, degree=4, gamma=1, kernel=poly; total time=   0.0s
[CV] END ....C=10, coef0=0.5, degree=4, gamma=1, kernel=poly; total time=   0.0s
[CV] END ...C=0.1, coef0=0.1, degree=4, gamma=1, kernel=poly; total time=   0.0s
[CV] END ...C=0.1, coef0=0.1, degree=4, gamma=1, kernel=poly; total time=   0.0s
[CV] END ...C=0.1, coef0=0.1, degree=4, gamma=1, kernel=poly; total time=   0.0s
[CV] END ...C=0.1, coef0=0.1, degree=4, gamma=1, kernel=poly; total time=   0.0s
[CV] END ...C=0.1, coef0=0.1, degree=4, gamma=1, kernel=poly; total time=   0.0s
[CV] END .C=100, coef0=0.0, degree=2, gamma=0.1, kernel=poly; total time=   0.0s
[CV] END .C=100, coef0=0.0, degree=2, gamma=0.1, kernel=poly; total time=   0.0s
[CV] END .C=100, coef0=0.0, degree=2, gamma=0.1, kernel=poly; total time=   0.0s
[CV] END .C=100, coef0=0.0, degree=2, gamma=0.1, kernel=poly; total time=   0.0s
[CV] END .C=100, coef0=0.0, degree=2, gamma=0.1, kernel=poly; total time=   0.0s
[CV] END .C=100, coef0=0.1, degree=4, gamma=0.1, kernel=poly; total time=   0.0s
[CV] END .C=100, coef0=0.1, degree=4, gamma=0.1, kernel=poly; total time=   0.0s
[CV] END .C=100, coef0=0.1, degree=4, gamma=0.1, kernel=poly; total time=   0.0s
[CV] END .C=100, coef0=0.1, degree=4, gamma=0.1, kernel=poly; total time=   0.0s
[CV] END .C=100, coef0=0.1, degree=4, gamma=0.1, kernel=poly; total time=   0.0s
RandomizedSearchCV fitting completed.
Best Parameters Found: {'kernel': 'poly', 'gamma': 0.001, 'degree': 4, 'coef0': 1.0, 'C': 10}
Accuracy:  0.5952
Recall:    0.2667
Precision: 0.4000
F1 Score:  0.3200
Classification report:
               precision    recall  f1-score   support

           0       0.66      0.78      0.71        27
           1       0.40      0.27      0.32        15

    accuracy                           0.60        42
   macro avg       0.53      0.52      0.52        42
weighted avg       0.56      0.60      0.57        42


=== Metrics for SVC ===

Per-Class Metrics:
  Control:
    Precision: 0.656
    Recall:    0.778
    F1 Score:  0.712
    Support:   27
  Autism:
    Precision: 0.400
    Recall:    0.267
    F1 Score:  0.320
    Support:   15

Overall Metrics:
  Specificity:          0.778
  Sensitivity:          0.267
  AUROC:                0.385
  Accuracy:             0.595
  Balanced Accuracy:    0.522
Classification report:
               precision    recall  f1-score   support

           0       0.62      0.74      0.68        27
           1       0.30      0.20      0.24        15

    accuracy                           0.55        42
   macro avg       0.46      0.47      0.46        42
weighted avg       0.51      0.55      0.52        42


=== Metrics for RandomForestClassifier ===

Per-Class Metrics:
  Control:
    Precision: 0.625
    Recall:    0.741
    F1 Score:  0.678
    Support:   27
  Autism:
    Precision: 0.300
    Recall:    0.200
    F1 Score:  0.240
    Support:   15

Overall Metrics:
  Specificity:          0.741
  Sensitivity:          0.200
  AUROC:                0.502
  Accuracy:             0.548
  Balanced Accuracy:    0.470
Classification report:
               precision    recall  f1-score   support

           0       0.61      0.52      0.56        27
           1       0.32      0.40      0.35        15

    accuracy                           0.48        42
   macro avg       0.46      0.46      0.46        42
weighted avg       0.50      0.48      0.49        42


=== Metrics for DecisionTreeClassifier ===

Per-Class Metrics:
  Control:
    Precision: 0.609
    Recall:    0.519
    F1 Score:  0.560
    Support:   27
  Autism:
    Precision: 0.316
    Recall:    0.400
    F1 Score:  0.353
    Support:   15

Overall Metrics:
  Specificity:          0.519
  Sensitivity:          0.400
  AUROC:                0.459
  Accuracy:             0.476
  Balanced Accuracy:    0.459
Classification report:
               precision    recall  f1-score   support

           0       0.71      0.81      0.76        27
           1       0.55      0.40      0.46        15

    accuracy                           0.67        42
   macro avg       0.63      0.61      0.61        42
weighted avg       0.65      0.67      0.65        42


=== Metrics for MLPClassifier ===

Per-Class Metrics:
  Control:
    Precision: 0.710
    Recall:    0.815
    F1 Score:  0.759
    Support:   27
  Autism:
    Precision: 0.545
    Recall:    0.400
    F1 Score:  0.462
    Support:   15

Overall Metrics:
  Specificity:          0.815
  Sensitivity:          0.400
  AUROC:                0.528
  Accuracy:             0.667
  Balanced Accuracy:    0.607
