Running Stratified KFold Cross-Validation...

=== Fold 1 | DUMSKF5_COMBINED_ONLYNYU_NOFS Data ===

=== Fold 1 | Dummy
Classification report:
               precision    recall  f1-score   support

           0       0.58      0.55      0.56        20
           1       0.44      0.47      0.45        15

    accuracy                           0.51        35
   macro avg       0.51      0.51      0.51        35
weighted avg       0.52      0.51      0.52        35


=== Metrics for DummyClassifier ===

Per-Class Metrics:
  Control:
    Precision: 0.579
    Recall:    0.550
    F1 Score:  0.564
    Support:   20
  Autism:
    Precision: 0.438
    Recall:    0.467
    F1 Score:  0.452
    Support:   15

Overall Metrics:
  Specificity:          0.550
  Sensitivity:          0.467
  AUROC:                0.592
  Accuracy:             0.514
  Balanced Accuracy:    0.508
=====================================

=== Metrics by Sex ===

 Sex: 2
Classification report:
               precision    recall  f1-score   support

           0       0.67      0.50      0.57         4
           1       0.50      0.67      0.57         3

    accuracy                           0.57         7
   macro avg       0.58      0.58      0.57         7
weighted avg       0.60      0.57      0.57         7


=== Metrics for Sex=2 ===

Per-Class Metrics:
  Control:
    Precision: 0.667
    Recall:    0.500
    F1 Score:  0.571
    Support:   4
  Autism:
    Precision: 0.500
    Recall:    0.667
    F1 Score:  0.571
    Support:   3

Overall Metrics:
  Specificity:          0.500
  Sensitivity:          0.667
  AUROC:                0.708
  Accuracy:             0.571
  Balanced Accuracy:    0.583
=====================================

 Sex: 1
Classification report:
               precision    recall  f1-score   support

           0       0.56      0.56      0.56        16
           1       0.42      0.42      0.42        12

    accuracy                           0.50        28
   macro avg       0.49      0.49      0.49        28
weighted avg       0.50      0.50      0.50        28


=== Metrics for Sex=1 ===

Per-Class Metrics:
  Control:
    Precision: 0.562
    Recall:    0.562
    F1 Score:  0.562
    Support:   16
  Autism:
    Precision: 0.417
    Recall:    0.417
    F1 Score:  0.417
    Support:   12

Overall Metrics:
  Specificity:          0.562
  Sensitivity:          0.417
  AUROC:                0.562
  Accuracy:             0.500
  Balanced Accuracy:    0.490
=====================================

=== Metrics by AgeGroup ===

 AgeGroup: 12-18
Classification report:
               precision    recall  f1-score   support

           0       0.62      0.56      0.59         9
           1       0.33      0.40      0.36         5

    accuracy                           0.50        14
   macro avg       0.48      0.48      0.48        14
weighted avg       0.52      0.50      0.51        14


=== Metrics for AgeGroup=12-18 ===

Per-Class Metrics:
  Control:
    Precision: 0.625
    Recall:    0.556
    F1 Score:  0.588
    Support:   9
  Autism:
    Precision: 0.333
    Recall:    0.400
    F1 Score:  0.364
    Support:   5

Overall Metrics:
  Specificity:          0.556
  Sensitivity:          0.400
  AUROC:                0.489
  Accuracy:             0.500
  Balanced Accuracy:    0.478
=====================================

 AgeGroup: 0-11
Classification report:
               precision    recall  f1-score   support

           0       0.83      0.71      0.77         7
           1       0.60      0.75      0.67         4

    accuracy                           0.73        11
   macro avg       0.72      0.73      0.72        11
weighted avg       0.75      0.73      0.73        11


=== Metrics for AgeGroup=0-11 ===

Per-Class Metrics:
  Control:
    Precision: 0.833
    Recall:    0.714
    F1 Score:  0.769
    Support:   7
  Autism:
    Precision: 0.600
    Recall:    0.750
    F1 Score:  0.667
    Support:   4

Overall Metrics:
  Specificity:          0.714
  Sensitivity:          0.750
  AUROC:                0.732
  Accuracy:             0.727
  Balanced Accuracy:    0.732
=====================================

 AgeGroup: 30+
Classification report:
               precision    recall  f1-score   support

           0       0.50      0.50      0.50         2
           1       0.00      0.00      0.00         1

    accuracy                           0.33         3
   macro avg       0.25      0.25      0.25         3
weighted avg       0.33      0.33      0.33         3


=== Metrics for AgeGroup=30+ ===

Per-Class Metrics:
  Control:
    Precision: 0.500
    Recall:    0.500
    F1 Score:  0.500
    Support:   2
  Autism:
    Precision: 0.000
    Recall:    0.000
    F1 Score:  0.000
    Support:   1

Overall Metrics:
  Specificity:          0.500
  Sensitivity:          0.000
  AUROC:                0.750
  Accuracy:             0.333
  Balanced Accuracy:    0.250
=====================================

 AgeGroup: 19-30
Classification report:
               precision    recall  f1-score   support

           0       0.00      0.00      0.00         2
           1       0.50      0.40      0.44         5

    accuracy                           0.29         7
   macro avg       0.25      0.20      0.22         7
weighted avg       0.36      0.29      0.32         7


=== Metrics for AgeGroup=19-30 ===

Per-Class Metrics:
  Control:
    Precision: 0.000
    Recall:    0.000
    F1 Score:  0.000
    Support:   2
  Autism:
    Precision: 0.500
    Recall:    0.400
    F1 Score:  0.444
    Support:   5

Overall Metrics:
  Specificity:          0.000
  Sensitivity:          0.400
  AUROC:                0.300
  Accuracy:             0.286
  Balanced Accuracy:    0.200
=====================================

=== Fold 2 | DUMSKF5_COMBINED_ONLYNYU_NOFS Data ===

=== Fold 2 | Dummy
Classification report:
               precision    recall  f1-score   support

           0       0.54      0.35      0.42        20
           1       0.41      0.60      0.49        15

    accuracy                           0.46        35
   macro avg       0.47      0.47      0.46        35
weighted avg       0.48      0.46      0.45        35


=== Metrics for DummyClassifier ===

Per-Class Metrics:
  Control:
    Precision: 0.538
    Recall:    0.350
    F1 Score:  0.424
    Support:   20
  Autism:
    Precision: 0.409
    Recall:    0.600
    F1 Score:  0.486
    Support:   15

Overall Metrics:
  Specificity:          0.350
  Sensitivity:          0.600
  AUROC:                0.458
  Accuracy:             0.457
  Balanced Accuracy:    0.475
=====================================

=== Metrics by Sex ===

 Sex: 1
Classification report:
               precision    recall  f1-score   support

           0       0.55      0.35      0.43        17
           1       0.45      0.64      0.53        14

    accuracy                           0.48        31
   macro avg       0.50      0.50      0.48        31
weighted avg       0.50      0.48      0.47        31


=== Metrics for Sex=1 ===

Per-Class Metrics:
  Control:
    Precision: 0.545
    Recall:    0.353
    F1 Score:  0.429
    Support:   17
  Autism:
    Precision: 0.450
    Recall:    0.643
    F1 Score:  0.529
    Support:   14

Overall Metrics:
  Specificity:          0.353
  Sensitivity:          0.643
  AUROC:                0.485
  Accuracy:             0.484
  Balanced Accuracy:    0.498
=====================================

 Sex: 2
Classification report:
               precision    recall  f1-score   support

           0       0.50      0.33      0.40         3
           1       0.00      0.00      0.00         1

    accuracy                           0.25         4
   macro avg       0.25      0.17      0.20         4
weighted avg       0.38      0.25      0.30         4


=== Metrics for Sex=2 ===

Per-Class Metrics:
  Control:
    Precision: 0.500
    Recall:    0.333
    F1 Score:  0.400
    Support:   3
  Autism:
    Precision: 0.000
    Recall:    0.000
    F1 Score:  0.000
    Support:   1

Overall Metrics:
  Specificity:          0.333
  Sensitivity:          0.000
  AUROC:                0.167
  Accuracy:             0.250
  Balanced Accuracy:    0.167
=====================================

=== Metrics by AgeGroup ===

 AgeGroup: 12-18
Classification report:
               precision    recall  f1-score   support

           0       0.50      0.14      0.22         7
           1       0.50      0.86      0.63         7

    accuracy                           0.50        14
   macro avg       0.50      0.50      0.43        14
weighted avg       0.50      0.50      0.43        14


=== Metrics for AgeGroup=12-18 ===

Per-Class Metrics:
  Control:
    Precision: 0.500
    Recall:    0.143
    F1 Score:  0.222
    Support:   7
  Autism:
    Precision: 0.500
    Recall:    0.857
    F1 Score:  0.632
    Support:   7

Overall Metrics:
  Specificity:          0.143
  Sensitivity:          0.857
  AUROC:                0.500
  Accuracy:             0.500
  Balanced Accuracy:    0.500
=====================================

 AgeGroup: 0-11
Classification report:
               precision    recall  f1-score   support

           0       0.17      0.25      0.20         4
           1       0.40      0.29      0.33         7

    accuracy                           0.27        11
   macro avg       0.28      0.27      0.27        11
weighted avg       0.32      0.27      0.28        11


=== Metrics for AgeGroup=0-11 ===

Per-Class Metrics:
  Control:
    Precision: 0.167
    Recall:    0.250
    F1 Score:  0.200
    Support:   4
  Autism:
    Precision: 0.400
    Recall:    0.286
    F1 Score:  0.333
    Support:   7

Overall Metrics:
  Specificity:          0.250
  Sensitivity:          0.286
  AUROC:                0.518
  Accuracy:             0.273
  Balanced Accuracy:    0.268
=====================================

 AgeGroup: 19-30
Classification report:
               precision    recall  f1-score   support

           0       1.00      0.50      0.67         8
           1       0.20      1.00      0.33         1

    accuracy                           0.56         9
   macro avg       0.60      0.75      0.50         9
weighted avg       0.91      0.56      0.63         9


=== Metrics for AgeGroup=19-30 ===

Per-Class Metrics:
  Control:
    Precision: 1.000
    Recall:    0.500
    F1 Score:  0.667
    Support:   8
  Autism:
    Precision: 0.200
    Recall:    1.000
    F1 Score:  0.333
    Support:   1

Overall Metrics:
  Specificity:          0.500
  Sensitivity:          1.000
  AUROC:                0.250
  Accuracy:             0.556
  Balanced Accuracy:    0.750
=====================================
Skipping AgeGroup = 30+ --> only one class present.

=== Fold 3 | DUMSKF5_COMBINED_ONLYNYU_NOFS Data ===

=== Fold 3 | Dummy
Classification report:
               precision    recall  f1-score   support

           0       0.65      0.58      0.61        19
           1       0.53      0.60      0.56        15

    accuracy                           0.59        34
   macro avg       0.59      0.59      0.59        34
weighted avg       0.60      0.59      0.59        34


=== Metrics for DummyClassifier ===

Per-Class Metrics:
  Control:
    Precision: 0.647
    Recall:    0.579
    F1 Score:  0.611
    Support:   19
  Autism:
    Precision: 0.529
    Recall:    0.600
    F1 Score:  0.562
    Support:   15

Overall Metrics:
  Specificity:          0.579
  Sensitivity:          0.600
  AUROC:                0.535
  Accuracy:             0.588
  Balanced Accuracy:    0.589
=====================================

=== Metrics by Sex ===

 Sex: 1
Classification report:
               precision    recall  f1-score   support

           0       0.45      0.62      0.53         8
           1       0.70      0.54      0.61        13

    accuracy                           0.57        21
   macro avg       0.58      0.58      0.57        21
weighted avg       0.61      0.57      0.58        21


=== Metrics for Sex=1 ===

Per-Class Metrics:
  Control:
    Precision: 0.455
    Recall:    0.625
    F1 Score:  0.526
    Support:   8
  Autism:
    Precision: 0.700
    Recall:    0.538
    F1 Score:  0.609
    Support:   13

Overall Metrics:
  Specificity:          0.625
  Sensitivity:          0.538
  AUROC:                0.442
  Accuracy:             0.571
  Balanced Accuracy:    0.582
=====================================

 Sex: 2
Classification report:
               precision    recall  f1-score   support

           0       1.00      0.55      0.71        11
           1       0.29      1.00      0.44         2

    accuracy                           0.62        13
   macro avg       0.64      0.77      0.58        13
weighted avg       0.89      0.62      0.67        13


=== Metrics for Sex=2 ===

Per-Class Metrics:
  Control:
    Precision: 1.000
    Recall:    0.545
    F1 Score:  0.706
    Support:   11
  Autism:
    Precision: 0.286
    Recall:    1.000
    F1 Score:  0.444
    Support:   2

Overall Metrics:
  Specificity:          0.545
  Sensitivity:          1.000
  AUROC:                0.455
  Accuracy:             0.615
  Balanced Accuracy:    0.773
=====================================

=== Metrics by AgeGroup ===

 AgeGroup: 19-30
Classification report:
               precision    recall  f1-score   support

           0       0.80      0.80      0.80         5
           1       0.67      0.67      0.67         3

    accuracy                           0.75         8
   macro avg       0.73      0.73      0.73         8
weighted avg       0.75      0.75      0.75         8


=== Metrics for AgeGroup=19-30 ===

Per-Class Metrics:
  Control:
    Precision: 0.800
    Recall:    0.800
    F1 Score:  0.800
    Support:   5
  Autism:
    Precision: 0.667
    Recall:    0.667
    F1 Score:  0.667
    Support:   3

Overall Metrics:
  Specificity:          0.800
  Sensitivity:          0.667
  AUROC:                0.367
  Accuracy:             0.750
  Balanced Accuracy:    0.733
=====================================

 AgeGroup: 0-11
Classification report:
               precision    recall  f1-score   support

           0       0.00      0.00      0.00         4
           1       0.43      0.60      0.50         5

    accuracy                           0.33         9
   macro avg       0.21      0.30      0.25         9
weighted avg       0.24      0.33      0.28         9


=== Metrics for AgeGroup=0-11 ===

Per-Class Metrics:
  Control:
    Precision: 0.000
    Recall:    0.000
    F1 Score:  0.000
    Support:   4
  Autism:
    Precision: 0.429
    Recall:    0.600
    F1 Score:  0.500
    Support:   5

Overall Metrics:
  Specificity:          0.000
  Sensitivity:          0.600
  AUROC:                0.475
  Accuracy:             0.333
  Balanced Accuracy:    0.300
=====================================

 AgeGroup: 12-18
Classification report:
               precision    recall  f1-score   support

           0       0.70      0.70      0.70        10
           1       0.50      0.50      0.50         6

    accuracy                           0.62        16
   macro avg       0.60      0.60      0.60        16
weighted avg       0.62      0.62      0.62        16


=== Metrics for AgeGroup=12-18 ===

Per-Class Metrics:
  Control:
    Precision: 0.700
    Recall:    0.700
    F1 Score:  0.700
    Support:   10
  Autism:
    Precision: 0.500
    Recall:    0.500
    F1 Score:  0.500
    Support:   6

Overall Metrics:
  Specificity:          0.700
  Sensitivity:          0.500
  AUROC:                0.700
  Accuracy:             0.625
  Balanced Accuracy:    0.600
=====================================
Skipping AgeGroup = 30+ --> only one class present.

=== Fold 4 | DUMSKF5_COMBINED_ONLYNYU_NOFS Data ===

=== Fold 4 | Dummy
Classification report:
               precision    recall  f1-score   support

           0       0.65      0.68      0.67        19
           1       0.57      0.53      0.55        15

    accuracy                           0.62        34
   macro avg       0.61      0.61      0.61        34
weighted avg       0.62      0.62      0.62        34


=== Metrics for DummyClassifier ===

Per-Class Metrics:
  Control:
    Precision: 0.650
    Recall:    0.684
    F1 Score:  0.667
    Support:   19
  Autism:
    Precision: 0.571
    Recall:    0.533
    F1 Score:  0.552
    Support:   15

Overall Metrics:
  Specificity:          0.684
  Sensitivity:          0.533
  AUROC:                0.581
  Accuracy:             0.618
  Balanced Accuracy:    0.609
=====================================

=== Metrics by Sex ===

 Sex: 1
Classification report:
               precision    recall  f1-score   support

           0       0.54      0.54      0.54        13
           1       0.54      0.54      0.54        13

    accuracy                           0.54        26
   macro avg       0.54      0.54      0.54        26
weighted avg       0.54      0.54      0.54        26


=== Metrics for Sex=1 ===

Per-Class Metrics:
  Control:
    Precision: 0.538
    Recall:    0.538
    F1 Score:  0.538
    Support:   13
  Autism:
    Precision: 0.538
    Recall:    0.538
    F1 Score:  0.538
    Support:   13

Overall Metrics:
  Specificity:          0.538
  Sensitivity:          0.538
  AUROC:                0.577
  Accuracy:             0.538
  Balanced Accuracy:    0.538
=====================================

 Sex: 2
Classification report:
               precision    recall  f1-score   support

           0       0.86      1.00      0.92         6
           1       1.00      0.50      0.67         2

    accuracy                           0.88         8
   macro avg       0.93      0.75      0.79         8
weighted avg       0.89      0.88      0.86         8


=== Metrics for Sex=2 ===

Per-Class Metrics:
  Control:
    Precision: 0.857
    Recall:    1.000
    F1 Score:  0.923
    Support:   6
  Autism:
    Precision: 1.000
    Recall:    0.500
    F1 Score:  0.667
    Support:   2

Overall Metrics:
  Specificity:          1.000
  Sensitivity:          0.500
  AUROC:                0.500
  Accuracy:             0.875
  Balanced Accuracy:    0.750
=====================================

=== Metrics by AgeGroup ===

 AgeGroup: 0-11
Classification report:
               precision    recall  f1-score   support

           0       0.29      0.50      0.36         4
           1       0.33      0.17      0.22         6

    accuracy                           0.30        10
   macro avg       0.31      0.33      0.29        10
weighted avg       0.31      0.30      0.28        10


=== Metrics for AgeGroup=0-11 ===

Per-Class Metrics:
  Control:
    Precision: 0.286
    Recall:    0.500
    F1 Score:  0.364
    Support:   4
  Autism:
    Precision: 0.333
    Recall:    0.167
    F1 Score:  0.222
    Support:   6

Overall Metrics:
  Specificity:          0.500
  Sensitivity:          0.167
  AUROC:                0.667
  Accuracy:             0.300
  Balanced Accuracy:    0.333
=====================================

 AgeGroup: 12-18
Classification report:
               precision    recall  f1-score   support

           0       0.89      0.67      0.76        12
           1       0.50      0.80      0.62         5

    accuracy                           0.71        17
   macro avg       0.69      0.73      0.69        17
weighted avg       0.77      0.71      0.72        17


=== Metrics for AgeGroup=12-18 ===

Per-Class Metrics:
  Control:
    Precision: 0.889
    Recall:    0.667
    F1 Score:  0.762
    Support:   12
  Autism:
    Precision: 0.500
    Recall:    0.800
    F1 Score:  0.615
    Support:   5

Overall Metrics:
  Specificity:          0.667
  Sensitivity:          0.800
  AUROC:                0.517
  Accuracy:             0.706
  Balanced Accuracy:    0.733
=====================================

 AgeGroup: 19-30
Classification report:
               precision    recall  f1-score   support

           0       0.75      1.00      0.86         3
           1       1.00      0.75      0.86         4

    accuracy                           0.86         7
   macro avg       0.88      0.88      0.86         7
weighted avg       0.89      0.86      0.86         7


=== Metrics for AgeGroup=19-30 ===

Per-Class Metrics:
  Control:
    Precision: 0.750
    Recall:    1.000
    F1 Score:  0.857
    Support:   3
  Autism:
    Precision: 1.000
    Recall:    0.750
    F1 Score:  0.857
    Support:   4

Overall Metrics:
  Specificity:          1.000
  Sensitivity:          0.750
  AUROC:                0.625
  Accuracy:             0.857
  Balanced Accuracy:    0.875
=====================================

=== Fold 5 | DUMSKF5_COMBINED_ONLYNYU_NOFS Data ===

=== Fold 5 | Dummy
Classification report:
               precision    recall  f1-score   support

           0       0.72      0.65      0.68        20
           1       0.56      0.64      0.60        14

    accuracy                           0.65        34
   macro avg       0.64      0.65      0.64        34
weighted avg       0.66      0.65      0.65        34


=== Metrics for DummyClassifier ===

Per-Class Metrics:
  Control:
    Precision: 0.722
    Recall:    0.650
    F1 Score:  0.684
    Support:   20
  Autism:
    Precision: 0.562
    Recall:    0.643
    F1 Score:  0.600
    Support:   14

Overall Metrics:
  Specificity:          0.650
  Sensitivity:          0.643
  AUROC:                0.561
  Accuracy:             0.647
  Balanced Accuracy:    0.646
=====================================

=== Metrics by Sex ===

 Sex: 1
Classification report:
               precision    recall  f1-score   support

           0       0.73      0.61      0.67        18
           1       0.53      0.67      0.59        12

    accuracy                           0.63        30
   macro avg       0.63      0.64      0.63        30
weighted avg       0.65      0.63      0.64        30


=== Metrics for Sex=1 ===

Per-Class Metrics:
  Control:
    Precision: 0.733
    Recall:    0.611
    F1 Score:  0.667
    Support:   18
  Autism:
    Precision: 0.533
    Recall:    0.667
    F1 Score:  0.593
    Support:   12

Overall Metrics:
  Specificity:          0.611
  Sensitivity:          0.667
  AUROC:                0.500
  Accuracy:             0.633
  Balanced Accuracy:    0.639
=====================================

 Sex: 2
Classification report:
               precision    recall  f1-score   support

           0       0.67      1.00      0.80         2
           1       1.00      0.50      0.67         2

    accuracy                           0.75         4
   macro avg       0.83      0.75      0.73         4
weighted avg       0.83      0.75      0.73         4


=== Metrics for Sex=2 ===

Per-Class Metrics:
  Control:
    Precision: 0.667
    Recall:    1.000
    F1 Score:  0.800
    Support:   2
  Autism:
    Precision: 1.000
    Recall:    0.500
    F1 Score:  0.667
    Support:   2

Overall Metrics:
  Specificity:          1.000
  Sensitivity:          0.500
  AUROC:                1.000
  Accuracy:             0.750
  Balanced Accuracy:    0.750
=====================================

=== Metrics by AgeGroup ===

 AgeGroup: 19-30
Classification report:
               precision    recall  f1-score   support

           0       0.88      0.88      0.88         8
           1       0.67      0.67      0.67         3

    accuracy                           0.82        11
   macro avg       0.77      0.77      0.77        11
weighted avg       0.82      0.82      0.82        11


=== Metrics for AgeGroup=19-30 ===

Per-Class Metrics:
  Control:
    Precision: 0.875
    Recall:    0.875
    F1 Score:  0.875
    Support:   8
  Autism:
    Precision: 0.667
    Recall:    0.667
    F1 Score:  0.667
    Support:   3

Overall Metrics:
  Specificity:          0.875
  Sensitivity:          0.667
  AUROC:                0.646
  Accuracy:             0.818
  Balanced Accuracy:    0.771
=====================================

 AgeGroup: 0-11
Classification report:
               precision    recall  f1-score   support

           0       0.50      0.50      0.50         4
           1       0.75      0.75      0.75         8

    accuracy                           0.67        12
   macro avg       0.62      0.62      0.62        12
weighted avg       0.67      0.67      0.67        12


=== Metrics for AgeGroup=0-11 ===

Per-Class Metrics:
  Control:
    Precision: 0.500
    Recall:    0.500
    F1 Score:  0.500
    Support:   4
  Autism:
    Precision: 0.750
    Recall:    0.750
    F1 Score:  0.750
    Support:   8

Overall Metrics:
  Specificity:          0.500
  Sensitivity:          0.750
  AUROC:                0.375
  Accuracy:             0.667
  Balanced Accuracy:    0.625
=====================================

 AgeGroup: 12-18
Classification report:
               precision    recall  f1-score   support

           0       0.67      0.50      0.57         8
           1       0.20      0.33      0.25         3

    accuracy                           0.45        11
   macro avg       0.43      0.42      0.41        11
weighted avg       0.54      0.45      0.48        11


=== Metrics for AgeGroup=12-18 ===

Per-Class Metrics:
  Control:
    Precision: 0.667
    Recall:    0.500
    F1 Score:  0.571
    Support:   8
  Autism:
    Precision: 0.200
    Recall:    0.333
    F1 Score:  0.250
    Support:   3

Overall Metrics:
  Specificity:          0.500
  Sensitivity:          0.333
  AUROC:                0.646
  Accuracy:             0.455
  Balanced Accuracy:    0.417
=====================================
Running Stratified KFold Cross-Validation...

=== Fold 1 | DUMSKF5_FEMALE_ONLYNYU_NOFS Data ===

=== Fold 1 | Dummy
Classification report:
               precision    recall  f1-score   support

           0       0.71      0.83      0.77         6
           1       0.00      0.00      0.00         2

    accuracy                           0.62         8
   macro avg       0.36      0.42      0.38         8
weighted avg       0.54      0.62      0.58         8


=== Metrics for DummyClassifier ===

Per-Class Metrics:
  Control:
    Precision: 0.714
    Recall:    0.833
    F1 Score:  0.769
    Support:   6
  Autism:
    Precision: 0.000
    Recall:    0.000
    F1 Score:  0.000
    Support:   2

Overall Metrics:
  Specificity:          0.833
  Sensitivity:          0.000
  AUROC:                0.333
  Accuracy:             0.625
  Balanced Accuracy:    0.417
=====================================

=== Metrics by AgeGroup ===
Skipping AgeGroup = 12-18 --> only one class present.

 AgeGroup: 19-30
Classification report:
               precision    recall  f1-score   support

           0       0.50      0.50      0.50         2
           1       0.00      0.00      0.00         1

    accuracy                           0.33         3
   macro avg       0.25      0.25      0.25         3
weighted avg       0.33      0.33      0.33         3


=== Metrics for AgeGroup=19-30 ===

Per-Class Metrics:
  Control:
    Precision: 0.500
    Recall:    0.500
    F1 Score:  0.500
    Support:   2
  Autism:
    Precision: 0.000
    Recall:    0.000
    F1 Score:  0.000
    Support:   1

Overall Metrics:
  Specificity:          0.500
  Sensitivity:          0.000
  AUROC:                0.250
  Accuracy:             0.333
  Balanced Accuracy:    0.250
=====================================

 AgeGroup: 0-11
Classification report:
               precision    recall  f1-score   support

           0       0.50      1.00      0.67         1
           1       0.00      0.00      0.00         1

    accuracy                           0.50         2
   macro avg       0.25      0.50      0.33         2
weighted avg       0.25      0.50      0.33         2


=== Metrics for AgeGroup=0-11 ===

Per-Class Metrics:
  Control:
    Precision: 0.500
    Recall:    1.000
    F1 Score:  0.667
    Support:   1
  Autism:
    Precision: 0.000
    Recall:    0.000
    F1 Score:  0.000
    Support:   1

Overall Metrics:
  Specificity:          1.000
  Sensitivity:          0.000
  AUROC:                0.500
  Accuracy:             0.500
  Balanced Accuracy:    0.500
=====================================

=== Fold 2 | DUMSKF5_FEMALE_ONLYNYU_NOFS Data ===

=== Fold 2 | Dummy
Classification report:
               precision    recall  f1-score   support

           0       0.75      0.60      0.67         5
           1       0.33      0.50      0.40         2

    accuracy                           0.57         7
   macro avg       0.54      0.55      0.53         7
weighted avg       0.63      0.57      0.59         7


=== Metrics for DummyClassifier ===

Per-Class Metrics:
  Control:
    Precision: 0.750
    Recall:    0.600
    F1 Score:  0.667
    Support:   5
  Autism:
    Precision: 0.333
    Recall:    0.500
    F1 Score:  0.400
    Support:   2

Overall Metrics:
  Specificity:          0.600
  Sensitivity:          0.500
  AUROC:                0.750
  Accuracy:             0.571
  Balanced Accuracy:    0.550
=====================================

=== Metrics by AgeGroup ===
Skipping AgeGroup = 0-11 --> only one class present.

 AgeGroup: 12-18
Classification report:
               precision    recall  f1-score   support

           0       0.00      0.00      0.00         1
           1       0.50      0.50      0.50         2

    accuracy                           0.33         3
   macro avg       0.25      0.25      0.25         3
weighted avg       0.33      0.33      0.33         3


=== Metrics for AgeGroup=12-18 ===

Per-Class Metrics:
  Control:
    Precision: 0.000
    Recall:    0.000
    F1 Score:  0.000
    Support:   1
  Autism:
    Precision: 0.500
    Recall:    0.500
    F1 Score:  0.500
    Support:   2

Overall Metrics:
  Specificity:          0.000
  Sensitivity:          0.500
  AUROC:                0.750
  Accuracy:             0.333
  Balanced Accuracy:    0.250
=====================================

=== Fold 3 | DUMSKF5_FEMALE_ONLYNYU_NOFS Data ===

=== Fold 3 | Dummy
Classification report:
               precision    recall  f1-score   support

           0       0.83      1.00      0.91         5
           1       1.00      0.50      0.67         2

    accuracy                           0.86         7
   macro avg       0.92      0.75      0.79         7
weighted avg       0.88      0.86      0.84         7


=== Metrics for DummyClassifier ===

Per-Class Metrics:
  Control:
    Precision: 0.833
    Recall:    1.000
    F1 Score:  0.909
    Support:   5
  Autism:
    Precision: 1.000
    Recall:    0.500
    F1 Score:  0.667
    Support:   2

Overall Metrics:
  Specificity:          1.000
  Sensitivity:          0.500
  AUROC:                0.550
  Accuracy:             0.857
  Balanced Accuracy:    0.750
=====================================

=== Metrics by AgeGroup ===
Skipping AgeGroup = 19-30 --> only one class present.

 AgeGroup: 0-11
Classification report:
               precision    recall  f1-score   support

           0       0.67      1.00      0.80         2
           1       0.00      0.00      0.00         1

    accuracy                           0.67         3
   macro avg       0.33      0.50      0.40         3
weighted avg       0.44      0.67      0.53         3


=== Metrics for AgeGroup=0-11 ===

Per-Class Metrics:
  Control:
    Precision: 0.667
    Recall:    1.000
    F1 Score:  0.800
    Support:   2
  Autism:
    Precision: 0.000
    Recall:    0.000
    F1 Score:  0.000
    Support:   1

Overall Metrics:
  Specificity:          1.000
  Sensitivity:          0.000
  AUROC:                0.750
  Accuracy:             0.667
  Balanced Accuracy:    0.500
=====================================

 AgeGroup: 12-18
Classification report:
               precision    recall  f1-score   support

           0       1.00      1.00      1.00         2
           1       1.00      1.00      1.00         1

    accuracy                           1.00         3
   macro avg       1.00      1.00      1.00         3
weighted avg       1.00      1.00      1.00         3


=== Metrics for AgeGroup=12-18 ===

Per-Class Metrics:
  Control:
    Precision: 1.000
    Recall:    1.000
    F1 Score:  1.000
    Support:   2
  Autism:
    Precision: 1.000
    Recall:    1.000
    F1 Score:  1.000
    Support:   1

Overall Metrics:
  Specificity:          1.000
  Sensitivity:          1.000
  AUROC:                0.500
  Accuracy:             1.000
  Balanced Accuracy:    1.000
=====================================

=== Fold 4 | DUMSKF5_FEMALE_ONLYNYU_NOFS Data ===

=== Fold 4 | Dummy
Classification report:
               precision    recall  f1-score   support

           0       0.80      0.80      0.80         5
           1       0.50      0.50      0.50         2

    accuracy                           0.71         7
   macro avg       0.65      0.65      0.65         7
weighted avg       0.71      0.71      0.71         7


=== Metrics for DummyClassifier ===

Per-Class Metrics:
  Control:
    Precision: 0.800
    Recall:    0.800
    F1 Score:  0.800
    Support:   5
  Autism:
    Precision: 0.500
    Recall:    0.500
    F1 Score:  0.500
    Support:   2

Overall Metrics:
  Specificity:          0.800
  Sensitivity:          0.500
  AUROC:                0.500
  Accuracy:             0.714
  Balanced Accuracy:    0.650
=====================================

=== Metrics by AgeGroup ===

 AgeGroup: 19-30
Classification report:
               precision    recall  f1-score   support

           0       0.50      0.50      0.50         2
           1       0.50      0.50      0.50         2

    accuracy                           0.50         4
   macro avg       0.50      0.50      0.50         4
weighted avg       0.50      0.50      0.50         4


=== Metrics for AgeGroup=19-30 ===

Per-Class Metrics:
  Control:
    Precision: 0.500
    Recall:    0.500
    F1 Score:  0.500
    Support:   2
  Autism:
    Precision: 0.500
    Recall:    0.500
    F1 Score:  0.500
    Support:   2

Overall Metrics:
  Specificity:          0.500
  Sensitivity:          0.500
  AUROC:                0.500
  Accuracy:             0.500
  Balanced Accuracy:    0.500
=====================================
Skipping AgeGroup = 12-18 --> only one class present.

=== Fold 5 | DUMSKF5_FEMALE_ONLYNYU_NOFS Data ===

=== Fold 5 | Dummy
Classification report:
               precision    recall  f1-score   support

           0       0.71      1.00      0.83         5
           1       0.00      0.00      0.00         2

    accuracy                           0.71         7
   macro avg       0.36      0.50      0.42         7
weighted avg       0.51      0.71      0.60         7


=== Metrics for DummyClassifier ===

Per-Class Metrics:
  Control:
    Precision: 0.714
    Recall:    1.000
    F1 Score:  0.833
    Support:   5
  Autism:
    Precision: 0.000
    Recall:    0.000
    F1 Score:  0.000
    Support:   2

Overall Metrics:
  Specificity:          1.000
  Sensitivity:          0.000
  AUROC:                0.400
  Accuracy:             0.714
  Balanced Accuracy:    0.500
=====================================

=== Metrics by AgeGroup ===
Skipping AgeGroup = 19-30 --> only one class present.

 AgeGroup: 12-18
Classification report:
               precision    recall  f1-score   support

           0       0.75      1.00      0.86         3
           1       0.00      0.00      0.00         1

    accuracy                           0.75         4
   macro avg       0.38      0.50      0.43         4
weighted avg       0.56      0.75      0.64         4


=== Metrics for AgeGroup=12-18 ===

Per-Class Metrics:
  Control:
    Precision: 0.750
    Recall:    1.000
    F1 Score:  0.857
    Support:   3
  Autism:
    Precision: 0.000
    Recall:    0.000
    F1 Score:  0.000
    Support:   1

Overall Metrics:
  Specificity:          1.000
  Sensitivity:          0.000
  AUROC:                0.333
  Accuracy:             0.750
  Balanced Accuracy:    0.500
=====================================
Skipping AgeGroup = 30+ --> only one class present.
Running Stratified KFold Cross-Validation...

=== Fold 1 | DUMSKF5_MALE_ONLYNYU_NOFS Data ===

=== Fold 1 | Dummy
Classification report:
               precision    recall  f1-score   support

           0       0.47      0.53      0.50        15
           1       0.36      0.31      0.33        13

    accuracy                           0.43        28
   macro avg       0.42      0.42      0.42        28
weighted avg       0.42      0.43      0.42        28


=== Metrics for DummyClassifier ===

Per-Class Metrics:
  Control:
    Precision: 0.471
    Recall:    0.533
    F1 Score:  0.500
    Support:   15
  Autism:
    Precision: 0.364
    Recall:    0.308
    F1 Score:  0.333
    Support:   13

Overall Metrics:
  Specificity:          0.533
  Sensitivity:          0.308
  AUROC:                0.421
  Accuracy:             0.429
  Balanced Accuracy:    0.421
=====================================

=== Metrics by AgeGroup ===

 AgeGroup: 12-18
Classification report:
               precision    recall  f1-score   support

           0       0.43      0.38      0.40         8
           1       0.00      0.00      0.00         4

    accuracy                           0.25        12
   macro avg       0.21      0.19      0.20        12
weighted avg       0.29      0.25      0.27        12


=== Metrics for AgeGroup=12-18 ===

Per-Class Metrics:
  Control:
    Precision: 0.429
    Recall:    0.375
    F1 Score:  0.400
    Support:   8
  Autism:
    Precision: 0.000
    Recall:    0.000
    F1 Score:  0.000
    Support:   4

Overall Metrics:
  Specificity:          0.375
  Sensitivity:          0.000
  AUROC:                0.500
  Accuracy:             0.250
  Balanced Accuracy:    0.188
=====================================

 AgeGroup: 0-11
Classification report:
               precision    recall  f1-score   support

           0       0.67      0.50      0.57         4
           1       0.33      0.50      0.40         2

    accuracy                           0.50         6
   macro avg       0.50      0.50      0.49         6
weighted avg       0.56      0.50      0.51         6


=== Metrics for AgeGroup=0-11 ===

Per-Class Metrics:
  Control:
    Precision: 0.667
    Recall:    0.500
    F1 Score:  0.571
    Support:   4
  Autism:
    Precision: 0.333
    Recall:    0.500
    F1 Score:  0.400
    Support:   2

Overall Metrics:
  Specificity:          0.500
  Sensitivity:          0.500
  AUROC:                0.250
  Accuracy:             0.500
  Balanced Accuracy:    0.500
=====================================

 AgeGroup: 19-30
Classification report:
               precision    recall  f1-score   support

           0       0.33      1.00      0.50         2
           1       1.00      0.33      0.50         6

    accuracy                           0.50         8
   macro avg       0.67      0.67      0.50         8
weighted avg       0.83      0.50      0.50         8


=== Metrics for AgeGroup=19-30 ===

Per-Class Metrics:
  Control:
    Precision: 0.333
    Recall:    1.000
    F1 Score:  0.500
    Support:   2
  Autism:
    Precision: 1.000
    Recall:    0.333
    F1 Score:  0.500
    Support:   6

Overall Metrics:
  Specificity:          1.000
  Sensitivity:          0.333
  AUROC:                0.667
  Accuracy:             0.500
  Balanced Accuracy:    0.667
=====================================

 AgeGroup: 30+
Classification report:
               precision    recall  f1-score   support

           0       1.00      1.00      1.00         1
           1       1.00      1.00      1.00         1

    accuracy                           1.00         2
   macro avg       1.00      1.00      1.00         2
weighted avg       1.00      1.00      1.00         2


=== Metrics for AgeGroup=30+ ===

Per-Class Metrics:
  Control:
    Precision: 1.000
    Recall:    1.000
    F1 Score:  1.000
    Support:   1
  Autism:
    Precision: 1.000
    Recall:    1.000
    F1 Score:  1.000
    Support:   1

Overall Metrics:
  Specificity:          1.000
  Sensitivity:          1.000
  AUROC:                0.000
  Accuracy:             1.000
  Balanced Accuracy:    1.000
=====================================

=== Fold 2 | DUMSKF5_MALE_ONLYNYU_NOFS Data ===

=== Fold 2 | Dummy
Classification report:
               precision    recall  f1-score   support

           0       0.43      0.43      0.43        14
           1       0.38      0.38      0.38        13

    accuracy                           0.41        27
   macro avg       0.41      0.41      0.41        27
weighted avg       0.41      0.41      0.41        27


=== Metrics for DummyClassifier ===

Per-Class Metrics:
  Control:
    Precision: 0.429
    Recall:    0.429
    F1 Score:  0.429
    Support:   14
  Autism:
    Precision: 0.385
    Recall:    0.385
    F1 Score:  0.385
    Support:   13

Overall Metrics:
  Specificity:          0.429
  Sensitivity:          0.385
  AUROC:                0.475
  Accuracy:             0.407
  Balanced Accuracy:    0.407
=====================================

=== Metrics by AgeGroup ===

 AgeGroup: 12-18
Classification report:
               precision    recall  f1-score   support

           0       0.33      0.40      0.36         5
           1       0.25      0.20      0.22         5

    accuracy                           0.30        10
   macro avg       0.29      0.30      0.29        10
weighted avg       0.29      0.30      0.29        10


=== Metrics for AgeGroup=12-18 ===

Per-Class Metrics:
  Control:
    Precision: 0.333
    Recall:    0.400
    F1 Score:  0.364
    Support:   5
  Autism:
    Precision: 0.250
    Recall:    0.200
    F1 Score:  0.222
    Support:   5

Overall Metrics:
  Specificity:          0.400
  Sensitivity:          0.200
  AUROC:                0.400
  Accuracy:             0.300
  Balanced Accuracy:    0.300
=====================================

 AgeGroup: 0-11
Classification report:
               precision    recall  f1-score   support

           0       0.00      0.00      0.00         2
           1       0.60      0.50      0.55         6

    accuracy                           0.38         8
   macro avg       0.30      0.25      0.27         8
weighted avg       0.45      0.38      0.41         8


=== Metrics for AgeGroup=0-11 ===

Per-Class Metrics:
  Control:
    Precision: 0.000
    Recall:    0.000
    F1 Score:  0.000
    Support:   2
  Autism:
    Precision: 0.600
    Recall:    0.500
    F1 Score:  0.545
    Support:   6

Overall Metrics:
  Specificity:          0.000
  Sensitivity:          0.500
  AUROC:                0.333
  Accuracy:             0.375
  Balanced Accuracy:    0.250
=====================================

 AgeGroup: 19-30
Classification report:
               precision    recall  f1-score   support

           0       0.75      0.50      0.60         6
           1       0.25      0.50      0.33         2

    accuracy                           0.50         8
   macro avg       0.50      0.50      0.47         8
weighted avg       0.62      0.50      0.53         8


=== Metrics for AgeGroup=19-30 ===

Per-Class Metrics:
  Control:
    Precision: 0.750
    Recall:    0.500
    F1 Score:  0.600
    Support:   6
  Autism:
    Precision: 0.250
    Recall:    0.500
    F1 Score:  0.333
    Support:   2

Overall Metrics:
  Specificity:          0.500
  Sensitivity:          0.500
  AUROC:                0.833
  Accuracy:             0.500
  Balanced Accuracy:    0.500
=====================================
Skipping AgeGroup = 30+ --> only one class present.

=== Fold 3 | DUMSKF5_MALE_ONLYNYU_NOFS Data ===

=== Fold 3 | Dummy
Classification report:
               precision    recall  f1-score   support

           0       0.60      0.64      0.62        14
           1       0.58      0.54      0.56        13

    accuracy                           0.59        27
   macro avg       0.59      0.59      0.59        27
weighted avg       0.59      0.59      0.59        27


=== Metrics for DummyClassifier ===

Per-Class Metrics:
  Control:
    Precision: 0.600
    Recall:    0.643
    F1 Score:  0.621
    Support:   14
  Autism:
    Precision: 0.583
    Recall:    0.538
    F1 Score:  0.560
    Support:   13

Overall Metrics:
  Specificity:          0.643
  Sensitivity:          0.538
  AUROC:                0.481
  Accuracy:             0.593
  Balanced Accuracy:    0.591
=====================================

=== Metrics by AgeGroup ===

 AgeGroup: 0-11
Classification report:
               precision    recall  f1-score   support

           0       0.50      1.00      0.67         3
           1       1.00      0.57      0.73         7

    accuracy                           0.70        10
   macro avg       0.75      0.79      0.70        10
weighted avg       0.85      0.70      0.71        10


=== Metrics for AgeGroup=0-11 ===

Per-Class Metrics:
  Control:
    Precision: 0.500
    Recall:    1.000
    F1 Score:  0.667
    Support:   3
  Autism:
    Precision: 1.000
    Recall:    0.571
    F1 Score:  0.727
    Support:   7

Overall Metrics:
  Specificity:          1.000
  Sensitivity:          0.571
  AUROC:                0.452
  Accuracy:             0.700
  Balanced Accuracy:    0.786
=====================================

 AgeGroup: 19-30
Classification report:
               precision    recall  f1-score   support

           0       0.75      0.75      0.75         4
           1       0.00      0.00      0.00         1

    accuracy                           0.60         5
   macro avg       0.38      0.38      0.38         5
weighted avg       0.60      0.60      0.60         5


=== Metrics for AgeGroup=19-30 ===

Per-Class Metrics:
  Control:
    Precision: 0.750
    Recall:    0.750
    F1 Score:  0.750
    Support:   4
  Autism:
    Precision: 0.000
    Recall:    0.000
    F1 Score:  0.000
    Support:   1

Overall Metrics:
  Specificity:          0.750
  Sensitivity:          0.000
  AUROC:                0.875
  Accuracy:             0.600
  Balanced Accuracy:    0.375
=====================================

 AgeGroup: 12-18
Classification report:
               precision    recall  f1-score   support

           0       0.60      0.43      0.50         7
           1       0.43      0.60      0.50         5

    accuracy                           0.50        12
   macro avg       0.51      0.51      0.50        12
weighted avg       0.53      0.50      0.50        12


=== Metrics for AgeGroup=12-18 ===

Per-Class Metrics:
  Control:
    Precision: 0.600
    Recall:    0.429
    F1 Score:  0.500
    Support:   7
  Autism:
    Precision: 0.429
    Recall:    0.600
    F1 Score:  0.500
    Support:   5

Overall Metrics:
  Specificity:          0.429
  Sensitivity:          0.600
  AUROC:                0.314
  Accuracy:             0.500
  Balanced Accuracy:    0.514
=====================================

=== Fold 4 | DUMSKF5_MALE_ONLYNYU_NOFS Data ===

=== Fold 4 | Dummy
Classification report:
               precision    recall  f1-score   support

           0       0.50      0.57      0.53        14
           1       0.45      0.38      0.42        13

    accuracy                           0.48        27
   macro avg       0.48      0.48      0.47        27
weighted avg       0.48      0.48      0.48        27


=== Metrics for DummyClassifier ===

Per-Class Metrics:
  Control:
    Precision: 0.500
    Recall:    0.571
    F1 Score:  0.533
    Support:   14
  Autism:
    Precision: 0.455
    Recall:    0.385
    F1 Score:  0.417
    Support:   13

Overall Metrics:
  Specificity:          0.571
  Sensitivity:          0.385
  AUROC:                0.626
  Accuracy:             0.481
  Balanced Accuracy:    0.478
=====================================

=== Metrics by AgeGroup ===

 AgeGroup: 12-18
Classification report:
               precision    recall  f1-score   support

           0       0.50      0.50      0.50         6
           1       0.40      0.40      0.40         5

    accuracy                           0.45        11
   macro avg       0.45      0.45      0.45        11
weighted avg       0.45      0.45      0.45        11


=== Metrics for AgeGroup=12-18 ===

Per-Class Metrics:
  Control:
    Precision: 0.500
    Recall:    0.500
    F1 Score:  0.500
    Support:   6
  Autism:
    Precision: 0.400
    Recall:    0.400
    F1 Score:  0.400
    Support:   5

Overall Metrics:
  Specificity:          0.500
  Sensitivity:          0.400
  AUROC:                0.450
  Accuracy:             0.455
  Balanced Accuracy:    0.450
=====================================

 AgeGroup: 19-30
Classification report:
               precision    recall  f1-score   support

           0       0.67      0.50      0.57         4
           1       0.00      0.00      0.00         1

    accuracy                           0.40         5
   macro avg       0.33      0.25      0.29         5
weighted avg       0.53      0.40      0.46         5


=== Metrics for AgeGroup=19-30 ===

Per-Class Metrics:
  Control:
    Precision: 0.667
    Recall:    0.500
    F1 Score:  0.571
    Support:   4
  Autism:
    Precision: 0.000
    Recall:    0.000
    F1 Score:  0.000
    Support:   1

Overall Metrics:
  Specificity:          0.500
  Sensitivity:          0.000
  AUROC:                0.875
  Accuracy:             0.400
  Balanced Accuracy:    0.250
=====================================

 AgeGroup: 0-11
Classification report:
               precision    recall  f1-score   support

           0       0.43      0.75      0.55         4
           1       0.75      0.43      0.55         7

    accuracy                           0.55        11
   macro avg       0.59      0.59      0.55        11
weighted avg       0.63      0.55      0.55        11


=== Metrics for AgeGroup=0-11 ===

Per-Class Metrics:
  Control:
    Precision: 0.429
    Recall:    0.750
    F1 Score:  0.545
    Support:   4
  Autism:
    Precision: 0.750
    Recall:    0.429
    F1 Score:  0.545
    Support:   7

Overall Metrics:
  Specificity:          0.750
  Sensitivity:          0.429
  AUROC:                0.786
  Accuracy:             0.545
  Balanced Accuracy:    0.589
=====================================

=== Fold 5 | DUMSKF5_MALE_ONLYNYU_NOFS Data ===

=== Fold 5 | Dummy
Classification report:
               precision    recall  f1-score   support

           0       0.56      0.60      0.58        15
           1       0.45      0.42      0.43        12

    accuracy                           0.52        27
   macro avg       0.51      0.51      0.51        27
weighted avg       0.51      0.52      0.52        27


=== Metrics for DummyClassifier ===

Per-Class Metrics:
  Control:
    Precision: 0.562
    Recall:    0.600
    F1 Score:  0.581
    Support:   15
  Autism:
    Precision: 0.455
    Recall:    0.417
    F1 Score:  0.435
    Support:   12

Overall Metrics:
  Specificity:          0.600
  Sensitivity:          0.417
  AUROC:                0.192
  Accuracy:             0.519
  Balanced Accuracy:    0.508
=====================================

=== Metrics by AgeGroup ===

 AgeGroup: 12-18
Classification report:
               precision    recall  f1-score   support

           0       1.00      0.75      0.86         8
           1       0.60      1.00      0.75         3

    accuracy                           0.82        11
   macro avg       0.80      0.88      0.80        11
weighted avg       0.89      0.82      0.83        11


=== Metrics for AgeGroup=12-18 ===

Per-Class Metrics:
  Control:
    Precision: 1.000
    Recall:    0.750
    F1 Score:  0.857
    Support:   8
  Autism:
    Precision: 0.600
    Recall:    1.000
    F1 Score:  0.750
    Support:   3

Overall Metrics:
  Specificity:          0.750
  Sensitivity:          1.000
  AUROC:                0.292
  Accuracy:             0.818
  Balanced Accuracy:    0.875
=====================================

 AgeGroup: 19-30
Classification report:
               precision    recall  f1-score   support

           0       0.50      0.33      0.40         3
           1       0.50      0.67      0.57         3

    accuracy                           0.50         6
   macro avg       0.50      0.50      0.49         6
weighted avg       0.50      0.50      0.49         6


=== Metrics for AgeGroup=19-30 ===

Per-Class Metrics:
  Control:
    Precision: 0.500
    Recall:    0.333
    F1 Score:  0.400
    Support:   3
  Autism:
    Precision: 0.500
    Recall:    0.667
    F1 Score:  0.571
    Support:   3

Overall Metrics:
  Specificity:          0.333
  Sensitivity:          0.667
  AUROC:                0.167
  Accuracy:             0.500
  Balanced Accuracy:    0.500
=====================================

 AgeGroup: 0-11
Classification report:
               precision    recall  f1-score   support

           0       0.25      0.67      0.36         3
           1       0.00      0.00      0.00         6

    accuracy                           0.22         9
   macro avg       0.12      0.33      0.18         9
weighted avg       0.08      0.22      0.12         9


=== Metrics for AgeGroup=0-11 ===

Per-Class Metrics:
  Control:
    Precision: 0.250
    Recall:    0.667
    F1 Score:  0.364
    Support:   3
  Autism:
    Precision: 0.000
    Recall:    0.000
    F1 Score:  0.000
    Support:   6

Overall Metrics:
  Specificity:          0.667
  Sensitivity:          0.000
  AUROC:                0.083
  Accuracy:             0.222
  Balanced Accuracy:    0.333
=====================================
Skipping AgeGroup = 30+ --> only one class present.
Running Stratified KFold Cross-Validation...

=== Fold 1 | SKF5_COMBINED_ONLYNYU_FS Data ===
Running HSIC Lasso feature selection...
Final shapes - X: (137, 6670), y: (137,)
Block HSIC Lasso B = 20.
M set to 3.
Using Gaussian kernel for the features, Delta kernel for the outcomes.
