Classification report:
               precision    recall  f1-score   support

           0       0.74      0.79      0.76        90
           1       0.74      0.68      0.71        78

    accuracy                           0.74       168
   macro avg       0.74      0.73      0.74       168
weighted avg       0.74      0.74      0.74       168


=== Metrics for LogisticRegression ===

Per-Class Metrics:
  Control:
    Precision: 0.740
    Recall:    0.789
    F1 Score:  0.763
    Support:   90
  Autism:
    Precision: 0.736
    Recall:    0.679
    F1 Score:  0.707
    Support:   78

Overall Metrics:
  Specificity:          0.789
  Sensitivity:          0.679
  AUROC:                0.770
  Accuracy:             0.738
  Balanced Accuracy:    0.734
=====================================
Starting RandomizedSearchCV fitting...
Fitting 5 folds for each of 50 candidates, totalling 250 fits
[CV] END C=100, coef0=0.1, degree=4, gamma=0.001, kernel=poly; total time=   1.0s
[CV] END C=100, coef0=0.1, degree=4, gamma=0.001, kernel=poly; total time=   0.9s
[CV] END C=100, coef0=0.1, degree=4, gamma=0.001, kernel=poly; total time=   0.9s
[CV] END C=100, coef0=0.1, degree=4, gamma=0.001, kernel=poly; total time=   0.9s
[CV] END C=100, coef0=0.1, degree=4, gamma=0.001, kernel=poly; total time=   0.9s
[CV] END C=100, coef0=0.5, degree=4, gamma=0.01, kernel=poly; total time=   0.9s
[CV] END C=100, coef0=0.5, degree=4, gamma=0.01, kernel=poly; total time=   1.1s
[CV] END C=100, coef0=0.5, degree=4, gamma=0.01, kernel=poly; total time=   1.1s
[CV] END C=100, coef0=0.5, degree=4, gamma=0.01, kernel=poly; total time=   1.0s
[CV] END C=100, coef0=0.5, degree=4, gamma=0.01, kernel=poly; total time=   1.1s
[CV] END .C=0.1, coef0=0.1, degree=3, gamma=0.1, kernel=poly; total time=   1.0s
[CV] END .C=0.1, coef0=0.1, degree=3, gamma=0.1, kernel=poly; total time=   1.0s
[CV] END .C=0.1, coef0=0.1, degree=3, gamma=0.1, kernel=poly; total time=   1.0s
[CV] END .C=0.1, coef0=0.1, degree=3, gamma=0.1, kernel=poly; total time=   0.9s
[CV] END .C=0.1, coef0=0.1, degree=3, gamma=0.1, kernel=poly; total time=   0.9s
[CV] END ...C=100, coef0=0.0, degree=3, gamma=1, kernel=poly; total time=   0.9s
[CV] END ...C=100, coef0=0.0, degree=3, gamma=1, kernel=poly; total time=   1.0s
[CV] END ...C=100, coef0=0.0, degree=3, gamma=1, kernel=poly; total time=   0.9s
[CV] END ...C=100, coef0=0.0, degree=3, gamma=1, kernel=poly; total time=   1.0s
[CV] END ...C=100, coef0=0.0, degree=3, gamma=1, kernel=poly; total time=   0.9s
[CV] END ......................C=0.1, gamma=0.01, kernel=rbf; total time=   1.0s
[CV] END ......................C=0.1, gamma=0.01, kernel=rbf; total time=   1.1s
[CV] END ......................C=0.1, gamma=0.01, kernel=rbf; total time=   1.1s
[CV] END ......................C=0.1, gamma=0.01, kernel=rbf; total time=   1.1s
[CV] END ......................C=0.1, gamma=0.01, kernel=rbf; total time=   1.1s
[CV] END ....C=10, coef0=1.0, degree=4, gamma=1, kernel=poly; total time=   1.0s
[CV] END ....C=10, coef0=1.0, degree=4, gamma=1, kernel=poly; total time=   1.0s
[CV] END ....C=10, coef0=1.0, degree=4, gamma=1, kernel=poly; total time=   0.9s
[CV] END ....C=10, coef0=1.0, degree=4, gamma=1, kernel=poly; total time=   0.9s
[CV] END ....C=10, coef0=1.0, degree=4, gamma=1, kernel=poly; total time=   1.0s
[CV] END ........C=1, coef0=0.1, gamma=0.001, kernel=sigmoid; total time=   0.5s
[CV] END ........C=1, coef0=0.1, gamma=0.001, kernel=sigmoid; total time=   0.4s
[CV] END ........C=1, coef0=0.1, gamma=0.001, kernel=sigmoid; total time=   0.5s
[CV] END ........C=1, coef0=0.1, gamma=0.001, kernel=sigmoid; total time=   0.5s
[CV] END ........C=1, coef0=0.1, gamma=0.001, kernel=sigmoid; total time=   0.5s
[CV] END C=100, coef0=1.0, degree=4, gamma=0.01, kernel=poly; total time=   1.0s
[CV] END C=100, coef0=1.0, degree=4, gamma=0.01, kernel=poly; total time=   1.0s
[CV] END C=100, coef0=1.0, degree=4, gamma=0.01, kernel=poly; total time=   0.9s
[CV] END C=100, coef0=1.0, degree=4, gamma=0.01, kernel=poly; total time=   1.1s
[CV] END C=100, coef0=1.0, degree=4, gamma=0.01, kernel=poly; total time=   1.0s
[CV] END .C=10, coef0=0.5, degree=2, gamma=0.01, kernel=poly; total time=   0.9s
[CV] END .C=10, coef0=0.5, degree=2, gamma=0.01, kernel=poly; total time=   0.9s
[CV] END .C=10, coef0=0.5, degree=2, gamma=0.01, kernel=poly; total time=   0.9s
[CV] END .C=10, coef0=0.5, degree=2, gamma=0.01, kernel=poly; total time=   0.9s
[CV] END .C=10, coef0=0.5, degree=2, gamma=0.01, kernel=poly; total time=   0.9s
[CV] END ........................C=10, gamma=0.1, kernel=rbf; total time=   1.1s
[CV] END ........................C=10, gamma=0.1, kernel=rbf; total time=   1.1s
[CV] END ........................C=10, gamma=0.1, kernel=rbf; total time=   1.2s
[CV] END ........................C=10, gamma=0.1, kernel=rbf; total time=   1.1s
[CV] END ........................C=10, gamma=0.1, kernel=rbf; total time=   1.1s
[CV] END ..C=1, coef0=0.0, degree=3, gamma=0.01, kernel=poly; total time=   1.0s
[CV] END ..C=1, coef0=0.0, degree=3, gamma=0.01, kernel=poly; total time=   1.0s
[CV] END ..C=1, coef0=0.0, degree=3, gamma=0.01, kernel=poly; total time=   0.9s
[CV] END ..C=1, coef0=0.0, degree=3, gamma=0.01, kernel=poly; total time=   0.9s
[CV] END ..C=1, coef0=0.0, degree=3, gamma=0.01, kernel=poly; total time=   0.9s
[CV] END .....C=1, coef0=0.5, degree=2, gamma=1, kernel=poly; total time=   1.0s
[CV] END .....C=1, coef0=0.5, degree=2, gamma=1, kernel=poly; total time=   1.0s
[CV] END .....C=1, coef0=0.5, degree=2, gamma=1, kernel=poly; total time=   0.9s
[CV] END .....C=1, coef0=0.5, degree=2, gamma=1, kernel=poly; total time=   1.1s
[CV] END .....C=1, coef0=0.5, degree=2, gamma=1, kernel=poly; total time=   0.9s
[CV] END .........C=10, coef0=0.5, gamma=0.1, kernel=sigmoid; total time=   0.4s
[CV] END .........C=10, coef0=0.5, gamma=0.1, kernel=sigmoid; total time=   0.5s
[CV] END .........C=10, coef0=0.5, gamma=0.1, kernel=sigmoid; total time=   0.4s
[CV] END .........C=10, coef0=0.5, gamma=0.1, kernel=sigmoid; total time=   0.5s
[CV] END .........C=10, coef0=0.5, gamma=0.1, kernel=sigmoid; total time=   0.4s
[CV] END ........C=0.1, coef0=0.0, gamma=0.1, kernel=sigmoid; total time=   0.6s
[CV] END ........C=0.1, coef0=0.0, gamma=0.1, kernel=sigmoid; total time=   0.7s
[CV] END ........C=0.1, coef0=0.0, gamma=0.1, kernel=sigmoid; total time=   0.7s
[CV] END ........C=0.1, coef0=0.0, gamma=0.1, kernel=sigmoid; total time=   0.7s
[CV] END ........C=0.1, coef0=0.0, gamma=0.1, kernel=sigmoid; total time=   0.6s
[CV] END .C=1, coef0=0.1, degree=4, gamma=0.001, kernel=poly; total time=   1.0s
[CV] END .C=1, coef0=0.1, degree=4, gamma=0.001, kernel=poly; total time=   1.0s
[CV] END .C=1, coef0=0.1, degree=4, gamma=0.001, kernel=poly; total time=   1.1s
[CV] END .C=1, coef0=0.1, degree=4, gamma=0.001, kernel=poly; total time=   1.0s
[CV] END .C=1, coef0=0.1, degree=4, gamma=0.001, kernel=poly; total time=   1.0s
[CV] END ..C=10, coef0=0.5, degree=3, gamma=0.1, kernel=poly; total time=   1.0s
[CV] END ..C=10, coef0=0.5, degree=3, gamma=0.1, kernel=poly; total time=   1.1s
[CV] END ..C=10, coef0=0.5, degree=3, gamma=0.1, kernel=poly; total time=   1.1s
[CV] END ..C=10, coef0=0.5, degree=3, gamma=0.1, kernel=poly; total time=   1.0s
[CV] END ..C=10, coef0=0.5, degree=3, gamma=0.1, kernel=poly; total time=   1.0s
[CV] END .................................C=1, kernel=linear; total time=   0.9s
[CV] END .................................C=1, kernel=linear; total time=   1.0s
[CV] END .................................C=1, kernel=linear; total time=   1.2s
[CV] END .................................C=1, kernel=linear; total time=   1.0s
[CV] END .................................C=1, kernel=linear; total time=   1.0s
[CV] END ..C=1, coef0=0.5, degree=3, gamma=0.01, kernel=poly; total time=   1.1s
[CV] END ..C=1, coef0=0.5, degree=3, gamma=0.01, kernel=poly; total time=   1.1s
[CV] END ..C=1, coef0=0.5, degree=3, gamma=0.01, kernel=poly; total time=   1.0s
[CV] END ..C=1, coef0=0.5, degree=3, gamma=0.01, kernel=poly; total time=   1.1s
[CV] END ..C=1, coef0=0.5, degree=3, gamma=0.01, kernel=poly; total time=   0.9s
[CV] END ...........................C=1, gamma=1, kernel=rbf; total time=   1.1s
[CV] END ...........................C=1, gamma=1, kernel=rbf; total time=   1.1s
[CV] END ...........................C=1, gamma=1, kernel=rbf; total time=   1.1s
[CV] END ...........................C=1, gamma=1, kernel=rbf; total time=   1.1s
[CV] END ...........................C=1, gamma=1, kernel=rbf; total time=   1.2s
[CV] END .........C=10, coef0=1.0, gamma=0.1, kernel=sigmoid; total time=   0.4s
[CV] END .........C=10, coef0=1.0, gamma=0.1, kernel=sigmoid; total time=   0.5s
[CV] END .........C=10, coef0=1.0, gamma=0.1, kernel=sigmoid; total time=   0.4s
[CV] END .........C=10, coef0=1.0, gamma=0.1, kernel=sigmoid; total time=   0.5s
[CV] END .........C=10, coef0=1.0, gamma=0.1, kernel=sigmoid; total time=   0.5s
[CV] END ......................C=10, gamma=0.001, kernel=rbf; total time=   1.0s
[CV] END ......................C=10, gamma=0.001, kernel=rbf; total time=   1.0s
[CV] END ......................C=10, gamma=0.001, kernel=rbf; total time=   1.0s
[CV] END ......................C=10, gamma=0.001, kernel=rbf; total time=   1.2s
[CV] END ......................C=10, gamma=0.001, kernel=rbf; total time=   1.1s
[CV] END C=10, coef0=1.0, degree=4, gamma=0.001, kernel=poly; total time=   0.9s
[CV] END C=10, coef0=1.0, degree=4, gamma=0.001, kernel=poly; total time=   0.9s
[CV] END C=10, coef0=1.0, degree=4, gamma=0.001, kernel=poly; total time=   0.9s
[CV] END C=10, coef0=1.0, degree=4, gamma=0.001, kernel=poly; total time=   0.9s
[CV] END C=10, coef0=1.0, degree=4, gamma=0.001, kernel=poly; total time=   1.0s
[CV] END ...C=100, coef0=0.1, degree=3, gamma=1, kernel=poly; total time=   0.9s
[CV] END ...C=100, coef0=0.1, degree=3, gamma=1, kernel=poly; total time=   1.0s
[CV] END ...C=100, coef0=0.1, degree=3, gamma=1, kernel=poly; total time=   0.9s
[CV] END ...C=100, coef0=0.1, degree=3, gamma=1, kernel=poly; total time=   1.0s
[CV] END ...C=100, coef0=0.1, degree=3, gamma=1, kernel=poly; total time=   1.0s
[CV] END ....C=10, coef0=0.5, degree=3, gamma=1, kernel=poly; total time=   1.0s
[CV] END ....C=10, coef0=0.5, degree=3, gamma=1, kernel=poly; total time=   0.9s
[CV] END ....C=10, coef0=0.5, degree=3, gamma=1, kernel=poly; total time=   1.0s
[CV] END ....C=10, coef0=0.5, degree=3, gamma=1, kernel=poly; total time=   0.9s
[CV] END ....C=10, coef0=0.5, degree=3, gamma=1, kernel=poly; total time=   0.9s
[CV] END C=100, coef0=1.0, degree=3, gamma=0.001, kernel=poly; total time=   0.9s
[CV] END C=100, coef0=1.0, degree=3, gamma=0.001, kernel=poly; total time=   0.9s
[CV] END C=100, coef0=1.0, degree=3, gamma=0.001, kernel=poly; total time=   0.9s
[CV] END C=100, coef0=1.0, degree=3, gamma=0.001, kernel=poly; total time=   1.0s
[CV] END C=100, coef0=1.0, degree=3, gamma=0.001, kernel=poly; total time=   1.1s
[CV] END ...C=0.1, coef0=0.0, degree=2, gamma=1, kernel=poly; total time=   1.0s
[CV] END ...C=0.1, coef0=0.0, degree=2, gamma=1, kernel=poly; total time=   0.9s
[CV] END ...C=0.1, coef0=0.0, degree=2, gamma=1, kernel=poly; total time=   0.9s
[CV] END ...C=0.1, coef0=0.0, degree=2, gamma=1, kernel=poly; total time=   0.9s
[CV] END ...C=0.1, coef0=0.0, degree=2, gamma=1, kernel=poly; total time=   0.9s
[CV] END ..C=10, coef0=0.0, degree=2, gamma=0.1, kernel=poly; total time=   0.9s
[CV] END ..C=10, coef0=0.0, degree=2, gamma=0.1, kernel=poly; total time=   0.9s
[CV] END ..C=10, coef0=0.0, degree=2, gamma=0.1, kernel=poly; total time=   0.9s
[CV] END ..C=10, coef0=0.0, degree=2, gamma=0.1, kernel=poly; total time=   0.9s
[CV] END ..C=10, coef0=0.0, degree=2, gamma=0.1, kernel=poly; total time=   1.0s
[CV] END ...C=100, coef0=0.0, degree=2, gamma=1, kernel=poly; total time=   0.9s
[CV] END ...C=100, coef0=0.0, degree=2, gamma=1, kernel=poly; total time=   1.0s
[CV] END ...C=100, coef0=0.0, degree=2, gamma=1, kernel=poly; total time=   1.0s
[CV] END ...C=100, coef0=0.0, degree=2, gamma=1, kernel=poly; total time=   0.9s
[CV] END ...C=100, coef0=0.0, degree=2, gamma=1, kernel=poly; total time=   0.9s
[CV] END C=100, coef0=0.0, degree=3, gamma=0.01, kernel=poly; total time=   0.9s
[CV] END C=100, coef0=0.0, degree=3, gamma=0.01, kernel=poly; total time=   0.9s
[CV] END C=100, coef0=0.0, degree=3, gamma=0.01, kernel=poly; total time=   0.9s
[CV] END C=100, coef0=0.0, degree=3, gamma=0.01, kernel=poly; total time=   0.9s
[CV] END C=100, coef0=0.0, degree=3, gamma=0.01, kernel=poly; total time=   1.0s
[CV] END ............C=1, coef0=0.0, gamma=1, kernel=sigmoid; total time=   0.5s
[CV] END ............C=1, coef0=0.0, gamma=1, kernel=sigmoid; total time=   0.5s
[CV] END ............C=1, coef0=0.0, gamma=1, kernel=sigmoid; total time=   0.5s
[CV] END ............C=1, coef0=0.0, gamma=1, kernel=sigmoid; total time=   0.4s
[CV] END ............C=1, coef0=0.0, gamma=1, kernel=sigmoid; total time=   0.4s
[CV] END .C=0.1, coef0=0.5, degree=3, gamma=0.1, kernel=poly; total time=   0.9s
[CV] END .C=0.1, coef0=0.5, degree=3, gamma=0.1, kernel=poly; total time=   0.9s
[CV] END .C=0.1, coef0=0.5, degree=3, gamma=0.1, kernel=poly; total time=   1.0s
[CV] END .C=0.1, coef0=0.5, degree=3, gamma=0.1, kernel=poly; total time=   1.0s
[CV] END .C=0.1, coef0=0.5, degree=3, gamma=0.1, kernel=poly; total time=   1.0s
[CV] END ...C=0.1, coef0=1.0, degree=3, gamma=1, kernel=poly; total time=   1.0s
[CV] END ...C=0.1, coef0=1.0, degree=3, gamma=1, kernel=poly; total time=   1.0s
[CV] END ...C=0.1, coef0=1.0, degree=3, gamma=1, kernel=poly; total time=   1.0s
[CV] END ...C=0.1, coef0=1.0, degree=3, gamma=1, kernel=poly; total time=   0.9s
[CV] END ...C=0.1, coef0=1.0, degree=3, gamma=1, kernel=poly; total time=   0.9s
[CV] END ........C=100, coef0=0.0, gamma=0.1, kernel=sigmoid; total time=   0.4s
[CV] END ........C=100, coef0=0.0, gamma=0.1, kernel=sigmoid; total time=   0.5s
[CV] END ........C=100, coef0=0.0, gamma=0.1, kernel=sigmoid; total time=   0.5s
[CV] END ........C=100, coef0=0.0, gamma=0.1, kernel=sigmoid; total time=   0.5s
[CV] END ........C=100, coef0=0.0, gamma=0.1, kernel=sigmoid; total time=   0.5s
[CV] END .C=0.1, coef0=1.0, degree=4, gamma=0.1, kernel=poly; total time=   0.9s
[CV] END .C=0.1, coef0=1.0, degree=4, gamma=0.1, kernel=poly; total time=   0.9s
[CV] END .C=0.1, coef0=1.0, degree=4, gamma=0.1, kernel=poly; total time=   0.9s
[CV] END .C=0.1, coef0=1.0, degree=4, gamma=0.1, kernel=poly; total time=   0.9s
[CV] END .C=0.1, coef0=1.0, degree=4, gamma=0.1, kernel=poly; total time=   0.9s
[CV] END .........................C=100, gamma=1, kernel=rbf; total time=   1.1s
[CV] END .........................C=100, gamma=1, kernel=rbf; total time=   1.0s
[CV] END .........................C=100, gamma=1, kernel=rbf; total time=   1.0s
[CV] END .........................C=100, gamma=1, kernel=rbf; total time=   1.0s
[CV] END .........................C=100, gamma=1, kernel=rbf; total time=   1.0s
[CV] END C=0.1, coef0=0.5, degree=4, gamma=0.01, kernel=poly; total time=   0.9s
[CV] END C=0.1, coef0=0.5, degree=4, gamma=0.01, kernel=poly; total time=   0.9s
[CV] END C=0.1, coef0=0.5, degree=4, gamma=0.01, kernel=poly; total time=   0.9s
[CV] END C=0.1, coef0=0.5, degree=4, gamma=0.01, kernel=poly; total time=   0.9s
[CV] END C=0.1, coef0=0.5, degree=4, gamma=0.01, kernel=poly; total time=   0.9s
[CV] END C=0.1, coef0=1.0, degree=3, gamma=0.01, kernel=poly; total time=   1.0s
[CV] END C=0.1, coef0=1.0, degree=3, gamma=0.01, kernel=poly; total time=   1.0s
[CV] END C=0.1, coef0=1.0, degree=3, gamma=0.01, kernel=poly; total time=   0.9s
[CV] END C=0.1, coef0=1.0, degree=3, gamma=0.01, kernel=poly; total time=   0.9s
[CV] END C=0.1, coef0=1.0, degree=3, gamma=0.01, kernel=poly; total time=   0.9s
[CV] END C=10, coef0=0.1, degree=3, gamma=0.001, kernel=poly; total time=   0.9s
[CV] END C=10, coef0=0.1, degree=3, gamma=0.001, kernel=poly; total time=   0.9s
[CV] END C=10, coef0=0.1, degree=3, gamma=0.001, kernel=poly; total time=   0.9s
[CV] END C=10, coef0=0.1, degree=3, gamma=0.001, kernel=poly; total time=   0.9s
[CV] END C=10, coef0=0.1, degree=3, gamma=0.001, kernel=poly; total time=   0.9s
[CV] END ...........C=10, coef0=0.1, gamma=1, kernel=sigmoid; total time=   0.4s
[CV] END ...........C=10, coef0=0.1, gamma=1, kernel=sigmoid; total time=   0.4s
[CV] END ...........C=10, coef0=0.1, gamma=1, kernel=sigmoid; total time=   0.5s
[CV] END ...........C=10, coef0=0.1, gamma=1, kernel=sigmoid; total time=   0.4s
[CV] END ...........C=10, coef0=0.1, gamma=1, kernel=sigmoid; total time=   0.4s
[CV] END ...C=100, coef0=0.5, degree=3, gamma=1, kernel=poly; total time=   0.9s
[CV] END ...C=100, coef0=0.5, degree=3, gamma=1, kernel=poly; total time=   0.9s
[CV] END ...C=100, coef0=0.5, degree=3, gamma=1, kernel=poly; total time=   0.9s
[CV] END ...C=100, coef0=0.5, degree=3, gamma=1, kernel=poly; total time=   0.9s
[CV] END ...C=100, coef0=0.5, degree=3, gamma=1, kernel=poly; total time=   0.9s
[CV] END ..C=1, coef0=0.0, degree=4, gamma=0.01, kernel=poly; total time=   1.0s
[CV] END ..C=1, coef0=0.0, degree=4, gamma=0.01, kernel=poly; total time=   1.0s
[CV] END ..C=1, coef0=0.0, degree=4, gamma=0.01, kernel=poly; total time=   0.9s
[CV] END ..C=1, coef0=0.0, degree=4, gamma=0.01, kernel=poly; total time=   0.9s
[CV] END ..C=1, coef0=0.0, degree=4, gamma=0.01, kernel=poly; total time=   1.0s
[CV] END ...C=100, coef0=0.1, degree=2, gamma=1, kernel=poly; total time=   0.9s
[CV] END ...C=100, coef0=0.1, degree=2, gamma=1, kernel=poly; total time=   0.9s
[CV] END ...C=100, coef0=0.1, degree=2, gamma=1, kernel=poly; total time=   1.1s
[CV] END ...C=100, coef0=0.1, degree=2, gamma=1, kernel=poly; total time=   1.0s
[CV] END ...C=100, coef0=0.1, degree=2, gamma=1, kernel=poly; total time=   0.9s
[CV] END ....C=10, coef0=0.0, degree=3, gamma=1, kernel=poly; total time=   0.9s
[CV] END ....C=10, coef0=0.0, degree=3, gamma=1, kernel=poly; total time=   0.9s
[CV] END ....C=10, coef0=0.0, degree=3, gamma=1, kernel=poly; total time=   0.9s
[CV] END ....C=10, coef0=0.0, degree=3, gamma=1, kernel=poly; total time=   1.0s
[CV] END ....C=10, coef0=0.0, degree=3, gamma=1, kernel=poly; total time=   1.0s
[CV] END ..C=10, coef0=0.5, degree=4, gamma=0.1, kernel=poly; total time=   0.9s
[CV] END ..C=10, coef0=0.5, degree=4, gamma=0.1, kernel=poly; total time=   0.9s
[CV] END ..C=10, coef0=0.5, degree=4, gamma=0.1, kernel=poly; total time=   1.0s
[CV] END ..C=10, coef0=0.5, degree=4, gamma=0.1, kernel=poly; total time=   1.0s
[CV] END ..C=10, coef0=0.5, degree=4, gamma=0.1, kernel=poly; total time=   1.0s
[CV] END ......C=0.1, coef0=1.0, gamma=0.001, kernel=sigmoid; total time=   0.6s
[CV] END ......C=0.1, coef0=1.0, gamma=0.001, kernel=sigmoid; total time=   0.5s
[CV] END ......C=0.1, coef0=1.0, gamma=0.001, kernel=sigmoid; total time=   0.5s
[CV] END ......C=0.1, coef0=1.0, gamma=0.001, kernel=sigmoid; total time=   0.5s
[CV] END ......C=0.1, coef0=1.0, gamma=0.001, kernel=sigmoid; total time=   0.5s
[CV] END .........C=1, coef0=0.0, gamma=0.01, kernel=sigmoid; total time=   0.5s
[CV] END .........C=1, coef0=0.0, gamma=0.01, kernel=sigmoid; total time=   0.5s
[CV] END .........C=1, coef0=0.0, gamma=0.01, kernel=sigmoid; total time=   0.7s
[CV] END .........C=1, coef0=0.0, gamma=0.01, kernel=sigmoid; total time=   0.5s
[CV] END .........C=1, coef0=0.0, gamma=0.01, kernel=sigmoid; total time=   0.5s
[CV] END ....C=10, coef0=0.5, degree=4, gamma=1, kernel=poly; total time=   1.0s
[CV] END ....C=10, coef0=0.5, degree=4, gamma=1, kernel=poly; total time=   1.1s
[CV] END ....C=10, coef0=0.5, degree=4, gamma=1, kernel=poly; total time=   1.0s
[CV] END ....C=10, coef0=0.5, degree=4, gamma=1, kernel=poly; total time=   1.0s
[CV] END ....C=10, coef0=0.5, degree=4, gamma=1, kernel=poly; total time=   1.0s
[CV] END ...C=0.1, coef0=0.1, degree=4, gamma=1, kernel=poly; total time=   1.0s
[CV] END ...C=0.1, coef0=0.1, degree=4, gamma=1, kernel=poly; total time=   1.0s
[CV] END ...C=0.1, coef0=0.1, degree=4, gamma=1, kernel=poly; total time=   1.1s
[CV] END ...C=0.1, coef0=0.1, degree=4, gamma=1, kernel=poly; total time=   1.1s
[CV] END ...C=0.1, coef0=0.1, degree=4, gamma=1, kernel=poly; total time=   0.9s
[CV] END .C=100, coef0=0.0, degree=2, gamma=0.1, kernel=poly; total time=   0.9s
[CV] END .C=100, coef0=0.0, degree=2, gamma=0.1, kernel=poly; total time=   1.0s
[CV] END .C=100, coef0=0.0, degree=2, gamma=0.1, kernel=poly; total time=   1.0s
[CV] END .C=100, coef0=0.0, degree=2, gamma=0.1, kernel=poly; total time=   0.9s
[CV] END .C=100, coef0=0.0, degree=2, gamma=0.1, kernel=poly; total time=   0.9s
[CV] END .C=100, coef0=0.1, degree=4, gamma=0.1, kernel=poly; total time=   0.9s
[CV] END .C=100, coef0=0.1, degree=4, gamma=0.1, kernel=poly; total time=   0.9s
[CV] END .C=100, coef0=0.1, degree=4, gamma=0.1, kernel=poly; total time=   0.9s
[CV] END .C=100, coef0=0.1, degree=4, gamma=0.1, kernel=poly; total time=   0.9s
[CV] END .C=100, coef0=0.1, degree=4, gamma=0.1, kernel=poly; total time=   0.9s
RandomizedSearchCV fitting completed.
Best Parameters Found: {'kernel': 'linear', 'C': 1}
Accuracy:  0.7321
Recall:    0.6538
Precision: 0.7391
F1 Score:  0.6939
Classification report:
               precision    recall  f1-score   support

           0       0.73      0.80      0.76        90
           1       0.74      0.65      0.69        78

    accuracy                           0.73       168
   macro avg       0.73      0.73      0.73       168
weighted avg       0.73      0.73      0.73       168


=== Metrics for SVC ===

Per-Class Metrics:
  Control:
    Precision: 0.727
    Recall:    0.800
    F1 Score:  0.762
    Support:   90
  Autism:
    Precision: 0.739
    Recall:    0.654
    F1 Score:  0.694
    Support:   78

Overall Metrics:
  Specificity:          0.800
  Sensitivity:          0.654
  AUROC:                0.762
  Accuracy:             0.732
  Balanced Accuracy:    0.727
=====================================
Classification report:
               precision    recall  f1-score   support

           0       0.60      0.81      0.69        90
           1       0.63      0.37      0.47        78

    accuracy                           0.61       168
   macro avg       0.61      0.59      0.58       168
weighted avg       0.61      0.61      0.59       168


=== Metrics for RandomForestClassifier ===

Per-Class Metrics:
  Control:
    Precision: 0.598
    Recall:    0.811
    F1 Score:  0.689
    Support:   90
  Autism:
    Precision: 0.630
    Recall:    0.372
    F1 Score:  0.468
    Support:   78

Overall Metrics:
  Specificity:          0.811
  Sensitivity:          0.372
  AUROC:                0.659
  Accuracy:             0.607
  Balanced Accuracy:    0.591
=====================================
Classification report:
               precision    recall  f1-score   support

           0       0.56      0.66      0.61        90
           1       0.51      0.41      0.45        78

    accuracy                           0.54       168
   macro avg       0.53      0.53      0.53       168
weighted avg       0.54      0.54      0.53       168


=== Metrics for DecisionTreeClassifier ===

Per-Class Metrics:
  Control:
    Precision: 0.562
    Recall:    0.656
    F1 Score:  0.605
    Support:   90
  Autism:
    Precision: 0.508
    Recall:    0.410
    F1 Score:  0.454
    Support:   78

Overall Metrics:
  Specificity:          0.656
  Sensitivity:          0.410
  AUROC:                0.533
  Accuracy:             0.542
  Balanced Accuracy:    0.533
=====================================
Classification report:
               precision    recall  f1-score   support

           0       0.67      0.76      0.71        90
           1       0.67      0.58      0.62        78

    accuracy                           0.67       168
   macro avg       0.67      0.67      0.67       168
weighted avg       0.67      0.67      0.67       168


=== Metrics for MLPClassifier ===

Per-Class Metrics:
  Control:
    Precision: 0.673
    Recall:    0.756
    F1 Score:  0.712
    Support:   90
  Autism:
    Precision: 0.672
    Recall:    0.577
    F1 Score:  0.621
    Support:   78

Overall Metrics:
  Specificity:          0.756
  Sensitivity:          0.577
  AUROC:                0.740
  Accuracy:             0.673
  Balanced Accuracy:    0.666
=====================================
