Using the AAL (116 regions) Atlas and Jochems extraction. ONLY FEMALE DATA ONLY CORRELATION, train-test split of 20%
=========================================
Classification report:
               precision    recall  f1-score   support

           0       0.64      0.78      0.70        18
           1       0.33      0.20      0.25        10

    accuracy                           0.57        28
   macro avg       0.48      0.49      0.47        28
weighted avg       0.53      0.57      0.54        28


=== Metrics for LogisticRegression ===

Per-Class Metrics:
  Control:
    Precision: 0.636
    Recall:    0.778
    F1 Score:  0.700
    Support:   18
  Autism:
    Precision: 0.333
    Recall:    0.200
    F1 Score:  0.250
    Support:   10

Overall Metrics:
  Specificity:          0.778
  Sensitivity:          0.200
  AUROC:                0.800
  Accuracy:             0.571
  Balanced Accuracy:    0.489
=====================================
Classification report:
               precision    recall  f1-score   support

           0       0.67      0.78      0.72        18
           1       0.43      0.30      0.35        10

    accuracy                           0.61        28
   macro avg       0.55      0.54      0.54        28
weighted avg       0.58      0.61      0.59        28


=== Metrics for SVC ===

Per-Class Metrics:
  Control:
    Precision: 0.667
    Recall:    0.778
    F1 Score:  0.718
    Support:   18
  Autism:
    Precision: 0.429
    Recall:    0.300
    F1 Score:  0.353
    Support:   10

Overall Metrics:
  Specificity:          0.778
  Sensitivity:          0.300
  AUROC:                0.800
  Accuracy:             0.607
  Balanced Accuracy:    0.539
=====================================
Classification report:
               precision    recall  f1-score   support

           0       0.64      0.89      0.74        18
           1       0.33      0.10      0.15        10

    accuracy                           0.61        28
   macro avg       0.49      0.49      0.45        28
weighted avg       0.53      0.61      0.53        28


=== Metrics for RandomForestClassifier ===

Per-Class Metrics:
  Control:
    Precision: 0.640
    Recall:    0.889
    F1 Score:  0.744
    Support:   18
  Autism:
    Precision: 0.333
    Recall:    0.100
    F1 Score:  0.154
    Support:   10

Overall Metrics:
  Specificity:          0.889
  Sensitivity:          0.100
  AUROC:                0.689
  Accuracy:             0.607
  Balanced Accuracy:    0.494
=====================================
Starting RandomizedSearchCV fitting...
Fitting 5 folds for each of 50 candidates, totalling 250 fits
RandomizedSearchCV fitting completed.
Best Parameters Found: {'criterion': 'gini', 'max_depth': np.int64(13), 'min_samples_leaf': 9, 'min_samples_split': 2}
Accuracy:  0.5357
Recall:    0.3000
Precision: 0.3333
F1 Score:  0.3158
Classification report:
               precision    recall  f1-score   support

           0       0.63      0.67      0.65        18
           1       0.33      0.30      0.32        10

    accuracy                           0.54        28
   macro avg       0.48      0.48      0.48        28
weighted avg       0.53      0.54      0.53        28


=== Metrics for DecisionTreeClassifier ===

Per-Class Metrics:
  Control:
    Precision: 0.632
    Recall:    0.667
    F1 Score:  0.649
    Support:   18
  Autism:
    Precision: 0.333
    Recall:    0.300
    F1 Score:  0.316
    Support:   10

Overall Metrics:
  Specificity:          0.667
  Sensitivity:          0.300
  AUROC:                0.611
  Accuracy:             0.536
  Balanced Accuracy:    0.483
=====================================
Classification report:
               precision    recall  f1-score   support

           0       0.76      0.72      0.74        18
           1       0.55      0.60      0.57        10

    accuracy                           0.68        28
   macro avg       0.66      0.66      0.66        28
weighted avg       0.69      0.68      0.68        28


=== Metrics for MLPClassifier ===

Per-Class Metrics:
  Control:
    Precision: 0.765
    Recall:    0.722
    F1 Score:  0.743
    Support:   18
  Autism:
    Precision: 0.545
    Recall:    0.600
    F1 Score:  0.571
    Support:   10

Overall Metrics:
  Specificity:          0.722
  Sensitivity:          0.600
  AUROC:                0.761
  Accuracy:             0.679
  Balanced Accuracy:    0.661
=====================================
Using the AAL (116 regions) Atlas and Jochems extraction. ONLY MALE DATA ONLY CORRELATION, train-test split of 20%
=========================================
Classification report:
               precision    recall  f1-score   support

           0       0.61      0.59      0.60        78
           1       0.57      0.60      0.59        72

    accuracy                           0.59       150
   macro avg       0.59      0.59      0.59       150
weighted avg       0.59      0.59      0.59       150


=== Metrics for LogisticRegression ===

Per-Class Metrics:
  Control:
    Precision: 0.613
    Recall:    0.590
    F1 Score:  0.601
    Support:   78
  Autism:
    Precision: 0.573
    Recall:    0.597
    F1 Score:  0.585
    Support:   72

Overall Metrics:
  Specificity:          0.590
  Sensitivity:          0.597
  AUROC:                0.607
  Accuracy:             0.593
  Balanced Accuracy:    0.593
=====================================
Classification report:
               precision    recall  f1-score   support

           0       0.62      0.59      0.61        78
           1       0.58      0.61      0.59        72

    accuracy                           0.60       150
   macro avg       0.60      0.60      0.60       150
weighted avg       0.60      0.60      0.60       150


=== Metrics for SVC ===

Per-Class Metrics:
  Control:
    Precision: 0.622
    Recall:    0.590
    F1 Score:  0.605
    Support:   78
  Autism:
    Precision: 0.579
    Recall:    0.611
    F1 Score:  0.595
    Support:   72

Overall Metrics:
  Specificity:          0.590
  Sensitivity:          0.611
  AUROC:                0.600
  Accuracy:             0.600
  Balanced Accuracy:    0.600
=====================================
