Using the AAL (116 regions) Atlas and nilearn extraction, train-test split of 20%
=========================================
Results for the full correlation features
Classification report:
               precision    recall  f1-score   support

           0       0.62      0.72      0.67        94
           1       0.61      0.49      0.54        81

    accuracy                           0.62       175
   macro avg       0.61      0.61      0.61       175
weighted avg       0.62      0.62      0.61       175


=== Metrics for LogisticRegression ===

Per-Class Metrics:
  Control:
    Precision: 0.624
    Recall:    0.723
    F1 Score:  0.670
    Support:   94
  Autism:
    Precision: 0.606
    Recall:    0.494
    F1 Score:  0.544
    Support:   81

Overall Metrics:
  Specificity:          0.723
  Sensitivity:          0.494
  AUROC:                0.673
  Accuracy:             0.617
  Balanced Accuracy:    0.609
=====================================
Classification report:
               precision    recall  f1-score   support

           0       0.62      0.73      0.67        94
           1       0.60      0.47      0.53        81

    accuracy                           0.61       175
   macro avg       0.61      0.60      0.60       175
weighted avg       0.61      0.61      0.60       175


=== Metrics for SVC ===

Per-Class Metrics:
  Control:
    Precision: 0.616
    Recall:    0.734
    F1 Score:  0.670
    Support:   94
  Autism:
    Precision: 0.603
    Recall:    0.469
    F1 Score:  0.528
    Support:   81

Overall Metrics:
  Specificity:          0.734
  Sensitivity:          0.469
  AUROC:                0.658
  Accuracy:             0.611
  Balanced Accuracy:    0.602
=====================================
Starting RandomizedSearchCV fitting...
Fitting 5 folds for each of 50 candidates, totalling 250 fits
RandomizedSearchCV fitting completed.
Best Parameters Found: {'criterion': 'entropy', 'max_depth': np.int64(6), 'min_samples_leaf': 12, 'min_samples_split': 9}
Accuracy:  0.5486
Recall:    0.4444
Precision: 0.5143
F1 Score:  0.4768
Classification report:
               precision    recall  f1-score   support

           0       0.57      0.64      0.60        94
           1       0.51      0.44      0.48        81

    accuracy                           0.55       175
   macro avg       0.54      0.54      0.54       175
weighted avg       0.54      0.55      0.54       175


=== Metrics for DecisionTreeClassifier ===

Per-Class Metrics:
  Control:
    Precision: 0.571
    Recall:    0.638
    F1 Score:  0.603
    Support:   94
  Autism:
    Precision: 0.514
    Recall:    0.444
    F1 Score:  0.477
    Support:   81

Overall Metrics:
  Specificity:          0.638
  Sensitivity:          0.444
  AUROC:                0.552
  Accuracy:             0.549
  Balanced Accuracy:    0.541
=====================================
Results for partial correlation
Classification report:
               precision    recall  f1-score   support

           0       0.61      0.63      0.62        94
           1       0.55      0.53      0.54        81

    accuracy                           0.58       175
   macro avg       0.58      0.58      0.58       175
weighted avg       0.58      0.58      0.58       175


=== Metrics for LogisticRegression ===

Per-Class Metrics:
  Control:
    Precision: 0.608
    Recall:    0.628
    F1 Score:  0.618
    Support:   94
  Autism:
    Precision: 0.551
    Recall:    0.531
    F1 Score:  0.541
    Support:   81

Overall Metrics:
  Specificity:          0.628
  Sensitivity:          0.531
  AUROC:                0.582
  Accuracy:             0.583
  Balanced Accuracy:    0.579
=====================================
Classification report:
               precision    recall  f1-score   support

           0       0.63      0.65      0.64        94
           1       0.58      0.56      0.57        81

    accuracy                           0.61       175
   macro avg       0.60      0.60      0.60       175
weighted avg       0.60      0.61      0.61       175


=== Metrics for SVC ===

Per-Class Metrics:
  Control:
    Precision: 0.629
    Recall:    0.649
    F1 Score:  0.639
    Support:   94
  Autism:
    Precision: 0.577
    Recall:    0.556
    F1 Score:  0.566
    Support:   81

Overall Metrics:
  Specificity:          0.649
  Sensitivity:          0.556
  AUROC:                0.578
  Accuracy:             0.606
  Balanced Accuracy:    0.602
=====================================
Starting RandomizedSearchCV fitting...
Fitting 5 folds for each of 50 candidates, totalling 250 fits
RandomizedSearchCV fitting completed.
Best Parameters Found: {'criterion': 'gini', 'max_depth': np.int64(11), 'min_samples_leaf': 3, 'min_samples_split': 3}
Accuracy:  0.5200
Recall:    0.5062
Precision: 0.4824
F1 Score:  0.4940
Classification report:
               precision    recall  f1-score   support

           0       0.57      0.57      0.57        94
           1       0.50      0.49      0.50        81

    accuracy                           0.54       175
   macro avg       0.53      0.53      0.53       175
weighted avg       0.54      0.54      0.54       175


=== Metrics for DecisionTreeClassifier ===

Per-Class Metrics:
  Control:
    Precision: 0.568
    Recall:    0.574
    F1 Score:  0.571
    Support:   94
  Autism:
    Precision: 0.500
    Recall:    0.494
    F1 Score:  0.497
    Support:   81

Overall Metrics:
  Specificity:          0.574
  Sensitivity:          0.494
  AUROC:                0.558
  Accuracy:             0.537
  Balanced Accuracy:    0.534
=====================================
