Classification report:
               precision    recall  f1-score   support

           0       0.74      0.79      0.76        90
           1       0.74      0.68      0.71        78

    accuracy                           0.74       168
   macro avg       0.74      0.73      0.74       168
weighted avg       0.74      0.74      0.74       168


=== Metrics for LogisticRegression ===

Per-Class Metrics:
  Control:
    Precision: 0.740
    Recall:    0.789
    F1 Score:  0.763
    Support:   90
  Autism:
    Precision: 0.736
    Recall:    0.679
    F1 Score:  0.707
    Support:   78

Overall Metrics:
  Specificity:          0.789
  Sensitivity:          0.679
  AUROC:                0.770
  Accuracy:             0.738
  Balanced Accuracy:    0.734
=====================================
Starting RandomizedSearchCV fitting...
Fitting 5 folds for each of 50 candidates, totalling 250 fits
[CV] END C=100, coef0=0.1, degree=4, gamma=0.001, kernel=poly; total time=   1.0s
[CV] END C=100, coef0=0.1, degree=4, gamma=0.001, kernel=poly; total time=   0.9s
[CV] END C=100, coef0=0.1, degree=4, gamma=0.001, kernel=poly; total time=   0.8s
[CV] END C=100, coef0=0.1, degree=4, gamma=0.001, kernel=poly; total time=   0.8s
[CV] END C=100, coef0=0.1, degree=4, gamma=0.001, kernel=poly; total time=   0.8s
[CV] END C=100, coef0=0.5, degree=4, gamma=0.01, kernel=poly; total time=   0.8s
[CV] END C=100, coef0=0.5, degree=4, gamma=0.01, kernel=poly; total time=   0.8s
[CV] END C=100, coef0=0.5, degree=4, gamma=0.01, kernel=poly; total time=   0.9s
[CV] END C=100, coef0=0.5, degree=4, gamma=0.01, kernel=poly; total time=   0.9s
[CV] END C=100, coef0=0.5, degree=4, gamma=0.01, kernel=poly; total time=   0.9s
[CV] END .C=0.1, coef0=0.1, degree=3, gamma=0.1, kernel=poly; total time=   0.8s
[CV] END .C=0.1, coef0=0.1, degree=3, gamma=0.1, kernel=poly; total time=   0.8s
[CV] END .C=0.1, coef0=0.1, degree=3, gamma=0.1, kernel=poly; total time=   0.8s
[CV] END .C=0.1, coef0=0.1, degree=3, gamma=0.1, kernel=poly; total time=   0.8s
[CV] END .C=0.1, coef0=0.1, degree=3, gamma=0.1, kernel=poly; total time=   0.8s
[CV] END ...C=100, coef0=0.0, degree=3, gamma=1, kernel=poly; total time=   0.8s
[CV] END ...C=100, coef0=0.0, degree=3, gamma=1, kernel=poly; total time=   0.8s
[CV] END ...C=100, coef0=0.0, degree=3, gamma=1, kernel=poly; total time=   0.8s
[CV] END ...C=100, coef0=0.0, degree=3, gamma=1, kernel=poly; total time=   0.8s
[CV] END ...C=100, coef0=0.0, degree=3, gamma=1, kernel=poly; total time=   0.8s
[CV] END ......................C=0.1, gamma=0.01, kernel=rbf; total time=   1.0s
[CV] END ......................C=0.1, gamma=0.01, kernel=rbf; total time=   0.9s
[CV] END ......................C=0.1, gamma=0.01, kernel=rbf; total time=   0.9s
[CV] END ......................C=0.1, gamma=0.01, kernel=rbf; total time=   0.9s
[CV] END ......................C=0.1, gamma=0.01, kernel=rbf; total time=   0.9s
[CV] END ....C=10, coef0=1.0, degree=4, gamma=1, kernel=poly; total time=   0.8s
[CV] END ....C=10, coef0=1.0, degree=4, gamma=1, kernel=poly; total time=   0.8s
[CV] END ....C=10, coef0=1.0, degree=4, gamma=1, kernel=poly; total time=   0.8s
[CV] END ....C=10, coef0=1.0, degree=4, gamma=1, kernel=poly; total time=   0.8s
[CV] END ....C=10, coef0=1.0, degree=4, gamma=1, kernel=poly; total time=   0.8s
[CV] END ........C=1, coef0=0.1, gamma=0.001, kernel=sigmoid; total time=   0.4s
[CV] END ........C=1, coef0=0.1, gamma=0.001, kernel=sigmoid; total time=   0.4s
[CV] END ........C=1, coef0=0.1, gamma=0.001, kernel=sigmoid; total time=   0.4s
[CV] END ........C=1, coef0=0.1, gamma=0.001, kernel=sigmoid; total time=   0.5s
[CV] END ........C=1, coef0=0.1, gamma=0.001, kernel=sigmoid; total time=   0.4s
[CV] END C=100, coef0=1.0, degree=4, gamma=0.01, kernel=poly; total time=   0.8s
[CV] END C=100, coef0=1.0, degree=4, gamma=0.01, kernel=poly; total time=   0.8s
[CV] END C=100, coef0=1.0, degree=4, gamma=0.01, kernel=poly; total time=   0.8s
[CV] END C=100, coef0=1.0, degree=4, gamma=0.01, kernel=poly; total time=   0.8s
[CV] END C=100, coef0=1.0, degree=4, gamma=0.01, kernel=poly; total time=   0.8s
[CV] END .C=10, coef0=0.5, degree=2, gamma=0.01, kernel=poly; total time=   0.8s
[CV] END .C=10, coef0=0.5, degree=2, gamma=0.01, kernel=poly; total time=   0.8s
[CV] END .C=10, coef0=0.5, degree=2, gamma=0.01, kernel=poly; total time=   0.8s
[CV] END .C=10, coef0=0.5, degree=2, gamma=0.01, kernel=poly; total time=   0.8s
[CV] END .C=10, coef0=0.5, degree=2, gamma=0.01, kernel=poly; total time=   0.8s
[CV] END ........................C=10, gamma=0.1, kernel=rbf; total time=   1.0s
[CV] END ........................C=10, gamma=0.1, kernel=rbf; total time=   0.9s
[CV] END ........................C=10, gamma=0.1, kernel=rbf; total time=   0.9s
[CV] END ........................C=10, gamma=0.1, kernel=rbf; total time=   0.9s
[CV] END ........................C=10, gamma=0.1, kernel=rbf; total time=   1.0s
[CV] END ..C=1, coef0=0.0, degree=3, gamma=0.01, kernel=poly; total time=   0.8s
[CV] END ..C=1, coef0=0.0, degree=3, gamma=0.01, kernel=poly; total time=   0.8s
[CV] END ..C=1, coef0=0.0, degree=3, gamma=0.01, kernel=poly; total time=   0.8s
[CV] END ..C=1, coef0=0.0, degree=3, gamma=0.01, kernel=poly; total time=   0.8s
[CV] END ..C=1, coef0=0.0, degree=3, gamma=0.01, kernel=poly; total time=   0.8s
[CV] END .....C=1, coef0=0.5, degree=2, gamma=1, kernel=poly; total time=   0.8s
[CV] END .....C=1, coef0=0.5, degree=2, gamma=1, kernel=poly; total time=   0.9s
[CV] END .....C=1, coef0=0.5, degree=2, gamma=1, kernel=poly; total time=   0.8s
[CV] END .....C=1, coef0=0.5, degree=2, gamma=1, kernel=poly; total time=   0.9s
[CV] END .....C=1, coef0=0.5, degree=2, gamma=1, kernel=poly; total time=   0.8s
[CV] END .........C=10, coef0=0.5, gamma=0.1, kernel=sigmoid; total time=   0.4s
[CV] END .........C=10, coef0=0.5, gamma=0.1, kernel=sigmoid; total time=   0.5s
[CV] END .........C=10, coef0=0.5, gamma=0.1, kernel=sigmoid; total time=   0.3s
[CV] END .........C=10, coef0=0.5, gamma=0.1, kernel=sigmoid; total time=   0.4s
[CV] END .........C=10, coef0=0.5, gamma=0.1, kernel=sigmoid; total time=   0.4s
[CV] END ........C=0.1, coef0=0.0, gamma=0.1, kernel=sigmoid; total time=   0.5s
[CV] END ........C=0.1, coef0=0.0, gamma=0.1, kernel=sigmoid; total time=   0.6s
[CV] END ........C=0.1, coef0=0.0, gamma=0.1, kernel=sigmoid; total time=   0.6s
[CV] END ........C=0.1, coef0=0.0, gamma=0.1, kernel=sigmoid; total time=   0.6s
[CV] END ........C=0.1, coef0=0.0, gamma=0.1, kernel=sigmoid; total time=   0.5s
[CV] END .C=1, coef0=0.1, degree=4, gamma=0.001, kernel=poly; total time=   0.8s
[CV] END .C=1, coef0=0.1, degree=4, gamma=0.001, kernel=poly; total time=   0.9s
[CV] END .C=1, coef0=0.1, degree=4, gamma=0.001, kernel=poly; total time=   0.9s
[CV] END .C=1, coef0=0.1, degree=4, gamma=0.001, kernel=poly; total time=   0.8s
[CV] END .C=1, coef0=0.1, degree=4, gamma=0.001, kernel=poly; total time=   0.8s
[CV] END ..C=10, coef0=0.5, degree=3, gamma=0.1, kernel=poly; total time=   0.8s
[CV] END ..C=10, coef0=0.5, degree=3, gamma=0.1, kernel=poly; total time=   0.8s
[CV] END ..C=10, coef0=0.5, degree=3, gamma=0.1, kernel=poly; total time=   0.8s
[CV] END ..C=10, coef0=0.5, degree=3, gamma=0.1, kernel=poly; total time=   0.8s
[CV] END ..C=10, coef0=0.5, degree=3, gamma=0.1, kernel=poly; total time=   0.8s
[CV] END .................................C=1, kernel=linear; total time=   0.8s
[CV] END .................................C=1, kernel=linear; total time=   0.8s
[CV] END .................................C=1, kernel=linear; total time=   0.8s
[CV] END .................................C=1, kernel=linear; total time=   0.8s
[CV] END .................................C=1, kernel=linear; total time=   0.8s
[CV] END ..C=1, coef0=0.5, degree=3, gamma=0.01, kernel=poly; total time=   0.9s
[CV] END ..C=1, coef0=0.5, degree=3, gamma=0.01, kernel=poly; total time=   0.9s
[CV] END ..C=1, coef0=0.5, degree=3, gamma=0.01, kernel=poly; total time=   0.8s
[CV] END ..C=1, coef0=0.5, degree=3, gamma=0.01, kernel=poly; total time=   0.8s
[CV] END ..C=1, coef0=0.5, degree=3, gamma=0.01, kernel=poly; total time=   0.8s
[CV] END ...........................C=1, gamma=1, kernel=rbf; total time=   0.9s
[CV] END ...........................C=1, gamma=1, kernel=rbf; total time=   0.9s
[CV] END ...........................C=1, gamma=1, kernel=rbf; total time=   0.9s
[CV] END ...........................C=1, gamma=1, kernel=rbf; total time=   0.9s
[CV] END ...........................C=1, gamma=1, kernel=rbf; total time=   1.0s
[CV] END .........C=10, coef0=1.0, gamma=0.1, kernel=sigmoid; total time=   0.3s
[CV] END .........C=10, coef0=1.0, gamma=0.1, kernel=sigmoid; total time=   0.4s
[CV] END .........C=10, coef0=1.0, gamma=0.1, kernel=sigmoid; total time=   0.4s
[CV] END .........C=10, coef0=1.0, gamma=0.1, kernel=sigmoid; total time=   0.4s
[CV] END .........C=10, coef0=1.0, gamma=0.1, kernel=sigmoid; total time=   0.4s
[CV] END ......................C=10, gamma=0.001, kernel=rbf; total time=   0.9s
[CV] END ......................C=10, gamma=0.001, kernel=rbf; total time=   0.9s
[CV] END ......................C=10, gamma=0.001, kernel=rbf; total time=   0.9s
[CV] END ......................C=10, gamma=0.001, kernel=rbf; total time=   0.9s
[CV] END ......................C=10, gamma=0.001, kernel=rbf; total time=   0.9s
[CV] END C=10, coef0=1.0, degree=4, gamma=0.001, kernel=poly; total time=   0.8s
[CV] END C=10, coef0=1.0, degree=4, gamma=0.001, kernel=poly; total time=   0.8s
[CV] END C=10, coef0=1.0, degree=4, gamma=0.001, kernel=poly; total time=   0.9s
[CV] END C=10, coef0=1.0, degree=4, gamma=0.001, kernel=poly; total time=   0.8s
[CV] END C=10, coef0=1.0, degree=4, gamma=0.001, kernel=poly; total time=   0.8s
[CV] END ...C=100, coef0=0.1, degree=3, gamma=1, kernel=poly; total time=   0.8s
[CV] END ...C=100, coef0=0.1, degree=3, gamma=1, kernel=poly; total time=   0.8s
[CV] END ...C=100, coef0=0.1, degree=3, gamma=1, kernel=poly; total time=   0.8s
[CV] END ...C=100, coef0=0.1, degree=3, gamma=1, kernel=poly; total time=   0.8s
[CV] END ...C=100, coef0=0.1, degree=3, gamma=1, kernel=poly; total time=   0.8s
[CV] END ....C=10, coef0=0.5, degree=3, gamma=1, kernel=poly; total time=   0.8s
[CV] END ....C=10, coef0=0.5, degree=3, gamma=1, kernel=poly; total time=   0.8s
[CV] END ....C=10, coef0=0.5, degree=3, gamma=1, kernel=poly; total time=   0.8s
[CV] END ....C=10, coef0=0.5, degree=3, gamma=1, kernel=poly; total time=   0.8s
[CV] END ....C=10, coef0=0.5, degree=3, gamma=1, kernel=poly; total time=   0.9s
[CV] END C=100, coef0=1.0, degree=3, gamma=0.001, kernel=poly; total time=   0.8s
[CV] END C=100, coef0=1.0, degree=3, gamma=0.001, kernel=poly; total time=   0.8s
[CV] END C=100, coef0=1.0, degree=3, gamma=0.001, kernel=poly; total time=   0.8s
[CV] END C=100, coef0=1.0, degree=3, gamma=0.001, kernel=poly; total time=   0.8s
[CV] END C=100, coef0=1.0, degree=3, gamma=0.001, kernel=poly; total time=   0.8s
[CV] END ...C=0.1, coef0=0.0, degree=2, gamma=1, kernel=poly; total time=   0.8s
[CV] END ...C=0.1, coef0=0.0, degree=2, gamma=1, kernel=poly; total time=   0.8s
[CV] END ...C=0.1, coef0=0.0, degree=2, gamma=1, kernel=poly; total time=   0.8s
[CV] END ...C=0.1, coef0=0.0, degree=2, gamma=1, kernel=poly; total time=   0.9s
[CV] END ...C=0.1, coef0=0.0, degree=2, gamma=1, kernel=poly; total time=   0.8s
[CV] END ..C=10, coef0=0.0, degree=2, gamma=0.1, kernel=poly; total time=   0.8s
[CV] END ..C=10, coef0=0.0, degree=2, gamma=0.1, kernel=poly; total time=   0.8s
[CV] END ..C=10, coef0=0.0, degree=2, gamma=0.1, kernel=poly; total time=   0.8s
[CV] END ..C=10, coef0=0.0, degree=2, gamma=0.1, kernel=poly; total time=   0.8s
[CV] END ..C=10, coef0=0.0, degree=2, gamma=0.1, kernel=poly; total time=   0.8s
[CV] END ...C=100, coef0=0.0, degree=2, gamma=1, kernel=poly; total time=   0.8s
[CV] END ...C=100, coef0=0.0, degree=2, gamma=1, kernel=poly; total time=   0.8s
[CV] END ...C=100, coef0=0.0, degree=2, gamma=1, kernel=poly; total time=   0.8s
[CV] END ...C=100, coef0=0.0, degree=2, gamma=1, kernel=poly; total time=   0.8s
[CV] END ...C=100, coef0=0.0, degree=2, gamma=1, kernel=poly; total time=   0.9s
[CV] END C=100, coef0=0.0, degree=3, gamma=0.01, kernel=poly; total time=   0.9s
[CV] END C=100, coef0=0.0, degree=3, gamma=0.01, kernel=poly; total time=   0.8s
[CV] END C=100, coef0=0.0, degree=3, gamma=0.01, kernel=poly; total time=   0.9s
[CV] END C=100, coef0=0.0, degree=3, gamma=0.01, kernel=poly; total time=   0.8s
[CV] END C=100, coef0=0.0, degree=3, gamma=0.01, kernel=poly; total time=   0.8s
[CV] END ............C=1, coef0=0.0, gamma=1, kernel=sigmoid; total time=   0.4s
[CV] END ............C=1, coef0=0.0, gamma=1, kernel=sigmoid; total time=   0.5s
[CV] END ............C=1, coef0=0.0, gamma=1, kernel=sigmoid; total time=   0.4s
[CV] END ............C=1, coef0=0.0, gamma=1, kernel=sigmoid; total time=   0.5s
[CV] END ............C=1, coef0=0.0, gamma=1, kernel=sigmoid; total time=   0.4s
[CV] END .C=0.1, coef0=0.5, degree=3, gamma=0.1, kernel=poly; total time=   0.9s
[CV] END .C=0.1, coef0=0.5, degree=3, gamma=0.1, kernel=poly; total time=   0.8s
[CV] END .C=0.1, coef0=0.5, degree=3, gamma=0.1, kernel=poly; total time=   0.8s
[CV] END .C=0.1, coef0=0.5, degree=3, gamma=0.1, kernel=poly; total time=   0.8s
[CV] END .C=0.1, coef0=0.5, degree=3, gamma=0.1, kernel=poly; total time=   0.8s
[CV] END ...C=0.1, coef0=1.0, degree=3, gamma=1, kernel=poly; total time=   0.9s
[CV] END ...C=0.1, coef0=1.0, degree=3, gamma=1, kernel=poly; total time=   0.9s
[CV] END ...C=0.1, coef0=1.0, degree=3, gamma=1, kernel=poly; total time=   0.8s
[CV] END ...C=0.1, coef0=1.0, degree=3, gamma=1, kernel=poly; total time=   0.8s
[CV] END ...C=0.1, coef0=1.0, degree=3, gamma=1, kernel=poly; total time=   0.8s
[CV] END ........C=100, coef0=0.0, gamma=0.1, kernel=sigmoid; total time=   0.4s
[CV] END ........C=100, coef0=0.0, gamma=0.1, kernel=sigmoid; total time=   0.3s
[CV] END ........C=100, coef0=0.0, gamma=0.1, kernel=sigmoid; total time=   0.4s
[CV] END ........C=100, coef0=0.0, gamma=0.1, kernel=sigmoid; total time=   0.4s
[CV] END ........C=100, coef0=0.0, gamma=0.1, kernel=sigmoid; total time=   0.4s
[CV] END .C=0.1, coef0=1.0, degree=4, gamma=0.1, kernel=poly; total time=   0.8s
[CV] END .C=0.1, coef0=1.0, degree=4, gamma=0.1, kernel=poly; total time=   0.8s
[CV] END .C=0.1, coef0=1.0, degree=4, gamma=0.1, kernel=poly; total time=   0.8s
[CV] END .C=0.1, coef0=1.0, degree=4, gamma=0.1, kernel=poly; total time=   0.9s
[CV] END .C=0.1, coef0=1.0, degree=4, gamma=0.1, kernel=poly; total time=   0.9s
[CV] END .........................C=100, gamma=1, kernel=rbf; total time=   1.0s
[CV] END .........................C=100, gamma=1, kernel=rbf; total time=   0.9s
[CV] END .........................C=100, gamma=1, kernel=rbf; total time=   0.9s
[CV] END .........................C=100, gamma=1, kernel=rbf; total time=   0.9s
[CV] END .........................C=100, gamma=1, kernel=rbf; total time=   0.9s
[CV] END C=0.1, coef0=0.5, degree=4, gamma=0.01, kernel=poly; total time=   0.8s
[CV] END C=0.1, coef0=0.5, degree=4, gamma=0.01, kernel=poly; total time=   0.8s
[CV] END C=0.1, coef0=0.5, degree=4, gamma=0.01, kernel=poly; total time=   0.8s
[CV] END C=0.1, coef0=0.5, degree=4, gamma=0.01, kernel=poly; total time=   0.8s
[CV] END C=0.1, coef0=0.5, degree=4, gamma=0.01, kernel=poly; total time=   0.8s
[CV] END C=0.1, coef0=1.0, degree=3, gamma=0.01, kernel=poly; total time=   0.9s
[CV] END C=0.1, coef0=1.0, degree=3, gamma=0.01, kernel=poly; total time=   0.8s
[CV] END C=0.1, coef0=1.0, degree=3, gamma=0.01, kernel=poly; total time=   0.8s
[CV] END C=0.1, coef0=1.0, degree=3, gamma=0.01, kernel=poly; total time=   0.8s
[CV] END C=0.1, coef0=1.0, degree=3, gamma=0.01, kernel=poly; total time=   0.8s
[CV] END C=10, coef0=0.1, degree=3, gamma=0.001, kernel=poly; total time=   0.8s
[CV] END C=10, coef0=0.1, degree=3, gamma=0.001, kernel=poly; total time=   0.8s
[CV] END C=10, coef0=0.1, degree=3, gamma=0.001, kernel=poly; total time=   0.8s
[CV] END C=10, coef0=0.1, degree=3, gamma=0.001, kernel=poly; total time=   0.8s
[CV] END C=10, coef0=0.1, degree=3, gamma=0.001, kernel=poly; total time=   0.8s
[CV] END ...........C=10, coef0=0.1, gamma=1, kernel=sigmoid; total time=   0.5s
[CV] END ...........C=10, coef0=0.1, gamma=1, kernel=sigmoid; total time=   0.5s
[CV] END ...........C=10, coef0=0.1, gamma=1, kernel=sigmoid; total time=   0.3s
[CV] END ...........C=10, coef0=0.1, gamma=1, kernel=sigmoid; total time=   0.4s
[CV] END ...........C=10, coef0=0.1, gamma=1, kernel=sigmoid; total time=   0.4s
[CV] END ...C=100, coef0=0.5, degree=3, gamma=1, kernel=poly; total time=   0.9s
[CV] END ...C=100, coef0=0.5, degree=3, gamma=1, kernel=poly; total time=   0.8s
[CV] END ...C=100, coef0=0.5, degree=3, gamma=1, kernel=poly; total time=   0.8s
[CV] END ...C=100, coef0=0.5, degree=3, gamma=1, kernel=poly; total time=   0.8s
[CV] END ...C=100, coef0=0.5, degree=3, gamma=1, kernel=poly; total time=   0.8s
[CV] END ..C=1, coef0=0.0, degree=4, gamma=0.01, kernel=poly; total time=   0.8s
[CV] END ..C=1, coef0=0.0, degree=4, gamma=0.01, kernel=poly; total time=   0.8s
[CV] END ..C=1, coef0=0.0, degree=4, gamma=0.01, kernel=poly; total time=   0.8s
[CV] END ..C=1, coef0=0.0, degree=4, gamma=0.01, kernel=poly; total time=   0.8s
[CV] END ..C=1, coef0=0.0, degree=4, gamma=0.01, kernel=poly; total time=   0.8s
[CV] END ...C=100, coef0=0.1, degree=2, gamma=1, kernel=poly; total time=   0.8s
[CV] END ...C=100, coef0=0.1, degree=2, gamma=1, kernel=poly; total time=   0.9s
[CV] END ...C=100, coef0=0.1, degree=2, gamma=1, kernel=poly; total time=   0.8s
[CV] END ...C=100, coef0=0.1, degree=2, gamma=1, kernel=poly; total time=   0.8s
[CV] END ...C=100, coef0=0.1, degree=2, gamma=1, kernel=poly; total time=   0.8s
[CV] END ....C=10, coef0=0.0, degree=3, gamma=1, kernel=poly; total time=   0.8s
[CV] END ....C=10, coef0=0.0, degree=3, gamma=1, kernel=poly; total time=   0.8s
[CV] END ....C=10, coef0=0.0, degree=3, gamma=1, kernel=poly; total time=   0.8s
[CV] END ....C=10, coef0=0.0, degree=3, gamma=1, kernel=poly; total time=   0.8s
[CV] END ....C=10, coef0=0.0, degree=3, gamma=1, kernel=poly; total time=   0.8s
[CV] END ..C=10, coef0=0.5, degree=4, gamma=0.1, kernel=poly; total time=   0.8s
[CV] END ..C=10, coef0=0.5, degree=4, gamma=0.1, kernel=poly; total time=   0.8s
[CV] END ..C=10, coef0=0.5, degree=4, gamma=0.1, kernel=poly; total time=   0.8s
[CV] END ..C=10, coef0=0.5, degree=4, gamma=0.1, kernel=poly; total time=   0.9s
[CV] END ..C=10, coef0=0.5, degree=4, gamma=0.1, kernel=poly; total time=   0.8s
[CV] END ......C=0.1, coef0=1.0, gamma=0.001, kernel=sigmoid; total time=   0.5s
[CV] END ......C=0.1, coef0=1.0, gamma=0.001, kernel=sigmoid; total time=   0.5s
[CV] END ......C=0.1, coef0=1.0, gamma=0.001, kernel=sigmoid; total time=   0.5s
[CV] END ......C=0.1, coef0=1.0, gamma=0.001, kernel=sigmoid; total time=   0.5s
[CV] END ......C=0.1, coef0=1.0, gamma=0.001, kernel=sigmoid; total time=   0.5s
[CV] END .........C=1, coef0=0.0, gamma=0.01, kernel=sigmoid; total time=   0.5s
[CV] END .........C=1, coef0=0.0, gamma=0.01, kernel=sigmoid; total time=   0.4s
[CV] END .........C=1, coef0=0.0, gamma=0.01, kernel=sigmoid; total time=   0.4s
[CV] END .........C=1, coef0=0.0, gamma=0.01, kernel=sigmoid; total time=   0.4s
[CV] END .........C=1, coef0=0.0, gamma=0.01, kernel=sigmoid; total time=   0.4s
[CV] END ....C=10, coef0=0.5, degree=4, gamma=1, kernel=poly; total time=   0.8s
[CV] END ....C=10, coef0=0.5, degree=4, gamma=1, kernel=poly; total time=   0.8s
[CV] END ....C=10, coef0=0.5, degree=4, gamma=1, kernel=poly; total time=   0.8s
[CV] END ....C=10, coef0=0.5, degree=4, gamma=1, kernel=poly; total time=   0.9s
[CV] END ....C=10, coef0=0.5, degree=4, gamma=1, kernel=poly; total time=   0.8s
[CV] END ...C=0.1, coef0=0.1, degree=4, gamma=1, kernel=poly; total time=   0.8s
[CV] END ...C=0.1, coef0=0.1, degree=4, gamma=1, kernel=poly; total time=   0.8s
[CV] END ...C=0.1, coef0=0.1, degree=4, gamma=1, kernel=poly; total time=   0.8s
[CV] END ...C=0.1, coef0=0.1, degree=4, gamma=1, kernel=poly; total time=   0.8s
[CV] END ...C=0.1, coef0=0.1, degree=4, gamma=1, kernel=poly; total time=   0.8s
[CV] END .C=100, coef0=0.0, degree=2, gamma=0.1, kernel=poly; total time=   0.8s
[CV] END .C=100, coef0=0.0, degree=2, gamma=0.1, kernel=poly; total time=   0.8s
[CV] END .C=100, coef0=0.0, degree=2, gamma=0.1, kernel=poly; total time=   0.8s
[CV] END .C=100, coef0=0.0, degree=2, gamma=0.1, kernel=poly; total time=   0.8s
[CV] END .C=100, coef0=0.0, degree=2, gamma=0.1, kernel=poly; total time=   0.8s
[CV] END .C=100, coef0=0.1, degree=4, gamma=0.1, kernel=poly; total time=   0.9s
[CV] END .C=100, coef0=0.1, degree=4, gamma=0.1, kernel=poly; total time=   0.8s
[CV] END .C=100, coef0=0.1, degree=4, gamma=0.1, kernel=poly; total time=   0.8s
[CV] END .C=100, coef0=0.1, degree=4, gamma=0.1, kernel=poly; total time=   0.8s
[CV] END .C=100, coef0=0.1, degree=4, gamma=0.1, kernel=poly; total time=   0.8s
RandomizedSearchCV fitting completed.
Best Parameters Found: {'kernel': 'linear', 'C': 1}
Accuracy:  0.7321
Recall:    0.6538
Precision: 0.7391
F1 Score:  0.6939
Classification report:
               precision    recall  f1-score   support

           0       0.73      0.80      0.76        90
           1       0.74      0.65      0.69        78

    accuracy                           0.73       168
   macro avg       0.73      0.73      0.73       168
weighted avg       0.73      0.73      0.73       168


=== Metrics for SVC ===

Per-Class Metrics:
  Control:
    Precision: 0.727
    Recall:    0.800
    F1 Score:  0.762
    Support:   90
  Autism:
    Precision: 0.739
    Recall:    0.654
    F1 Score:  0.694
    Support:   78

Overall Metrics:
  Specificity:          0.800
  Sensitivity:          0.654
  AUROC:                0.762
  Accuracy:             0.732
  Balanced Accuracy:    0.727
=====================================
Starting RandomizedSearchCV fitting...
Fitting 5 folds for each of 50 candidates, totalling 250 fits
RandomizedSearchCV fitting completed.
Best Parameters Found: {'bootstrap': True, 'max_depth': None, 'max_features': None, 'min_samples_leaf': 8, 'min_samples_split': 18, 'n_estimators': 81}
Accuracy:  0.6726
Recall:    0.4872
Precision: 0.7170
F1 Score:  0.5802
Classification report:
               precision    recall  f1-score   support

           0       0.65      0.89      0.75        90
           1       0.77      0.44      0.56        78

    accuracy                           0.68       168
   macro avg       0.71      0.66      0.65       168
weighted avg       0.70      0.68      0.66       168


=== Metrics for RandomForestClassifier ===

Per-Class Metrics:
  Control:
    Precision: 0.645
    Recall:    0.889
    F1 Score:  0.748
    Support:   90
  Autism:
    Precision: 0.773
    Recall:    0.436
    F1 Score:  0.557
    Support:   78

Overall Metrics:
  Specificity:          0.889
  Sensitivity:          0.436
  AUROC:                0.734
  Accuracy:             0.679
  Balanced Accuracy:    0.662
=====================================
Starting RandomizedSearchCV fitting...
Fitting 5 folds for each of 50 candidates, totalling 250 fits
RandomizedSearchCV fitting completed.
Best Parameters Found: {'criterion': 'entropy', 'max_depth': np.int64(2), 'min_samples_leaf': 11, 'min_samples_split': 14}
Accuracy:  0.6131
Recall:    0.7179
Precision: 0.5657
F1 Score:  0.6328
Classification report:
               precision    recall  f1-score   support

           0       0.68      0.52      0.59        90
           1       0.57      0.72      0.63        78

    accuracy                           0.61       168
   macro avg       0.62      0.62      0.61       168
weighted avg       0.63      0.61      0.61       168


=== Metrics for DecisionTreeClassifier ===

Per-Class Metrics:
  Control:
    Precision: 0.681
    Recall:    0.522
    F1 Score:  0.591
    Support:   90
  Autism:
    Precision: 0.566
    Recall:    0.718
    F1 Score:  0.633
    Support:   78

Overall Metrics:
  Specificity:          0.522
  Sensitivity:          0.718
  AUROC:                0.621
  Accuracy:             0.613
  Balanced Accuracy:    0.620
=====================================
Starting RandomizedSearchCV fitting...
Fitting 5 folds for each of 50 candidates, totalling 250 fits
