
=== Fold 1 | FEMALE Data ===
Starting RandomizedSearchCV fitting...
Fitting 5 folds for each of 50 candidates, totalling 250 fits
[CV] END C=100, coef0=0.1, degree=4, gamma=0.001, kernel=poly; total time=   0.0s
[CV] END C=100, coef0=0.1, degree=4, gamma=0.001, kernel=poly; total time=   0.0s
[CV] END C=100, coef0=0.1, degree=4, gamma=0.001, kernel=poly; total time=   0.0s
[CV] END C=100, coef0=0.1, degree=4, gamma=0.001, kernel=poly; total time=   0.0s
[CV] END C=100, coef0=0.1, degree=4, gamma=0.001, kernel=poly; total time=   0.0s
[CV] END C=100, coef0=0.5, degree=4, gamma=0.01, kernel=poly; total time=   0.0s
[CV] END C=100, coef0=0.5, degree=4, gamma=0.01, kernel=poly; total time=   0.0s
[CV] END C=100, coef0=0.5, degree=4, gamma=0.01, kernel=poly; total time=   0.0s
[CV] END C=100, coef0=0.5, degree=4, gamma=0.01, kernel=poly; total time=   0.0s
[CV] END C=100, coef0=0.5, degree=4, gamma=0.01, kernel=poly; total time=   0.0s
[CV] END .C=0.1, coef0=0.1, degree=3, gamma=0.1, kernel=poly; total time=   0.0s
[CV] END .C=0.1, coef0=0.1, degree=3, gamma=0.1, kernel=poly; total time=   0.0s
[CV] END .C=0.1, coef0=0.1, degree=3, gamma=0.1, kernel=poly; total time=   0.0s
[CV] END .C=0.1, coef0=0.1, degree=3, gamma=0.1, kernel=poly; total time=   0.0s
[CV] END .C=0.1, coef0=0.1, degree=3, gamma=0.1, kernel=poly; total time=   0.0s
[CV] END ...C=100, coef0=0.0, degree=3, gamma=1, kernel=poly; total time=   0.0s
[CV] END ...C=100, coef0=0.0, degree=3, gamma=1, kernel=poly; total time=   0.0s
[CV] END ...C=100, coef0=0.0, degree=3, gamma=1, kernel=poly; total time=   0.0s
[CV] END ...C=100, coef0=0.0, degree=3, gamma=1, kernel=poly; total time=   0.0s
[CV] END ...C=100, coef0=0.0, degree=3, gamma=1, kernel=poly; total time=   0.0s
[CV] END ......................C=0.1, gamma=0.01, kernel=rbf; total time=   0.0s
[CV] END ......................C=0.1, gamma=0.01, kernel=rbf; total time=   0.0s
[CV] END ......................C=0.1, gamma=0.01, kernel=rbf; total time=   0.0s
[CV] END ......................C=0.1, gamma=0.01, kernel=rbf; total time=   0.0s
[CV] END ......................C=0.1, gamma=0.01, kernel=rbf; total time=   0.0s
[CV] END ....C=10, coef0=1.0, degree=4, gamma=1, kernel=poly; total time=   0.0s
[CV] END ....C=10, coef0=1.0, degree=4, gamma=1, kernel=poly; total time=   0.0s
[CV] END ....C=10, coef0=1.0, degree=4, gamma=1, kernel=poly; total time=   0.0s
[CV] END ....C=10, coef0=1.0, degree=4, gamma=1, kernel=poly; total time=   0.0s
[CV] END ....C=10, coef0=1.0, degree=4, gamma=1, kernel=poly; total time=   0.0s
[CV] END ........C=1, coef0=0.1, gamma=0.001, kernel=sigmoid; total time=   0.0s
[CV] END ........C=1, coef0=0.1, gamma=0.001, kernel=sigmoid; total time=   0.0s
[CV] END ........C=1, coef0=0.1, gamma=0.001, kernel=sigmoid; total time=   0.0s
[CV] END ........C=1, coef0=0.1, gamma=0.001, kernel=sigmoid; total time=   0.0s
[CV] END ........C=1, coef0=0.1, gamma=0.001, kernel=sigmoid; total time=   0.0s
[CV] END C=100, coef0=1.0, degree=4, gamma=0.01, kernel=poly; total time=   0.0s
[CV] END C=100, coef0=1.0, degree=4, gamma=0.01, kernel=poly; total time=   0.0s
[CV] END C=100, coef0=1.0, degree=4, gamma=0.01, kernel=poly; total time=   0.0s
[CV] END C=100, coef0=1.0, degree=4, gamma=0.01, kernel=poly; total time=   0.0s
[CV] END C=100, coef0=1.0, degree=4, gamma=0.01, kernel=poly; total time=   0.0s
[CV] END .C=10, coef0=0.5, degree=2, gamma=0.01, kernel=poly; total time=   0.0s
[CV] END .C=10, coef0=0.5, degree=2, gamma=0.01, kernel=poly; total time=   0.0s
[CV] END .C=10, coef0=0.5, degree=2, gamma=0.01, kernel=poly; total time=   0.0s
[CV] END .C=10, coef0=0.5, degree=2, gamma=0.01, kernel=poly; total time=   0.0s
[CV] END .C=10, coef0=0.5, degree=2, gamma=0.01, kernel=poly; total time=   0.0s
[CV] END ........................C=10, gamma=0.1, kernel=rbf; total time=   0.0s
[CV] END ........................C=10, gamma=0.1, kernel=rbf; total time=   0.0s
[CV] END ........................C=10, gamma=0.1, kernel=rbf; total time=   0.0s
[CV] END ........................C=10, gamma=0.1, kernel=rbf; total time=   0.0s
[CV] END ........................C=10, gamma=0.1, kernel=rbf; total time=   0.0s
[CV] END ..C=1, coef0=0.0, degree=3, gamma=0.01, kernel=poly; total time=   0.0s
[CV] END ..C=1, coef0=0.0, degree=3, gamma=0.01, kernel=poly; total time=   0.0s
[CV] END ..C=1, coef0=0.0, degree=3, gamma=0.01, kernel=poly; total time=   0.0s
[CV] END ..C=1, coef0=0.0, degree=3, gamma=0.01, kernel=poly; total time=   0.0s
[CV] END ..C=1, coef0=0.0, degree=3, gamma=0.01, kernel=poly; total time=   0.0s
[CV] END .....C=1, coef0=0.5, degree=2, gamma=1, kernel=poly; total time=   0.0s
[CV] END .....C=1, coef0=0.5, degree=2, gamma=1, kernel=poly; total time=   0.0s
[CV] END .....C=1, coef0=0.5, degree=2, gamma=1, kernel=poly; total time=   0.0s
[CV] END .....C=1, coef0=0.5, degree=2, gamma=1, kernel=poly; total time=   0.0s
[CV] END .....C=1, coef0=0.5, degree=2, gamma=1, kernel=poly; total time=   0.0s
[CV] END .........C=10, coef0=0.5, gamma=0.1, kernel=sigmoid; total time=   0.0s
[CV] END .........C=10, coef0=0.5, gamma=0.1, kernel=sigmoid; total time=   0.0s
[CV] END .........C=10, coef0=0.5, gamma=0.1, kernel=sigmoid; total time=   0.0s
[CV] END .........C=10, coef0=0.5, gamma=0.1, kernel=sigmoid; total time=   0.0s
[CV] END .........C=10, coef0=0.5, gamma=0.1, kernel=sigmoid; total time=   0.0s
[CV] END ........C=0.1, coef0=0.0, gamma=0.1, kernel=sigmoid; total time=   0.0s
[CV] END ........C=0.1, coef0=0.0, gamma=0.1, kernel=sigmoid; total time=   0.0s
[CV] END ........C=0.1, coef0=0.0, gamma=0.1, kernel=sigmoid; total time=   0.0s
[CV] END ........C=0.1, coef0=0.0, gamma=0.1, kernel=sigmoid; total time=   0.0s
[CV] END ........C=0.1, coef0=0.0, gamma=0.1, kernel=sigmoid; total time=   0.0s
[CV] END .C=1, coef0=0.1, degree=4, gamma=0.001, kernel=poly; total time=   0.0s
[CV] END .C=1, coef0=0.1, degree=4, gamma=0.001, kernel=poly; total time=   0.0s
[CV] END .C=1, coef0=0.1, degree=4, gamma=0.001, kernel=poly; total time=   0.0s
[CV] END .C=1, coef0=0.1, degree=4, gamma=0.001, kernel=poly; total time=   0.0s
[CV] END .C=1, coef0=0.1, degree=4, gamma=0.001, kernel=poly; total time=   0.0s
[CV] END ..C=10, coef0=0.5, degree=3, gamma=0.1, kernel=poly; total time=   0.0s
[CV] END ..C=10, coef0=0.5, degree=3, gamma=0.1, kernel=poly; total time=   0.0s
[CV] END ..C=10, coef0=0.5, degree=3, gamma=0.1, kernel=poly; total time=   0.0s
[CV] END ..C=10, coef0=0.5, degree=3, gamma=0.1, kernel=poly; total time=   0.0s
[CV] END ..C=10, coef0=0.5, degree=3, gamma=0.1, kernel=poly; total time=   0.0s
[CV] END .................................C=1, kernel=linear; total time=   0.0s
[CV] END .................................C=1, kernel=linear; total time=   0.0s
[CV] END .................................C=1, kernel=linear; total time=   0.0s
[CV] END .................................C=1, kernel=linear; total time=   0.0s
[CV] END .................................C=1, kernel=linear; total time=   0.0s
[CV] END ..C=1, coef0=0.5, degree=3, gamma=0.01, kernel=poly; total time=   0.0s
[CV] END ..C=1, coef0=0.5, degree=3, gamma=0.01, kernel=poly; total time=   0.0s
[CV] END ..C=1, coef0=0.5, degree=3, gamma=0.01, kernel=poly; total time=   0.0s
[CV] END ..C=1, coef0=0.5, degree=3, gamma=0.01, kernel=poly; total time=   0.0s
[CV] END ..C=1, coef0=0.5, degree=3, gamma=0.01, kernel=poly; total time=   0.0s
[CV] END ...........................C=1, gamma=1, kernel=rbf; total time=   0.0s
[CV] END ...........................C=1, gamma=1, kernel=rbf; total time=   0.0s
[CV] END ...........................C=1, gamma=1, kernel=rbf; total time=   0.0s
[CV] END ...........................C=1, gamma=1, kernel=rbf; total time=   0.0s
[CV] END ...........................C=1, gamma=1, kernel=rbf; total time=   0.0s
[CV] END .........C=10, coef0=1.0, gamma=0.1, kernel=sigmoid; total time=   0.0s
[CV] END .........C=10, coef0=1.0, gamma=0.1, kernel=sigmoid; total time=   0.0s
[CV] END .........C=10, coef0=1.0, gamma=0.1, kernel=sigmoid; total time=   0.0s
[CV] END .........C=10, coef0=1.0, gamma=0.1, kernel=sigmoid; total time=   0.0s
[CV] END .........C=10, coef0=1.0, gamma=0.1, kernel=sigmoid; total time=   0.0s
[CV] END ......................C=10, gamma=0.001, kernel=rbf; total time=   0.0s
[CV] END ......................C=10, gamma=0.001, kernel=rbf; total time=   0.0s
[CV] END ......................C=10, gamma=0.001, kernel=rbf; total time=   0.0s
[CV] END ......................C=10, gamma=0.001, kernel=rbf; total time=   0.0s
[CV] END ......................C=10, gamma=0.001, kernel=rbf; total time=   0.0s
[CV] END C=10, coef0=1.0, degree=4, gamma=0.001, kernel=poly; total time=   0.0s
[CV] END C=10, coef0=1.0, degree=4, gamma=0.001, kernel=poly; total time=   0.0s
[CV] END C=10, coef0=1.0, degree=4, gamma=0.001, kernel=poly; total time=   0.0s
[CV] END C=10, coef0=1.0, degree=4, gamma=0.001, kernel=poly; total time=   0.0s
[CV] END C=10, coef0=1.0, degree=4, gamma=0.001, kernel=poly; total time=   0.0s
[CV] END ...C=100, coef0=0.1, degree=3, gamma=1, kernel=poly; total time=   0.0s
[CV] END ...C=100, coef0=0.1, degree=3, gamma=1, kernel=poly; total time=   0.0s
[CV] END ...C=100, coef0=0.1, degree=3, gamma=1, kernel=poly; total time=   0.0s
[CV] END ...C=100, coef0=0.1, degree=3, gamma=1, kernel=poly; total time=   0.0s
[CV] END ...C=100, coef0=0.1, degree=3, gamma=1, kernel=poly; total time=   0.0s
[CV] END ....C=10, coef0=0.5, degree=3, gamma=1, kernel=poly; total time=   0.0s
[CV] END ....C=10, coef0=0.5, degree=3, gamma=1, kernel=poly; total time=   0.0s
[CV] END ....C=10, coef0=0.5, degree=3, gamma=1, kernel=poly; total time=   0.0s
[CV] END ....C=10, coef0=0.5, degree=3, gamma=1, kernel=poly; total time=   0.0s
[CV] END ....C=10, coef0=0.5, degree=3, gamma=1, kernel=poly; total time=   0.0s
[CV] END C=100, coef0=1.0, degree=3, gamma=0.001, kernel=poly; total time=   0.0s
[CV] END C=100, coef0=1.0, degree=3, gamma=0.001, kernel=poly; total time=   0.0s
[CV] END C=100, coef0=1.0, degree=3, gamma=0.001, kernel=poly; total time=   0.0s
[CV] END C=100, coef0=1.0, degree=3, gamma=0.001, kernel=poly; total time=   0.0s
[CV] END C=100, coef0=1.0, degree=3, gamma=0.001, kernel=poly; total time=   0.0s
[CV] END ...C=0.1, coef0=0.0, degree=2, gamma=1, kernel=poly; total time=   0.0s
[CV] END ...C=0.1, coef0=0.0, degree=2, gamma=1, kernel=poly; total time=   0.0s
[CV] END ...C=0.1, coef0=0.0, degree=2, gamma=1, kernel=poly; total time=   0.0s
[CV] END ...C=0.1, coef0=0.0, degree=2, gamma=1, kernel=poly; total time=   0.0s
[CV] END ...C=0.1, coef0=0.0, degree=2, gamma=1, kernel=poly; total time=   0.0s
[CV] END ..C=10, coef0=0.0, degree=2, gamma=0.1, kernel=poly; total time=   0.0s
[CV] END ..C=10, coef0=0.0, degree=2, gamma=0.1, kernel=poly; total time=   0.0s
[CV] END ..C=10, coef0=0.0, degree=2, gamma=0.1, kernel=poly; total time=   0.0s
[CV] END ..C=10, coef0=0.0, degree=2, gamma=0.1, kernel=poly; total time=   0.0s
[CV] END ..C=10, coef0=0.0, degree=2, gamma=0.1, kernel=poly; total time=   0.0s
[CV] END ...C=100, coef0=0.0, degree=2, gamma=1, kernel=poly; total time=   0.0s
[CV] END ...C=100, coef0=0.0, degree=2, gamma=1, kernel=poly; total time=   0.0s
[CV] END ...C=100, coef0=0.0, degree=2, gamma=1, kernel=poly; total time=   0.0s
[CV] END ...C=100, coef0=0.0, degree=2, gamma=1, kernel=poly; total time=   0.0s
[CV] END ...C=100, coef0=0.0, degree=2, gamma=1, kernel=poly; total time=   0.0s
[CV] END C=100, coef0=0.0, degree=3, gamma=0.01, kernel=poly; total time=   0.0s
[CV] END C=100, coef0=0.0, degree=3, gamma=0.01, kernel=poly; total time=   0.0s
[CV] END C=100, coef0=0.0, degree=3, gamma=0.01, kernel=poly; total time=   0.0s
[CV] END C=100, coef0=0.0, degree=3, gamma=0.01, kernel=poly; total time=   0.0s
[CV] END C=100, coef0=0.0, degree=3, gamma=0.01, kernel=poly; total time=   0.0s
[CV] END ............C=1, coef0=0.0, gamma=1, kernel=sigmoid; total time=   0.0s
[CV] END ............C=1, coef0=0.0, gamma=1, kernel=sigmoid; total time=   0.0s
[CV] END ............C=1, coef0=0.0, gamma=1, kernel=sigmoid; total time=   0.0s
[CV] END ............C=1, coef0=0.0, gamma=1, kernel=sigmoid; total time=   0.0s
[CV] END ............C=1, coef0=0.0, gamma=1, kernel=sigmoid; total time=   0.0s
[CV] END .C=0.1, coef0=0.5, degree=3, gamma=0.1, kernel=poly; total time=   0.0s
[CV] END .C=0.1, coef0=0.5, degree=3, gamma=0.1, kernel=poly; total time=   0.0s
[CV] END .C=0.1, coef0=0.5, degree=3, gamma=0.1, kernel=poly; total time=   0.0s
[CV] END .C=0.1, coef0=0.5, degree=3, gamma=0.1, kernel=poly; total time=   0.0s
[CV] END .C=0.1, coef0=0.5, degree=3, gamma=0.1, kernel=poly; total time=   0.0s
[CV] END ...C=0.1, coef0=1.0, degree=3, gamma=1, kernel=poly; total time=   0.0s
[CV] END ...C=0.1, coef0=1.0, degree=3, gamma=1, kernel=poly; total time=   0.0s
[CV] END ...C=0.1, coef0=1.0, degree=3, gamma=1, kernel=poly; total time=   0.0s
[CV] END ...C=0.1, coef0=1.0, degree=3, gamma=1, kernel=poly; total time=   0.0s
[CV] END ...C=0.1, coef0=1.0, degree=3, gamma=1, kernel=poly; total time=   0.0s
[CV] END ........C=100, coef0=0.0, gamma=0.1, kernel=sigmoid; total time=   0.0s
[CV] END ........C=100, coef0=0.0, gamma=0.1, kernel=sigmoid; total time=   0.0s
[CV] END ........C=100, coef0=0.0, gamma=0.1, kernel=sigmoid; total time=   0.0s
[CV] END ........C=100, coef0=0.0, gamma=0.1, kernel=sigmoid; total time=   0.0s
[CV] END ........C=100, coef0=0.0, gamma=0.1, kernel=sigmoid; total time=   0.0s
[CV] END .C=0.1, coef0=1.0, degree=4, gamma=0.1, kernel=poly; total time=   0.0s
[CV] END .C=0.1, coef0=1.0, degree=4, gamma=0.1, kernel=poly; total time=   0.0s
[CV] END .C=0.1, coef0=1.0, degree=4, gamma=0.1, kernel=poly; total time=   0.0s
[CV] END .C=0.1, coef0=1.0, degree=4, gamma=0.1, kernel=poly; total time=   0.0s
[CV] END .C=0.1, coef0=1.0, degree=4, gamma=0.1, kernel=poly; total time=   0.0s
[CV] END .........................C=100, gamma=1, kernel=rbf; total time=   0.0s
[CV] END .........................C=100, gamma=1, kernel=rbf; total time=   0.0s
[CV] END .........................C=100, gamma=1, kernel=rbf; total time=   0.0s
[CV] END .........................C=100, gamma=1, kernel=rbf; total time=   0.0s
[CV] END .........................C=100, gamma=1, kernel=rbf; total time=   0.0s
[CV] END C=0.1, coef0=0.5, degree=4, gamma=0.01, kernel=poly; total time=   0.0s
[CV] END C=0.1, coef0=0.5, degree=4, gamma=0.01, kernel=poly; total time=   0.0s
[CV] END C=0.1, coef0=0.5, degree=4, gamma=0.01, kernel=poly; total time=   0.0s
[CV] END C=0.1, coef0=0.5, degree=4, gamma=0.01, kernel=poly; total time=   0.0s
[CV] END C=0.1, coef0=0.5, degree=4, gamma=0.01, kernel=poly; total time=   0.0s
[CV] END C=0.1, coef0=1.0, degree=3, gamma=0.01, kernel=poly; total time=   0.0s
[CV] END C=0.1, coef0=1.0, degree=3, gamma=0.01, kernel=poly; total time=   0.0s
[CV] END C=0.1, coef0=1.0, degree=3, gamma=0.01, kernel=poly; total time=   0.0s
[CV] END C=0.1, coef0=1.0, degree=3, gamma=0.01, kernel=poly; total time=   0.0s
[CV] END C=0.1, coef0=1.0, degree=3, gamma=0.01, kernel=poly; total time=   0.0s
[CV] END C=10, coef0=0.1, degree=3, gamma=0.001, kernel=poly; total time=   0.0s
[CV] END C=10, coef0=0.1, degree=3, gamma=0.001, kernel=poly; total time=   0.0s
[CV] END C=10, coef0=0.1, degree=3, gamma=0.001, kernel=poly; total time=   0.0s
[CV] END C=10, coef0=0.1, degree=3, gamma=0.001, kernel=poly; total time=   0.0s
[CV] END C=10, coef0=0.1, degree=3, gamma=0.001, kernel=poly; total time=   0.0s
[CV] END ...........C=10, coef0=0.1, gamma=1, kernel=sigmoid; total time=   0.0s
[CV] END ...........C=10, coef0=0.1, gamma=1, kernel=sigmoid; total time=   0.0s
[CV] END ...........C=10, coef0=0.1, gamma=1, kernel=sigmoid; total time=   0.0s
[CV] END ...........C=10, coef0=0.1, gamma=1, kernel=sigmoid; total time=   0.0s
[CV] END ...........C=10, coef0=0.1, gamma=1, kernel=sigmoid; total time=   0.0s
[CV] END ...C=100, coef0=0.5, degree=3, gamma=1, kernel=poly; total time=   0.0s
[CV] END ...C=100, coef0=0.5, degree=3, gamma=1, kernel=poly; total time=   0.0s
[CV] END ...C=100, coef0=0.5, degree=3, gamma=1, kernel=poly; total time=   0.0s
[CV] END ...C=100, coef0=0.5, degree=3, gamma=1, kernel=poly; total time=   0.0s
[CV] END ...C=100, coef0=0.5, degree=3, gamma=1, kernel=poly; total time=   0.0s
[CV] END ..C=1, coef0=0.0, degree=4, gamma=0.01, kernel=poly; total time=   0.0s
[CV] END ..C=1, coef0=0.0, degree=4, gamma=0.01, kernel=poly; total time=   0.0s
[CV] END ..C=1, coef0=0.0, degree=4, gamma=0.01, kernel=poly; total time=   0.0s
[CV] END ..C=1, coef0=0.0, degree=4, gamma=0.01, kernel=poly; total time=   0.0s
[CV] END ..C=1, coef0=0.0, degree=4, gamma=0.01, kernel=poly; total time=   0.0s
[CV] END ...C=100, coef0=0.1, degree=2, gamma=1, kernel=poly; total time=   0.0s
[CV] END ...C=100, coef0=0.1, degree=2, gamma=1, kernel=poly; total time=   0.0s
[CV] END ...C=100, coef0=0.1, degree=2, gamma=1, kernel=poly; total time=   0.0s
[CV] END ...C=100, coef0=0.1, degree=2, gamma=1, kernel=poly; total time=   0.0s
[CV] END ...C=100, coef0=0.1, degree=2, gamma=1, kernel=poly; total time=   0.0s
[CV] END ....C=10, coef0=0.0, degree=3, gamma=1, kernel=poly; total time=   0.0s
[CV] END ....C=10, coef0=0.0, degree=3, gamma=1, kernel=poly; total time=   0.0s
[CV] END ....C=10, coef0=0.0, degree=3, gamma=1, kernel=poly; total time=   0.0s
[CV] END ....C=10, coef0=0.0, degree=3, gamma=1, kernel=poly; total time=   0.0s
[CV] END ....C=10, coef0=0.0, degree=3, gamma=1, kernel=poly; total time=   0.0s
[CV] END ..C=10, coef0=0.5, degree=4, gamma=0.1, kernel=poly; total time=   0.0s
[CV] END ..C=10, coef0=0.5, degree=4, gamma=0.1, kernel=poly; total time=   0.0s
[CV] END ..C=10, coef0=0.5, degree=4, gamma=0.1, kernel=poly; total time=   0.0s
[CV] END ..C=10, coef0=0.5, degree=4, gamma=0.1, kernel=poly; total time=   0.0s
[CV] END ..C=10, coef0=0.5, degree=4, gamma=0.1, kernel=poly; total time=   0.0s
[CV] END ......C=0.1, coef0=1.0, gamma=0.001, kernel=sigmoid; total time=   0.0s
[CV] END ......C=0.1, coef0=1.0, gamma=0.001, kernel=sigmoid; total time=   0.0s
[CV] END ......C=0.1, coef0=1.0, gamma=0.001, kernel=sigmoid; total time=   0.0s
[CV] END ......C=0.1, coef0=1.0, gamma=0.001, kernel=sigmoid; total time=   0.0s
[CV] END ......C=0.1, coef0=1.0, gamma=0.001, kernel=sigmoid; total time=   0.0s
[CV] END .........C=1, coef0=0.0, gamma=0.01, kernel=sigmoid; total time=   0.0s
[CV] END .........C=1, coef0=0.0, gamma=0.01, kernel=sigmoid; total time=   0.0s
[CV] END .........C=1, coef0=0.0, gamma=0.01, kernel=sigmoid; total time=   0.0s
[CV] END .........C=1, coef0=0.0, gamma=0.01, kernel=sigmoid; total time=   0.0s
[CV] END .........C=1, coef0=0.0, gamma=0.01, kernel=sigmoid; total time=   0.0s
[CV] END ....C=10, coef0=0.5, degree=4, gamma=1, kernel=poly; total time=   0.0s
[CV] END ....C=10, coef0=0.5, degree=4, gamma=1, kernel=poly; total time=   0.0s
[CV] END ....C=10, coef0=0.5, degree=4, gamma=1, kernel=poly; total time=   0.0s
[CV] END ....C=10, coef0=0.5, degree=4, gamma=1, kernel=poly; total time=   0.0s
[CV] END ....C=10, coef0=0.5, degree=4, gamma=1, kernel=poly; total time=   0.0s
[CV] END ...C=0.1, coef0=0.1, degree=4, gamma=1, kernel=poly; total time=   0.0s
[CV] END ...C=0.1, coef0=0.1, degree=4, gamma=1, kernel=poly; total time=   0.0s
[CV] END ...C=0.1, coef0=0.1, degree=4, gamma=1, kernel=poly; total time=   0.0s
[CV] END ...C=0.1, coef0=0.1, degree=4, gamma=1, kernel=poly; total time=   0.0s
[CV] END ...C=0.1, coef0=0.1, degree=4, gamma=1, kernel=poly; total time=   0.0s
[CV] END .C=100, coef0=0.0, degree=2, gamma=0.1, kernel=poly; total time=   0.0s
[CV] END .C=100, coef0=0.0, degree=2, gamma=0.1, kernel=poly; total time=   0.0s
[CV] END .C=100, coef0=0.0, degree=2, gamma=0.1, kernel=poly; total time=   0.0s
[CV] END .C=100, coef0=0.0, degree=2, gamma=0.1, kernel=poly; total time=   0.0s
[CV] END .C=100, coef0=0.0, degree=2, gamma=0.1, kernel=poly; total time=   0.0s
[CV] END .C=100, coef0=0.1, degree=4, gamma=0.1, kernel=poly; total time=   0.0s
[CV] END .C=100, coef0=0.1, degree=4, gamma=0.1, kernel=poly; total time=   0.0s
[CV] END .C=100, coef0=0.1, degree=4, gamma=0.1, kernel=poly; total time=   0.0s
[CV] END .C=100, coef0=0.1, degree=4, gamma=0.1, kernel=poly; total time=   0.0s
[CV] END .C=100, coef0=0.1, degree=4, gamma=0.1, kernel=poly; total time=   0.0s
RandomizedSearchCV fitting completed.
Best Parameters Found: {'kernel': 'sigmoid', 'gamma': 1, 'coef0': 0.1, 'C': 10}
Starting RandomizedSearchCV fitting...
Fitting 5 folds for each of 50 candidates, totalling 250 fits
RandomizedSearchCV fitting completed.
Best Parameters Found: {'criterion': 'entropy', 'max_depth': np.int64(18), 'min_samples_leaf': 7, 'min_samples_split': 9}
Starting RandomizedSearchCV fitting...
Fitting 5 folds for each of 50 candidates, totalling 250 fits
RandomizedSearchCV fitting completed.
Best Parameters Found: {'activation': 'tanh', 'alpha': np.float64(0.00612101021687508), 'hidden_layer_sizes': (100,), 'learning_rate_init': np.float64(0.00657867754717656), 'solver': 'sgd'}
Classification report:
               precision    recall  f1-score   support

           0       0.82      0.78      0.80        18
           1       0.64      0.70      0.67        10

    accuracy                           0.75        28
   macro avg       0.73      0.74      0.73        28
weighted avg       0.76      0.75      0.75        28


=== Metrics for LogisticRegression ===

Per-Class Metrics:
  Control:
    Precision: 0.824
    Recall:    0.778
    F1 Score:  0.800
    Support:   18
  Autism:
    Precision: 0.636
    Recall:    0.700
    F1 Score:  0.667
    Support:   10

Overall Metrics:
  Specificity:          0.778
  Sensitivity:          0.700
  AUROC:                0.811
  Accuracy:             0.750
  Balanced Accuracy:    0.739
=====================================
